[INFO] ME(5919,7f3f51a913c0,python):2023-04-15-10:28:40.110.702 [mindspore/ccsrc/runtime/hardware/device_context_manager.cc:47] LoadDynamicLib] Load dynamic library: libmindspore_ascend.so failed. libge_runner.so: cannot open shared object file: No such file or directory
[INFO] ME(5919,7f3f51a913c0,python):2023-04-15-10:28:40.111.672 [mindspore/ccsrc/runtime/hardware/device_context_manager.cc:47] LoadDynamicLib] Load dynamic library: libmindspore_gpu.so.11.6 failed. libnvrtc.so.11.2: cannot open shared object file: No such file or directory
[INFO] ME(5919,7f3f51a913c0,python):2023-04-15-10:28:40.161.960 [mindspore/ccsrc/runtime/hardware/device_context_manager.cc:195] LoadPlugin] Load libmindspore_gpu plugin file /home/qiyijie/.conda/envs/mindspore/lib/python3.9/site-packages/mindspore/lib/plugin/libmindspore_gpu.so.11.1 success, skip loading other version.
[INFO] PIPELINE(5919,7f3f51a913c0,python):2023-04-15-10:28:40.180.902 [mindspore/ccsrc/pybind_api/ir/log_adapter_py.h:30] PyExceptionInitializer] Set exception handler
[INFO] CORE(5919,7f3f51a913c0,python):2023-04-15-10:28:40.248.254 [mindspore/core/utils/ms_context.cc:316] SetDeviceTargetFromInner] ms set context device target:GPU
[INFO] PARALLEL(5919,7f3f51a913c0,python):2023-04-15-10:28:40.248.307 [mindspore/ccsrc/frontend/parallel/costmodel_context.cc:30] GetInstance] Create costmodel_context
[INFO] ME(5919:139909929702336,MainProcess):2023-04-15-10:28:40.248.721 [mindspore/run_check/_check_version.py:537] Setting the env `PROTOCOL_BUFFERS_PYTHON_IMPLEMENTATION=python` to prevent memory overflow during save or load checkpoint file.
[INFO] PIPELINE(5919,7f3f51a913c0,python):2023-04-15-10:28:41.606.789 [mindspore/ccsrc/pipeline/jit/pipeline.cc:255] RecordInitStatus] Status record: system init.
[INFO] FEDERATED(5919,7f3f51a913c0,python):2023-04-15-10:28:41.684.509 [mindspore_federated/fl_arch/ccsrc/common/fl_context.cc:113] set_http_server_address] Http server address is:192.168.199.162:8020
[INFO] FEDERATED(5919,7f3f51a913c0,python):2023-04-15-10:28:41.704.813 [mindspore_federated/fl_arch/ccsrc/common/fl_context.cc:53] set_server_mode] Server mode: FEDERATED_LEARNING is used for Server and Worker. Scheduler will ignore it.
[INFO] FEDERATED(5919,7f3f51a913c0,python):2023-04-15-10:28:41.704.901 [mindspore_federated/fl_arch/ccsrc/common/core/yaml_config.cc:148] InitUnsupervisedConfig] cluster_client_num is 0, eval_type is NOT_EVAL
[INFO] FEDERATED(5919,7f3f51a913c0,python):2023-04-15-10:28:41.704.938 [mindspore_federated/fl_arch/ccsrc/common/core/yaml_config.cc:195] InitCompressionConfig] upload_compress_type is NO_COMPRESS, upload_sparse_rate is 0.4, download_compress_type is NO_COMPRESS
[INFO] FEDERATED(5919:139909929702336,MainProcess):2023-04-15-10:28:41.705.972 [mindspore_federated/startup/federated_local.py:304] Recovery ckpt files is: [].
[INFO] FEDERATED(5919,7f3f51a913c0,python):2023-04-15-10:28:41.706.338 [mindspore_federated/fl_arch/ccsrc/common/fl_context.cc:76] set_ms_role] MS_ROLE of this node is MS_SERVER
[INFO] FEDERATED(5919,7f3f51a913c0,python):2023-04-15-10:28:41.710.070 [mindspore_federated/fl_arch/ccsrc/common/communicator/tcp_server.cc:142] Init] The max connection is:10000
[INFO] FEDERATED(5919,7f3f51a913c0,python):2023-04-15-10:28:41.713.747 [mindspore_federated/fl_arch/ccsrc/common/communicator/tcp_client.cc:51] CreateBufferEvent] SSL is disable.
[INFO] FEDERATED(5919,7f3e639fd700,python):2023-04-15-10:28:41.713.934 [mindspore_federated/fl_arch/ccsrc/common/communicator/tcp_server.cc:264] ListenerCallbackInner] SSL is disable.
[INFO] FEDERATED(5919,7f3e639fd700,python):2023-04-15-10:28:41.713.983 [mindspore_federated/fl_arch/ccsrc/common/communicator/tcp_server.cc:300] ListenerCallbackInner] A client is connected, fd is 13
[INFO] FEDERATED(5919,7f3e51788700,python):2023-04-15-10:28:41.713.980 [mindspore_federated/fl_arch/ccsrc/common/communicator/tcp_client.cc:175] NotifyConnected] Client connected to the server! Peer Server ip: 192.168.199.162, port: 37027
[INFO] FEDERATED(5919,7f3e51788700,python):2023-04-15-10:28:41.714.020 [mindspore_federated/fl_arch/ccsrc/common/communicator/tcp_client.cc:208] EventCallbackInner] Client connected! Peer Server ip: 192.168.199.162, port: 37027
[INFO] FEDERATED(5919,7f3f51a913c0,python):2023-04-15-10:28:41.714.038 [mindspore_federated/fl_arch/ccsrc/common/core/abstract_node.cc:337] InitNodeInfo] The node role:SERVER is generate uuid is:192.168.199.162:37027::2023-04-15-10:28:41.714.022::69383, the ip:192.168.199.162, the port:37027
[INFO] FEDERATED(5919,7f3f51a913c0,python):2023-04-15-10:28:41.714.056 [mindspore_federated/fl_arch/ccsrc/server/server_node.cc:31] InitializeBeforeCache] [Server start]: Server node create tcp server successful!
[INFO] FEDERATED(5919,7f3f51a913c0,python):2023-04-15-10:28:41.714.079 [mindspore_federated/fl_arch/ccsrc/common/distributed_cache/redis/redis.cc:675] Init] Try connect to redis sever 127.0.0.1:23457, retry time in seconds 900
[INFO] FEDERATED(5919,7f3f51a913c0,python):2023-04-15-10:28:41.728.267 [mindspore_federated/fl_arch/ccsrc/common/distributed_cache/redis/redis.cc:689] Init] Connect to redis sever 127.0.0.1:23457 successfully
[INFO] FEDERATED(5919,7f3f51a913c0,python):2023-04-15-10:28:41.728.810 [mindspore_federated/fl_arch/ccsrc/common/distributed_cache/hyper_params.cc:245] SyncCache2Local] Sync hyper params from cache success
[INFO] FEDERATED(5919,7f3f51a913c0,python):2023-04-15-10:28:41.728.835 [mindspore_federated/fl_arch/ccsrc/common/distributed_cache/hyper_params.cc:89] SyncOnNewInstance] start_fl_job_threshold: 1
[INFO] FEDERATED(5919,7f3f51a913c0,python):2023-04-15-10:28:41.728.844 [mindspore_federated/fl_arch/ccsrc/common/distributed_cache/hyper_params.cc:90] SyncOnNewInstance] start_fl_job_time_window in ms: 30000000
[INFO] FEDERATED(5919,7f3f51a913c0,python):2023-04-15-10:28:41.728.857 [mindspore_federated/fl_arch/ccsrc/common/distributed_cache/hyper_params.cc:91] SyncOnNewInstance] update_model_ratio: 1
[INFO] FEDERATED(5919,7f3f51a913c0,python):2023-04-15-10:28:41.728.867 [mindspore_federated/fl_arch/ccsrc/common/distributed_cache/hyper_params.cc:92] SyncOnNewInstance] update_model_time_window in ms: 30000000
[INFO] FEDERATED(5919,7f3f51a913c0,python):2023-04-15-10:28:41.728.875 [mindspore_federated/fl_arch/ccsrc/common/distributed_cache/hyper_params.cc:93] SyncOnNewInstance] fl_iteration_num: 1000
[INFO] FEDERATED(5919,7f3f51a913c0,python):2023-04-15-10:28:41.728.882 [mindspore_federated/fl_arch/ccsrc/common/distributed_cache/hyper_params.cc:94] SyncOnNewInstance] client_epoch_num: 1
[INFO] FEDERATED(5919,7f3f51a913c0,python):2023-04-15-10:28:41.728.890 [mindspore_federated/fl_arch/ccsrc/common/distributed_cache/hyper_params.cc:95] SyncOnNewInstance] client_batch_size: 16
[INFO] FEDERATED(5919,7f3f51a913c0,python):2023-04-15-10:28:41.728.903 [mindspore_federated/fl_arch/ccsrc/common/distributed_cache/hyper_params.cc:96] SyncOnNewInstance] client_learning_rate: 1e-05
[INFO] FEDERATED(5919,7f3f51a913c0,python):2023-04-15-10:28:41.728.911 [mindspore_federated/fl_arch/ccsrc/common/distributed_cache/hyper_params.cc:97] SyncOnNewInstance] global_iteration_time_window in ms: 60000000
[INFO] FEDERATED(5919,7f3f51a913c0,python):2023-04-15-10:28:41.728.929 [mindspore_federated/fl_arch/ccsrc/common/distributed_cache/server.cc:140] LockCache] Begin to lock server
[INFO] FEDERATED(5919,7f3f51a913c0,python):2023-04-15-10:28:41.729.016 [mindspore_federated/fl_arch/ccsrc/common/distributed_cache/server.cc:165] LockCache] Lock server successfully
[INFO] FEDERATED(5919,7f3f51a913c0,python):2023-04-15-10:28:41.729.029 [mindspore_federated/fl_arch/ccsrc/server/server_node.cc:149] ServerPingPong] Begin ping all other servers
[INFO] FEDERATED(5919,7f3f51a913c0,python):2023-04-15-10:28:41.729.120 [mindspore_federated/fl_arch/ccsrc/server/server_node.cc:191] PingOneServer] Send ping message to 192.168.199.162:36927::2023-04-15-10:28:41.358.275::69383
[INFO] FEDERATED(5919,7f3f51a913c0,python):2023-04-15-10:28:41.736.159 [mindspore_federated/fl_arch/ccsrc/common/communicator/tcp_client.cc:51] CreateBufferEvent] SSL is disable.
[INFO] FEDERATED(5919,7f3e51788700,python):2023-04-15-10:28:41.736.286 [mindspore_federated/fl_arch/ccsrc/common/communicator/tcp_client.cc:175] NotifyConnected] Client connected to the server! Peer Server ip: 192.168.199.162, port: 36927
[INFO] FEDERATED(5919,7f3e51788700,python):2023-04-15-10:28:41.736.317 [mindspore_federated/fl_arch/ccsrc/common/communicator/tcp_client.cc:208] EventCallbackInner] Client connected! Peer Server ip: 192.168.199.162, port: 36927
[INFO] FEDERATED(5919,7f3e639fd700,python):2023-04-15-10:28:41.743.681 [mindspore_federated/fl_arch/ccsrc/common/communicator/tcp_server.cc:264] ListenerCallbackInner] SSL is disable.
[INFO] FEDERATED(5919,7f3e639fd700,python):2023-04-15-10:28:41.743.717 [mindspore_federated/fl_arch/ccsrc/common/communicator/tcp_server.cc:300] ListenerCallbackInner] A client is connected, fd is 19
[INFO] FEDERATED(5919,7f3e639fd700,python):2023-04-15-10:28:41.743.807 [mindspore_federated/fl_arch/ccsrc/server/server_node.cc:248] HandleServerPong] Receive pong message from 192.168.199.162:36927::2023-04-15-10:28:41.358.275::69383
[INFO] FEDERATED(5919,7f3f51a913c0,python):2023-04-15-10:28:41.743.999 [mindspore_federated/fl_arch/ccsrc/server/server_node.cc:169] ServerPingPong] Success receive pong message from servers: [192.168.199.162:36927::2023-04-15-10:28:41.358.275::69383]
[INFO] FEDERATED(5919,7f3f51a913c0,python):2023-04-15-10:28:41.744.025 [mindspore_federated/fl_arch/ccsrc/common/fl_context.cc:105] GenerateResetterRound] Server context is 2. Resetter round is 1
[INFO] FEDERATED(5919,7f3f51a913c0,python):2023-04-15-10:28:41.744.037 [mindspore_federated/fl_arch/ccsrc/common/core/abstract_node.cc:220] GetOrCreateTcpComm] Create Tcp communicator.
[INFO] FEDERATED(5919,7f3f51a913c0,python):2023-04-15-10:28:41.747.625 [mindspore_federated/fl_arch/ccsrc/common/core/abstract_node.cc:208] GetOrCreateHttpComm] Create Http communicator.
[INFO] FEDERATED(5919,7f3f51a913c0,python):2023-04-15-10:28:41.748.171 [mindspore_federated/fl_arch/ccsrc/common/distributed_cache/model_info.cc:103] SyncCache2Local] Sync model info from cache success
[INFO] FEDERATED(5919,7f3f51a913c0,python):2023-04-15-10:28:41.748.227 [mindspore_federated/fl_arch/ccsrc/server/server_node.cc:267] GetModelWeight] Begin get model weight of iteration 0 from other servers
[INFO] FEDERATED(5919,7f3f51a913c0,python):2023-04-15-10:28:41.800.093 [mindspore_federated/fl_arch/ccsrc/server/server_node.cc:317] GetModelWeight] Success to get model weight of iteration 0 from other servers, model size: 16324104
[INFO] FEDERATED(5919,7f3f51a913c0,python):2023-04-15-10:28:41.809.306 [mindspore_federated/fl_arch/ccsrc/server/model_store.cc:30] Initialize] Latest iteration num is 0
[INFO] FEDERATED(5919,7f3f51a913c0,python):2023-04-15-10:28:41.816.736 [mindspore_federated/fl_arch/ccsrc/server/model_store.cc:84] InitModel] Aggregate Weight full name is embedding_postprocessor.embedding_table, weight byte size is 1024
[INFO] FEDERATED(5919,7f3f51a913c0,python):2023-04-15-10:28:41.816.826 [mindspore_federated/fl_arch/ccsrc/server/model_store.cc:84] InitModel] Aggregate Weight full name is embedding_postprocessor.full_position_embeddings, weight byte size is 262144
[INFO] FEDERATED(5919,7f3f51a913c0,python):2023-04-15-10:28:41.816.840 [mindspore_federated/fl_arch/ccsrc/server/model_store.cc:84] InitModel] Aggregate Weight full name is embedding_postprocessor.layernorm.beta, weight byte size is 512
[INFO] FEDERATED(5919,7f3f51a913c0,python):2023-04-15-10:28:41.816.849 [mindspore_federated/fl_arch/ccsrc/server/model_store.cc:84] InitModel] Aggregate Weight full name is embedding_postprocessor.layernorm.gamma, weight byte size is 512
[INFO] FEDERATED(5919,7f3f51a913c0,python):2023-04-15-10:28:41.816.860 [mindspore_federated/fl_arch/ccsrc/server/model_store.cc:84] InitModel] Aggregate Weight full name is encoder.albert_layer_groups.0.albert_layers.0.attention.attention.key.bias, weight byte size is 1248
[INFO] FEDERATED(5919,7f3f51a913c0,python):2023-04-15-10:28:41.816.942 [mindspore_federated/fl_arch/ccsrc/server/model_store.cc:84] InitModel] Aggregate Weight full name is encoder.albert_layer_groups.0.albert_layers.0.attention.attention.key.weight, weight byte size is 389376
[INFO] FEDERATED(5919,7f3f51a913c0,python):2023-04-15-10:28:41.816.967 [mindspore_federated/fl_arch/ccsrc/server/model_store.cc:84] InitModel] Aggregate Weight full name is encoder.albert_layer_groups.0.albert_layers.0.attention.attention.query.bias, weight byte size is 1248
[INFO] FEDERATED(5919,7f3f51a913c0,python):2023-04-15-10:28:41.817.051 [mindspore_federated/fl_arch/ccsrc/server/model_store.cc:84] InitModel] Aggregate Weight full name is encoder.albert_layer_groups.0.albert_layers.0.attention.attention.query.weight, weight byte size is 389376
[INFO] FEDERATED(5919,7f3f51a913c0,python):2023-04-15-10:28:41.817.063 [mindspore_federated/fl_arch/ccsrc/server/model_store.cc:84] InitModel] Aggregate Weight full name is encoder.albert_layer_groups.0.albert_layers.0.attention.attention.value.bias, weight byte size is 1248
[INFO] FEDERATED(5919,7f3f51a913c0,python):2023-04-15-10:28:41.817.137 [mindspore_federated/fl_arch/ccsrc/server/model_store.cc:84] InitModel] Aggregate Weight full name is encoder.albert_layer_groups.0.albert_layers.0.attention.attention.value.weight, weight byte size is 389376
[INFO] FEDERATED(5919,7f3f51a913c0,python):2023-04-15-10:28:41.817.148 [mindspore_federated/fl_arch/ccsrc/server/model_store.cc:84] InitModel] Aggregate Weight full name is encoder.albert_layer_groups.0.albert_layers.0.attention.output.dense.bias, weight byte size is 1248
[INFO] FEDERATED(5919,7f3f51a913c0,python):2023-04-15-10:28:41.817.225 [mindspore_federated/fl_arch/ccsrc/server/model_store.cc:84] InitModel] Aggregate Weight full name is encoder.albert_layer_groups.0.albert_layers.0.attention.output.dense.weight, weight byte size is 389376
[INFO] FEDERATED(5919,7f3f51a913c0,python):2023-04-15-10:28:41.817.237 [mindspore_federated/fl_arch/ccsrc/server/model_store.cc:84] InitModel] Aggregate Weight full name is encoder.albert_layer_groups.0.albert_layers.0.attention.output.layernorm.beta, weight byte size is 1248
[INFO] FEDERATED(5919,7f3f51a913c0,python):2023-04-15-10:28:41.817.245 [mindspore_federated/fl_arch/ccsrc/server/model_store.cc:84] InitModel] Aggregate Weight full name is encoder.albert_layer_groups.0.albert_layers.0.attention.output.layernorm.gamma, weight byte size is 1248
[INFO] FEDERATED(5919,7f3f51a913c0,python):2023-04-15-10:28:41.817.258 [mindspore_federated/fl_arch/ccsrc/server/model_store.cc:84] InitModel] Aggregate Weight full name is encoder.albert_layer_groups.0.albert_layers.0.ffn.bias, weight byte size is 4992
[INFO] FEDERATED(5919,7f3f51a913c0,python):2023-04-15-10:28:41.817.547 [mindspore_federated/fl_arch/ccsrc/server/model_store.cc:84] InitModel] Aggregate Weight full name is encoder.albert_layer_groups.0.albert_layers.0.ffn.weight, weight byte size is 1557504
[INFO] FEDERATED(5919,7f3f51a913c0,python):2023-04-15-10:28:41.817.567 [mindspore_federated/fl_arch/ccsrc/server/model_store.cc:84] InitModel] Aggregate Weight full name is encoder.albert_layer_groups.0.albert_layers.0.ffn_output.bias, weight byte size is 1248
[INFO] FEDERATED(5919,7f3f51a913c0,python):2023-04-15-10:28:41.817.858 [mindspore_federated/fl_arch/ccsrc/server/model_store.cc:84] InitModel] Aggregate Weight full name is encoder.albert_layer_groups.0.albert_layers.0.ffn_output.weight, weight byte size is 1557504
[INFO] FEDERATED(5919,7f3f51a913c0,python):2023-04-15-10:28:41.817.876 [mindspore_federated/fl_arch/ccsrc/server/model_store.cc:84] InitModel] Aggregate Weight full name is encoder.albert_layer_groups.0.albert_layers.0.full_layer_layer_norm.beta, weight byte size is 1248
[INFO] FEDERATED(5919,7f3f51a913c0,python):2023-04-15-10:28:41.817.885 [mindspore_federated/fl_arch/ccsrc/server/model_store.cc:84] InitModel] Aggregate Weight full name is encoder.albert_layer_groups.0.albert_layers.0.full_layer_layer_norm.gamma, weight byte size is 1248
[INFO] FEDERATED(5919,7f3f51a913c0,python):2023-04-15-10:28:41.817.894 [mindspore_federated/fl_arch/ccsrc/server/model_store.cc:84] InitModel] Aggregate Weight full name is encoder.embedding_hidden_mapping_in.bias, weight byte size is 1248
[INFO] FEDERATED(5919,7f3f51a913c0,python):2023-04-15-10:28:41.817.941 [mindspore_federated/fl_arch/ccsrc/server/model_store.cc:84] InitModel] Aggregate Weight full name is encoder.embedding_hidden_mapping_in.weight, weight byte size is 159744
[INFO] FEDERATED(5919,7f3f51a913c0,python):2023-04-15-10:28:41.817.953 [mindspore_federated/fl_arch/ccsrc/server/model_store.cc:84] InitModel] Aggregate Weight full name is pooler.bias, weight byte size is 1248
[INFO] FEDERATED(5919,7f3f51a913c0,python):2023-04-15-10:28:41.818.034 [mindspore_federated/fl_arch/ccsrc/server/model_store.cc:84] InitModel] Aggregate Weight full name is pooler.weight, weight byte size is 389376
[INFO] FEDERATED(5919,7f3f51a913c0,python):2023-04-15-10:28:41.819.902 [mindspore_federated/fl_arch/ccsrc/server/model_store.cc:84] InitModel] Aggregate Weight full name is word_embeddings.embedding_table, weight byte size is 10817536
[INFO] FEDERATED(5919,7f3f51a913c0,python):2023-04-15-10:28:41.930.993 [mindspore_federated/fl_arch/ccsrc/server/model_store.cc:339] AssignNewCompressModelMemory] Register compressWeight for compressType: QUANT
[INFO] FEDERATED(5919,7f3f51a913c0,python):2023-04-15-10:28:41.938.628 [mindspore_federated/fl_arch/ccsrc/server/model_store.cc:43] Initialize] Model store checkpoint dir is: /home/qiyijie/git_projects/mindspore/federated/example/cross_device_albert2/./fl_ckpt/
[INFO] FEDERATED(5919,7f3f51a913c0,python):2023-04-15-10:28:41.946.840 [mindspore_federated/fl_arch/ccsrc/server/server.cc:607] SyncAndInitModel] Load model success: The model synced from other servers is used as the model of iteration 0
[INFO] FEDERATED(5919,7f3f51a913c0,python):2023-04-15-10:28:41.950.485 [mindspore_federated/fl_arch/ccsrc/server/server.cc:158] InitRoundConfigs] Initializing cipher:
[INFO] FEDERATED(5919,7f3f51a913c0,python):2023-04-15-10:28:41.950.577 [mindspore_federated/fl_arch/ccsrc/server/server.cc:159] InitRoundConfigs]  exchange_keys_threshold: 1 get_keys_threshold: 1 share_secrets_threshold: 1
[INFO] FEDERATED(5919,7f3f51a913c0,python):2023-04-15-10:28:41.950.605 [mindspore_federated/fl_arch/ccsrc/server/server.cc:162] InitRoundConfigs]  get_secrets_threshold: 1 get_client_list_threshold: 2 push_list_sign_threshold: 2 get_list_sign_threshold: 2 minimum_clients_for_reconstruct: 2 minimum_secret_shares_for_reconstruct: 1 cipher_time_window: 1
[INFO] FEDERATED(5919,7f3f51a913c0,python):2023-04-15-10:28:41.950.639 [mindspore_federated/fl_arch/ccsrc/server/iteration.cc:64] InitIteration] Time window for one iteration is 60000000
[INFO] FEDERATED(5919,7f3f51a913c0,python):2023-04-15-10:28:41.950.665 [mindspore_federated/fl_arch/ccsrc/server/iteration.cc:69] InitIteration] Add round startFLJob, check_timeout: 1, time window: 30000000, check_count: 1, threshold: 1
[INFO] FEDERATED(5919,7f3f51a913c0,python):2023-04-15-10:28:41.950.689 [mindspore_federated/fl_arch/ccsrc/server/round.cc:55] Initialize] Round startFLJob start initialize.
[INFO] FEDERATED(5919,7f3f51a913c0,python):2023-04-15-10:28:41.950.716 [mindspore_federated/fl_arch/ccsrc/common/distributed_cache/timer.cc:157] RegisterTimer] Register timer for startFLJob, time length in seconds: 30000
[INFO] FEDERATED(5919,7f3f51a913c0,python):2023-04-15-10:28:41.950.742 [mindspore_federated/fl_arch/ccsrc/common/distributed_cache/counter.cc:46] RegisterCounter] Register counter for startFLJob, threshold: 1
[INFO] FEDERATED(5919,7f3f51a913c0,python):2023-04-15-10:28:41.950.767 [mindspore_federated/fl_arch/ccsrc/server/round.cc:49] RegisterMsgCallBack] Round startFLJob register message callback.
[INFO] FEDERATED(5919,7f3f51a913c0,python):2023-04-15-10:28:41.950.790 [mindspore_federated/fl_arch/ccsrc/common/communicator/tcp_communicator.cc:52] RegisterRoundMsgCallback] msg_type is: startFLJob
[INFO] FEDERATED(5919,7f3f51a913c0,python):2023-04-15-10:28:41.950.814 [mindspore_federated/fl_arch/ccsrc/server/round.cc:49] RegisterMsgCallBack] Round startFLJob register message callback.
[INFO] FEDERATED(5919,7f3f51a913c0,python):2023-04-15-10:28:41.950.837 [mindspore_federated/fl_arch/ccsrc/common/communicator/http_communicator.cc:23] RegisterRoundMsgCallback] msg_type is: startFLJob
[INFO] FEDERATED(5919,7f3f51a913c0,python):2023-04-15-10:28:41.951.721 [mindspore_federated/fl_arch/ccsrc/common/communicator/http_server.cc:111] RegisterRoute] request handler http url is: http://192.168.199.162:8020/startFLJob
[INFO] FEDERATED(5919,7f3f51a913c0,python):2023-04-15-10:28:41.951.795 [mindspore_federated/fl_arch/ccsrc/server/iteration.cc:69] InitIteration] Add round updateModel, check_timeout: 1, time window: 30000000, check_count: 1, threshold: 1
[INFO] FEDERATED(5919,7f3f51a913c0,python):2023-04-15-10:28:41.951.823 [mindspore_federated/fl_arch/ccsrc/server/round.cc:55] Initialize] Round updateModel start initialize.
[INFO] FEDERATED(5919,7f3f51a913c0,python):2023-04-15-10:28:41.951.848 [mindspore_federated/fl_arch/ccsrc/common/distributed_cache/timer.cc:157] RegisterTimer] Register timer for updateModel, time length in seconds: 30000
[INFO] FEDERATED(5919,7f3f51a913c0,python):2023-04-15-10:28:41.951.887 [mindspore_federated/fl_arch/ccsrc/common/distributed_cache/counter.cc:66] RegisterPerServerCounter] Register counter(total count of all valid servers) for updateModel, threshold: 1
[INFO] FEDERATED(5919,7f3f51a913c0,python):2023-04-15-10:28:41.951.911 [mindspore_federated/fl_arch/ccsrc/server/round.cc:49] RegisterMsgCallBack] Round updateModel register message callback.
[INFO] FEDERATED(5919,7f3f51a913c0,python):2023-04-15-10:28:41.951.935 [mindspore_federated/fl_arch/ccsrc/common/communicator/tcp_communicator.cc:52] RegisterRoundMsgCallback] msg_type is: updateModel
[INFO] FEDERATED(5919,7f3f51a913c0,python):2023-04-15-10:28:41.951.960 [mindspore_federated/fl_arch/ccsrc/server/round.cc:49] RegisterMsgCallBack] Round updateModel register message callback.
[INFO] FEDERATED(5919,7f3f51a913c0,python):2023-04-15-10:28:41.951.984 [mindspore_federated/fl_arch/ccsrc/common/communicator/http_communicator.cc:23] RegisterRoundMsgCallback] msg_type is: updateModel
[INFO] FEDERATED(5919,7f3f51a913c0,python):2023-04-15-10:28:41.952.782 [mindspore_federated/fl_arch/ccsrc/common/communicator/http_server.cc:111] RegisterRoute] request handler http url is: http://192.168.199.162:8020/updateModel
[INFO] FEDERATED(5919,7f3f51a913c0,python):2023-04-15-10:28:41.952.811 [mindspore_federated/fl_arch/ccsrc/common/distributed_cache/counter.cc:66] RegisterPerServerCounter] Register counter(total count of all valid servers) for count_for_aggregation, threshold: 1
[INFO] FEDERATED(5919,7f3f51a913c0,python):2023-04-15-10:28:41.952.827 [mindspore_federated/fl_arch/ccsrc/server/iteration.cc:69] InitIteration] Add round getModel, check_timeout: 0, time window: 3000, check_count: 0, threshold: 0
[INFO] FEDERATED(5919,7f3f51a913c0,python):2023-04-15-10:28:41.952.841 [mindspore_federated/fl_arch/ccsrc/server/round.cc:55] Initialize] Round getModel start initialize.
[INFO] FEDERATED(5919,7f3f51a913c0,python):2023-04-15-10:28:41.952.848 [mindspore_federated/fl_arch/ccsrc/server/round.cc:49] RegisterMsgCallBack] Round getModel register message callback.
[INFO] FEDERATED(5919,7f3f51a913c0,python):2023-04-15-10:28:41.952.856 [mindspore_federated/fl_arch/ccsrc/common/communicator/tcp_communicator.cc:52] RegisterRoundMsgCallback] msg_type is: getModel
[INFO] FEDERATED(5919,7f3f51a913c0,python):2023-04-15-10:28:41.952.871 [mindspore_federated/fl_arch/ccsrc/server/round.cc:49] RegisterMsgCallBack] Round getModel register message callback.
[INFO] FEDERATED(5919,7f3f51a913c0,python):2023-04-15-10:28:41.952.879 [mindspore_federated/fl_arch/ccsrc/common/communicator/http_communicator.cc:23] RegisterRoundMsgCallback] msg_type is: getModel
[INFO] FEDERATED(5919,7f3f51a913c0,python):2023-04-15-10:28:41.953.702 [mindspore_federated/fl_arch/ccsrc/common/communicator/http_server.cc:111] RegisterRoute] request handler http url is: http://192.168.199.162:8020/getModel
[INFO] FEDERATED(5919,7f3f51a913c0,python):2023-04-15-10:28:41.953.750 [mindspore_federated/fl_arch/ccsrc/server/iteration.cc:69] InitIteration] Add round pullWeight, check_timeout: 0, time window: 3000, check_count: 0, threshold: 0
[INFO] FEDERATED(5919,7f3f51a913c0,python):2023-04-15-10:28:41.953.769 [mindspore_federated/fl_arch/ccsrc/server/round.cc:55] Initialize] Round pullWeight start initialize.
[INFO] FEDERATED(5919,7f3f51a913c0,python):2023-04-15-10:28:41.953.776 [mindspore_federated/fl_arch/ccsrc/server/round.cc:49] RegisterMsgCallBack] Round pullWeight register message callback.
[INFO] FEDERATED(5919,7f3f51a913c0,python):2023-04-15-10:28:41.953.784 [mindspore_federated/fl_arch/ccsrc/common/communicator/tcp_communicator.cc:52] RegisterRoundMsgCallback] msg_type is: pullWeight
[INFO] FEDERATED(5919,7f3f51a913c0,python):2023-04-15-10:28:41.953.793 [mindspore_federated/fl_arch/ccsrc/server/round.cc:49] RegisterMsgCallBack] Round pullWeight register message callback.
[INFO] FEDERATED(5919,7f3f51a913c0,python):2023-04-15-10:28:41.953.802 [mindspore_federated/fl_arch/ccsrc/common/communicator/http_communicator.cc:23] RegisterRoundMsgCallback] msg_type is: pullWeight
[INFO] FEDERATED(5919,7f3f51a913c0,python):2023-04-15-10:28:41.954.615 [mindspore_federated/fl_arch/ccsrc/common/communicator/http_server.cc:111] RegisterRoute] request handler http url is: http://192.168.199.162:8020/pullWeight
[INFO] FEDERATED(5919,7f3f51a913c0,python):2023-04-15-10:28:41.954.644 [mindspore_federated/fl_arch/ccsrc/server/iteration.cc:69] InitIteration] Add round pushWeight, check_timeout: 0, time window: 3000, check_count: 0, threshold: 1
[INFO] FEDERATED(5919,7f3f51a913c0,python):2023-04-15-10:28:41.954.655 [mindspore_federated/fl_arch/ccsrc/server/round.cc:55] Initialize] Round pushWeight start initialize.
[INFO] FEDERATED(5919,7f3f51a913c0,python):2023-04-15-10:28:41.954.662 [mindspore_federated/fl_arch/ccsrc/server/round.cc:49] RegisterMsgCallBack] Round pushWeight register message callback.
[INFO] FEDERATED(5919,7f3f51a913c0,python):2023-04-15-10:28:41.954.670 [mindspore_federated/fl_arch/ccsrc/common/communicator/tcp_communicator.cc:52] RegisterRoundMsgCallback] msg_type is: pushWeight
[INFO] FEDERATED(5919,7f3f51a913c0,python):2023-04-15-10:28:41.954.681 [mindspore_federated/fl_arch/ccsrc/server/round.cc:49] RegisterMsgCallBack] Round pushWeight register message callback.
[INFO] FEDERATED(5919,7f3f51a913c0,python):2023-04-15-10:28:41.954.688 [mindspore_federated/fl_arch/ccsrc/common/communicator/http_communicator.cc:23] RegisterRoundMsgCallback] msg_type is: pushWeight
[INFO] FEDERATED(5919,7f3f51a913c0,python):2023-04-15-10:28:41.955.484 [mindspore_federated/fl_arch/ccsrc/common/communicator/http_server.cc:111] RegisterRoute] request handler http url is: http://192.168.199.162:8020/pushWeight
[INFO] FEDERATED(5919,7f3f51a913c0,python):2023-04-15-10:28:41.955.511 [mindspore_federated/fl_arch/ccsrc/server/iteration.cc:69] InitIteration] Add round pushMetrics, check_timeout: 0, time window: 3000, check_count: 1, threshold: 1
[INFO] FEDERATED(5919,7f3f51a913c0,python):2023-04-15-10:28:41.955.522 [mindspore_federated/fl_arch/ccsrc/server/round.cc:55] Initialize] Round pushMetrics start initialize.
[INFO] FEDERATED(5919,7f3f51a913c0,python):2023-04-15-10:28:41.955.531 [mindspore_federated/fl_arch/ccsrc/common/distributed_cache/counter.cc:46] RegisterCounter] Register counter for pushMetrics, threshold: 1
[INFO] FEDERATED(5919,7f3f51a913c0,python):2023-04-15-10:28:41.955.541 [mindspore_federated/fl_arch/ccsrc/server/round.cc:49] RegisterMsgCallBack] Round pushMetrics register message callback.
[INFO] FEDERATED(5919,7f3f51a913c0,python):2023-04-15-10:28:41.955.548 [mindspore_federated/fl_arch/ccsrc/common/communicator/tcp_communicator.cc:52] RegisterRoundMsgCallback] msg_type is: pushMetrics
[INFO] FEDERATED(5919,7f3f51a913c0,python):2023-04-15-10:28:41.955.560 [mindspore_federated/fl_arch/ccsrc/server/round.cc:49] RegisterMsgCallBack] Round pushMetrics register message callback.
[INFO] FEDERATED(5919,7f3f51a913c0,python):2023-04-15-10:28:41.955.568 [mindspore_federated/fl_arch/ccsrc/common/communicator/http_communicator.cc:23] RegisterRoundMsgCallback] msg_type is: pushMetrics
[INFO] FEDERATED(5919,7f3f51a913c0,python):2023-04-15-10:28:41.956.239 [mindspore_federated/fl_arch/ccsrc/common/communicator/http_server.cc:111] RegisterRoute] request handler http url is: http://192.168.199.162:8020/pushMetrics
[INFO] FEDERATED(5919,7f3f51a913c0,python):2023-04-15-10:28:41.956.302 [mindspore_federated/fl_arch/ccsrc/common/distributed_cache/timer.cc:157] RegisterTimer] Register timer for globalTimer, time length in seconds: 60000
[WARNING] FEDERATED(5919,7f3f51a913c0,python):2023-04-15-10:28:41.956.332 [mindspore_federated/fl_arch/ccsrc/server/iteration.cc:91] InitIteration] instance name is empty
[INFO] FEDERATED(5919,7f3f51a913c0,python):2023-04-15-10:28:41.956.362 [mindspore_federated/fl_arch/ccsrc/server/iteration.cc:530] InitConfig] Create Directory :.. success.
[INFO] FEDERATED(5919,7f3f51a913c0,python):2023-04-15-10:28:41.956.381 [mindspore_federated/fl_arch/ccsrc/server/iteration.cc:328] InitEventTxtFile] Create Directory :event.txt success.
[INFO] FEDERATED(5919,7f3f51a913c0,python):2023-04-15-10:28:41.956.467 [mindspore_federated/fl_arch/ccsrc/server/server_node.cc:35] Start] [Server start]: The node role:SERVER the node id:192.168.199.162:37027::2023-04-15-10:28:41.714.022::69383 start communicator and http server!
[INFO] FEDERATED(5919,7f3f51a913c0,python):2023-04-15-10:28:41.956.628 [mindspore_federated/fl_arch/ccsrc/common/core/abstract_node.cc:277] StartHttpServer] Initialize http server IP:192.168.199.162, PORT:8020
[INFO] FEDERATED(5919,7f3f51a913c0,python):2023-04-15-10:28:41.960.201 [mindspore_federated/fl_arch/ccsrc/common/communicator/http_server.cc:77] InitServer] Bind ip:192.168.199.162 port:8020 successful!
[INFO] FEDERATED(5919,7f3f51a913c0,python):2023-04-15-10:28:41.960.227 [mindspore_federated/fl_arch/ccsrc/common/communicator/http_server.cc:122] Start] Start http server!
[INFO] FEDERATED(5919,7f3f51a913c0,python):2023-04-15-10:28:41.960.272 [mindspore_federated/fl_arch/ccsrc/common/communicator/http_request_handler.cc:87] Initialize] Ev http register handle of: [/pushMetrics, /getModel, /pushWeight, /updateModel, /pullWeight, /startFLJob] success.
[INFO] FEDERATED(5919,7f3f51a913c0,python):2023-04-15-10:28:41.960.363 [mindspore_federated/fl_arch/ccsrc/common/communicator/http_request_handler.cc:87] Initialize] Ev http register handle of: [/pushMetrics, /getModel, /pushWeight, /updateModel, /pullWeight, /startFLJob] success.
[INFO] FEDERATED(5919,7f3f51a913c0,python):2023-04-15-10:28:41.960.416 [mindspore_federated/fl_arch/ccsrc/common/communicator/http_request_handler.cc:87] Initialize] Ev http register handle of: [/pushMetrics, /getModel, /pushWeight, /updateModel, /pullWeight, /startFLJob] success.
[INFO] FEDERATED(5919,7f3e490da700,python):2023-04-15-10:28:41.960.457 [mindspore_federated/fl_arch/ccsrc/common/communicator/http_request_handler.cc:92] Run] Start http server!
[INFO] FEDERATED(5919,7f3f51a913c0,python):2023-04-15-10:28:41.960.476 [mindspore_federated/fl_arch/ccsrc/common/communicator/http_request_handler.cc:87] Initialize] Ev http register handle of: [/pushMetrics, /getModel, /pushWeight, /updateModel, /pullWeight, /startFLJob] success.
[INFO] FEDERATED(5919,7f3e488d9700,python):2023-04-15-10:28:41.960.528 [mindspore_federated/fl_arch/ccsrc/common/communicator/http_request_handler.cc:92] Run] Start http server!
[INFO] FEDERATED(5919,7f3f51a913c0,python):2023-04-15-10:28:41.960.543 [mindspore_federated/fl_arch/ccsrc/common/communicator/http_request_handler.cc:87] Initialize] Ev http register handle of: [/pushMetrics, /getModel, /pushWeight, /updateModel, /pullWeight, /startFLJob] success.
[INFO] FEDERATED(5919,7f3e3ffff700,python):2023-04-15-10:28:41.960.574 [mindspore_federated/fl_arch/ccsrc/common/communicator/http_request_handler.cc:92] Run] Start http server!
[INFO] FEDERATED(5919,7f3e498db700,python):2023-04-15-10:28:41.960.602 [mindspore_federated/fl_arch/ccsrc/common/communicator/http_request_handler.cc:92] Run] Start http server!
[INFO] FEDERATED(5919,7f3f51a913c0,python):2023-04-15-10:28:41.960.628 [mindspore_federated/fl_arch/ccsrc/common/communicator/http_request_handler.cc:87] Initialize] Ev http register handle of: [/pushMetrics, /getModel, /pushWeight, /updateModel, /pullWeight, /startFLJob] success.
[INFO] FEDERATED(5919,7f3e3f7fe700,python):2023-04-15-10:28:41.960.664 [mindspore_federated/fl_arch/ccsrc/common/communicator/http_request_handler.cc:92] Run] Start http server!
[INFO] FEDERATED(5919,7f3f51a913c0,python):2023-04-15-10:28:41.960.682 [mindspore_federated/fl_arch/ccsrc/common/communicator/http_request_handler.cc:87] Initialize] Ev http register handle of: [/pushMetrics, /getModel, /pushWeight, /updateModel, /pullWeight, /startFLJob] success.
[INFO] FEDERATED(5919,7f3e3effd700,python):2023-04-15-10:28:41.960.712 [mindspore_federated/fl_arch/ccsrc/common/communicator/http_request_handler.cc:92] Run] Start http server!
[INFO] FEDERATED(5919,7f3f51a913c0,python):2023-04-15-10:28:41.960.734 [mindspore_federated/fl_arch/ccsrc/common/communicator/http_request_handler.cc:87] Initialize] Ev http register handle of: [/pushMetrics, /getModel, /pushWeight, /updateModel, /pullWeight, /startFLJob] success.
[INFO] FEDERATED(5919,7f3e3e7fc700,python):2023-04-15-10:28:41.960.759 [mindspore_federated/fl_arch/ccsrc/common/communicator/http_request_handler.cc:92] Run] Start http server!
[INFO] FEDERATED(5919,7f3f51a913c0,python):2023-04-15-10:28:41.960.782 [mindspore_federated/fl_arch/ccsrc/common/communicator/http_request_handler.cc:87] Initialize] Ev http register handle of: [/pushMetrics, /getModel, /pushWeight, /updateModel, /pullWeight, /startFLJob] success.
[INFO] FEDERATED(5919,7f3e3dffb700,python):2023-04-15-10:28:41.960.815 [mindspore_federated/fl_arch/ccsrc/common/communicator/http_request_handler.cc:92] Run] Start http server!
[INFO] FEDERATED(5919,7f3f51a913c0,python):2023-04-15-10:28:41.960.838 [mindspore_federated/fl_arch/ccsrc/common/communicator/http_request_handler.cc:87] Initialize] Ev http register handle of: [/pushMetrics, /getModel, /pushWeight, /updateModel, /pullWeight, /startFLJob] success.
[INFO] FEDERATED(5919,7f3e3d7fa700,python):2023-04-15-10:28:41.960.862 [mindspore_federated/fl_arch/ccsrc/common/communicator/http_request_handler.cc:92] Run] Start http server!
[INFO] FEDERATED(5919,7f3e3cff9700,python):2023-04-15-10:28:41.960.906 [mindspore_federated/fl_arch/ccsrc/common/communicator/http_request_handler.cc:92] Run] Start http server!
[INFO] FEDERATED(5919,7f3f51a913c0,python):2023-04-15-10:28:42.012.600 [mindspore_federated/fl_arch/ccsrc/common/communicator/http_request_handler.cc:87] Initialize] Ev http register handle of: [/pushMetrics, /getModel, /pushWeight, /updateModel, /pullWeight, /startFLJob] success.
[INFO] FEDERATED(5919,7f3f51a913c0,python):2023-04-15-10:28:42.012.768 [mindspore_federated/fl_arch/ccsrc/common/communicator/http_request_handler.cc:87] Initialize] Ev http register handle of: [/pushMetrics, /getModel, /pushWeight, /updateModel, /pullWeight, /startFLJob] success.
[INFO] FEDERATED(5919,7f3e17fff700,python):2023-04-15-10:28:42.012.807 [mindspore_federated/fl_arch/ccsrc/common/communicator/http_request_handler.cc:92] Run] Start http server!
[INFO] FEDERATED(5919,7f3f51a913c0,python):2023-04-15-10:28:42.012.848 [mindspore_federated/fl_arch/ccsrc/common/communicator/http_request_handler.cc:87] Initialize] Ev http register handle of: [/pushMetrics, /getModel, /pushWeight, /updateModel, /pullWeight, /startFLJob] success.
[INFO] FEDERATED(5919,7f3f51a913c0,python):2023-04-15-10:28:42.012.931 [mindspore_federated/fl_arch/ccsrc/common/communicator/http_request_handler.cc:87] Initialize] Ev http register handle of: [/pushMetrics, /getModel, /pushWeight, /updateModel, /pullWeight, /startFLJob] success.
[INFO] FEDERATED(5919,7f3e177fe700,python):2023-04-15-10:28:42.012.923 [mindspore_federated/fl_arch/ccsrc/common/communicator/http_request_handler.cc:92] Run] Start http server!
[INFO] FEDERATED(5919,7f3e16ffd700,python):2023-04-15-10:28:42.012.941 [mindspore_federated/fl_arch/ccsrc/common/communicator/http_request_handler.cc:92] Run] Start http server!
[INFO] FEDERATED(5919,7f3f51a913c0,python):2023-04-15-10:28:42.012.998 [mindspore_federated/fl_arch/ccsrc/common/communicator/http_request_handler.cc:87] Initialize] Ev http register handle of: [/pushMetrics, /getModel, /pushWeight, /updateModel, /pullWeight, /startFLJob] success.
[INFO] FEDERATED(5919,7f3e167fc700,python):2023-04-15-10:28:42.013.026 [mindspore_federated/fl_arch/ccsrc/common/communicator/http_request_handler.cc:92] Run] Start http server!
[INFO] FEDERATED(5919,7f3f51a913c0,python):2023-04-15-10:28:42.013.061 [mindspore_federated/fl_arch/ccsrc/common/communicator/http_request_handler.cc:87] Initialize] Ev http register handle of: [/pushMetrics, /getModel, /pushWeight, /updateModel, /pullWeight, /startFLJob] success.
[INFO] FEDERATED(5919,7f3f51a913c0,python):2023-04-15-10:28:42.013.097 [mindspore_federated/fl_arch/ccsrc/common/core/abstract_node.cc:281] StartHttpServer] Http communicator started.
[INFO] FEDERATED(5919,7f3e15ffb700,python):2023-04-15-10:28:42.013.094 [mindspore_federated/fl_arch/ccsrc/common/communicator/http_request_handler.cc:92] Run] Start http server!
[INFO] FEDERATED(5919,7f3f51a913c0,python):2023-04-15-10:28:42.013.113 [mindspore_federated/fl_arch/ccsrc/server/server_node.cc:39] Start] [Server start]: Successfully start server node!
[INFO] FEDERATED(5919,7f3e157fa700,python):2023-04-15-10:28:42.013.143 [mindspore_federated/fl_arch/ccsrc/common/communicator/http_request_handler.cc:92] Run] Start http server!
[INFO] FEDERATED(5919,7f3f51a913c0,python):2023-04-15-10:28:42.013.453 [mindspore_federated/fl_arch/ccsrc/server/server.cc:403] RegisterServer] Success to register server 192.168.199.162:37027::2023-04-15-10:28:41.714.022::69383 to distributed cache
[INFO] FEDERATED(5919,7f3f51a913c0,python):2023-04-15-10:28:42.013.546 [mindspore_federated/fl_arch/ccsrc/common/distributed_cache/server.cc:202] UnlockCache] Unlock server successfully
[INFO] FEDERATED(5919,7f3f51a913c0,python):2023-04-15-10:28:42.013.561 [mindspore_federated/fl_arch/ccsrc/server/server.cc:75] Run] Server started successfully.
[INFO] FEDERATED(5919:139909929702336,MainProcess):2023-04-15-10:28:42.136.29 [mindspore_federated/startup/federated_local.py:188] after started callback
[INFO] FEDERATED(5919,7f3f51a913c0,python):2023-04-15-10:28:42.013.825 [mindspore_federated/fl_arch/ccsrc/server/server.cc:175] RunMainProcess] Begin run main process, start iteration: 1, instance name: i_2023-04-15-10:28:41.365.097, instance state: Running
[INFO] FEDERATED(5919,7f3f51a913c0,python):2023-04-15-10:28:42.013.840 [mindspore_federated/fl_arch/ccsrc/server/iteration.cc:539] StartThreadToRecordDataRate] Start to create a thread to record data rate
[INFO] FEDERATED(5919,7f3f51a913c0,python):2023-04-15-10:28:42.013.906 [mindspore_federated/fl_arch/ccsrc/common/distributed_cache/iteration_task_thread.cc:25] Start] Start thread that handles counter and timer events
[INFO] FEDERATED(5919,7f3e14ff9700,python):2023-04-15-10:28:42.013.953 [mindspore_federated/fl_arch/ccsrc/server/iteration.cc:542] operator()] The data rate file path is ..
[INFO] FEDERATED(5919,7f3e639fd700,python):2023-04-15-10:28:43.004.345 [mindspore_federated/fl_arch/ccsrc/common/communicator/tcp_server.cc:264] ListenerCallbackInner] SSL is disable.
[INFO] FEDERATED(5919,7f3e639fd700,python):2023-04-15-10:28:43.004.386 [mindspore_federated/fl_arch/ccsrc/common/communicator/tcp_server.cc:300] ListenerCallbackInner] A client is connected, fd is 85
[INFO] FEDERATED(5919,7f3e639fd700,python):2023-04-15-10:28:43.004.498 [mindspore_federated/fl_arch/ccsrc/server/server_node.cc:238] HandleServerPing] Receive ping message from 192.168.199.162:46485::2023-04-15-10:28:41.982.145::69383
[INFO] FEDERATED(5919,7f3e639fd700,python):2023-04-15-10:28:43.004.513 [mindspore_federated/fl_arch/ccsrc/server/server_node.cc:214] PongOneServer] Send pong message to 192.168.199.162:46485::2023-04-15-10:28:41.982.145::69383
[INFO] FEDERATED(5919,7f3e639fd700,python):2023-04-15-10:28:43.011.917 [mindspore_federated/fl_arch/ccsrc/common/communicator/tcp_client.cc:51] CreateBufferEvent] SSL is disable.
[INFO] FEDERATED(5919,7f3e51788700,python):2023-04-15-10:28:43.012.043 [mindspore_federated/fl_arch/ccsrc/common/communicator/tcp_client.cc:175] NotifyConnected] Client connected to the server! Peer Server ip: 192.168.199.162, port: 46485
[INFO] FEDERATED(5919,7f3e51788700,python):2023-04-15-10:28:43.012.079 [mindspore_federated/fl_arch/ccsrc/common/communicator/tcp_client.cc:208] EventCallbackInner] Client connected! Peer Server ip: 192.168.199.162, port: 46485
[WARNING] FEDERATED(5919,7f3e51788700,python):2023-04-15-10:28:43.224.317 [mindspore_federated/fl_arch/ccsrc/common/communicator/tcp_client.cc:226] EventCallbackInner] Client connected end of file! Peer Server ip: 192.168.199.162, port: 46485
[INFO] FEDERATED(5919,7f3e639fd700,python):2023-04-15-10:28:43.224.616 [mindspore_federated/fl_arch/ccsrc/common/communicator/tcp_server.cc:383] EventCallbackInner] BEV_EVENT_EOF event is trigger!
[INFO] FEDERATED(5919,7f3e639fd700,python):2023-04-15-10:28:43.224.634 [mindspore_federated/fl_arch/ccsrc/common/communicator/tcp_server.cc:233] RemoveConnection] Remove connection fd: 85
[INFO] FEDERATED(5919,7f3df7fff700,python):2023-04-15-10:28:51.021.705 [mindspore_federated/fl_arch/ccsrc/server/round.cc:159] OnFirstCountEvent] Round startFLJob first count event is triggered.
[INFO] FEDERATED(5919,7f3df7fff700,python):2023-04-15-10:28:51.021.759 [mindspore_federated/fl_arch/ccsrc/common/distributed_cache/timer.cc:67] StartTimer] Start timer startFLJob, timer length in seconds: 30000, expire timestamp in milliseconds: 1681555731021
[INFO] FEDERATED(5919,7f3df7fff700,python):2023-04-15-10:28:51.021.773 [mindspore_federated/fl_arch/ccsrc/server/iteration.cc:105] SetIterationRunning] Iteration 1 start running.
[INFO] FEDERATED(5919,7f3df7fff700,python):2023-04-15-10:28:51.021.795 [mindspore_federated/fl_arch/ccsrc/common/distributed_cache/timer.cc:67] StartTimer] Start timer globalTimer, timer length in seconds: 60000, expire timestamp in milliseconds: 1681585731021
[INFO] FEDERATED(5919,7f3df7fff700,python):2023-04-15-10:28:51.021.807 [mindspore_federated/fl_arch/ccsrc/server/round.cc:170] OnLastCountEvent] Round startFLJob last count event is triggered.
[INFO] FEDERATED(5919,7f3df7fff700,python):2023-04-15-10:28:51.021.814 [mindspore_federated/fl_arch/ccsrc/common/distributed_cache/timer.cc:115] StopTimer] Stop timer startFLJob
