[INFO] ME(18692,7fc4458023c0,python):2023-06-21-11:53:17.704.924 [mindspore/ccsrc/runtime/hardware/device_context_manager.cc:47] LoadDynamicLib] Load dynamic library: libmindspore_ascend.so failed. libge_runner.so: cannot open shared object file: No such file or directory
[INFO] ME(18692,7fc4458023c0,python):2023-06-21-11:53:17.705.724 [mindspore/ccsrc/runtime/hardware/device_context_manager.cc:47] LoadDynamicLib] Load dynamic library: libmindspore_gpu.so.11.6 failed. libnvrtc.so.11.2: cannot open shared object file: No such file or directory
[INFO] ME(18692,7fc4458023c0,python):2023-06-21-11:53:17.749.509 [mindspore/ccsrc/runtime/hardware/device_context_manager.cc:195] LoadPlugin] Load libmindspore_gpu plugin file /home/qiyijie/.conda/envs/mindspore/lib/python3.9/site-packages/mindspore/lib/plugin/libmindspore_gpu.so.11.1 success, skip loading other version.
[INFO] PIPELINE(18692,7fc4458023c0,python):2023-06-21-11:53:17.766.814 [mindspore/ccsrc/pybind_api/ir/log_adapter_py.h:30] PyExceptionInitializer] Set exception handler
[INFO] CORE(18692,7fc4458023c0,python):2023-06-21-11:53:17.853.826 [mindspore/core/utils/ms_context.cc:316] SetDeviceTargetFromInner] ms set context device target:GPU
[INFO] PARALLEL(18692,7fc4458023c0,python):2023-06-21-11:53:17.853.913 [mindspore/ccsrc/frontend/parallel/costmodel_context.cc:30] GetInstance] Create costmodel_context
[INFO] ME(18692:140480956343232,MainProcess):2023-06-21-11:53:17.854.582 [mindspore/run_check/_check_version.py:537] Setting the env `PROTOCOL_BUFFERS_PYTHON_IMPLEMENTATION=python` to prevent memory overflow during save or load checkpoint file.
[INFO] PIPELINE(18692,7fc4458023c0,python):2023-06-21-11:53:18.688.866 [mindspore/ccsrc/pipeline/jit/pipeline.cc:255] RecordInitStatus] Status record: system init.
[INFO] FEDERATED(18692,7fc4458023c0,python):2023-06-21-11:53:18.741.006 [mindspore_federated/fl_arch/ccsrc/common/fl_context.cc:113] set_http_server_address] Http server address is:192.168.199.162:9019
[INFO] FEDERATED(18692,7fc4458023c0,python):2023-06-21-11:53:18.751.828 [mindspore_federated/fl_arch/ccsrc/common/fl_context.cc:53] set_server_mode] Server mode: FEDERATED_LEARNING is used for Server and Worker. Scheduler will ignore it.
[INFO] FEDERATED(18692,7fc4458023c0,python):2023-06-21-11:53:18.751.883 [mindspore_federated/fl_arch/ccsrc/common/core/yaml_config.cc:148] InitUnsupervisedConfig] cluster_client_num is 0, eval_type is NOT_EVAL
[INFO] FEDERATED(18692,7fc4458023c0,python):2023-06-21-11:53:18.751.905 [mindspore_federated/fl_arch/ccsrc/common/core/yaml_config.cc:195] InitCompressionConfig] upload_compress_type is NO_COMPRESS, upload_sparse_rate is 0.3, download_compress_type is NO_COMPRESS
[INFO] FEDERATED(18692:140480956343232,MainProcess):2023-06-21-11:53:18.752.500 [mindspore_federated/startup/federated_local.py:304] Recovery ckpt files is: [(0, '220726164030', '/home/qiyijie/git_projects/mindspore/federated/example/cross_device_albert2/./fl_ckpt/Albert_recovery_iteration_0_220726_164030.ckpt')].
[INFO] FEDERATED(18692:140480956343232,MainProcess):2023-06-21-11:53:18.752.633 [mindspore_federated/startup/federated_local.py:33] load checkpoint file: /home/qiyijie/git_projects/mindspore/federated/example/cross_device_albert2/./fl_ckpt/Albert_recovery_iteration_0_220726_164030.ckpt
[INFO] ME(18692:140480956343232,MainProcess):2023-06-21-11:53:18.752.735 [mindspore/train/serialization.py:704] Execute the process of loading checkpoint files.
[INFO] ME(18692:140480956343232,MainProcess):2023-06-21-11:53:18.780.019 [mindspore/train/serialization.py:738] Loading checkpoint files process is finished.
[INFO] FEDERATED(18692:140480956343232,MainProcess):2023-06-21-11:53:18.780.283 [mindspore_federated/startup/federated_local.py:44] Weight name: albert.word_embeddings.embedding_table, shape: [11682, 128], dtype: float32
[INFO] FEDERATED(18692:140480956343232,MainProcess):2023-06-21-11:53:18.780.372 [mindspore_federated/startup/federated_local.py:44] Weight name: albert.embedding_postprocessor.embedding_table, shape: [2, 128], dtype: float32
[INFO] FEDERATED(18692:140480956343232,MainProcess):2023-06-21-11:53:18.780.429 [mindspore_federated/startup/federated_local.py:44] Weight name: albert.embedding_postprocessor.full_position_embeddings, shape: [512, 128], dtype: float32
[INFO] FEDERATED(18692:140480956343232,MainProcess):2023-06-21-11:53:18.780.494 [mindspore_federated/startup/federated_local.py:44] Weight name: albert.embedding_postprocessor.layernorm.gamma, shape: [128], dtype: float32
[INFO] FEDERATED(18692:140480956343232,MainProcess):2023-06-21-11:53:18.780.548 [mindspore_federated/startup/federated_local.py:44] Weight name: albert.embedding_postprocessor.layernorm.beta, shape: [128], dtype: float32
[INFO] FEDERATED(18692:140480956343232,MainProcess):2023-06-21-11:53:18.780.597 [mindspore_federated/startup/federated_local.py:44] Weight name: albert.encoder.embedding_hidden_mapping_in.weight, shape: [312, 128], dtype: float32
[INFO] FEDERATED(18692:140480956343232,MainProcess):2023-06-21-11:53:18.780.645 [mindspore_federated/startup/federated_local.py:44] Weight name: albert.encoder.embedding_hidden_mapping_in.bias, shape: [312], dtype: float32
[INFO] FEDERATED(18692:140480956343232,MainProcess):2023-06-21-11:53:18.780.693 [mindspore_federated/startup/federated_local.py:44] Weight name: albert.encoder.albert_layer_groups.0.albert_layers.0.attention.attention.query.weight, shape: [312, 312], dtype: float32
[INFO] FEDERATED(18692:140480956343232,MainProcess):2023-06-21-11:53:18.780.739 [mindspore_federated/startup/federated_local.py:44] Weight name: albert.encoder.albert_layer_groups.0.albert_layers.0.attention.attention.query.bias, shape: [312], dtype: float32
[INFO] FEDERATED(18692:140480956343232,MainProcess):2023-06-21-11:53:18.780.787 [mindspore_federated/startup/federated_local.py:44] Weight name: albert.encoder.albert_layer_groups.0.albert_layers.0.attention.attention.key.weight, shape: [312, 312], dtype: float32
[INFO] FEDERATED(18692:140480956343232,MainProcess):2023-06-21-11:53:18.780.833 [mindspore_federated/startup/federated_local.py:44] Weight name: albert.encoder.albert_layer_groups.0.albert_layers.0.attention.attention.key.bias, shape: [312], dtype: float32
[INFO] FEDERATED(18692:140480956343232,MainProcess):2023-06-21-11:53:18.780.881 [mindspore_federated/startup/federated_local.py:44] Weight name: albert.encoder.albert_layer_groups.0.albert_layers.0.attention.attention.value.weight, shape: [312, 312], dtype: float32
[INFO] FEDERATED(18692:140480956343232,MainProcess):2023-06-21-11:53:18.780.929 [mindspore_federated/startup/federated_local.py:44] Weight name: albert.encoder.albert_layer_groups.0.albert_layers.0.attention.attention.value.bias, shape: [312], dtype: float32
[INFO] FEDERATED(18692:140480956343232,MainProcess):2023-06-21-11:53:18.780.975 [mindspore_federated/startup/federated_local.py:44] Weight name: albert.encoder.albert_layer_groups.0.albert_layers.0.attention.output.dense.weight, shape: [312, 312], dtype: float32
[INFO] FEDERATED(18692:140480956343232,MainProcess):2023-06-21-11:53:18.781.022 [mindspore_federated/startup/federated_local.py:44] Weight name: albert.encoder.albert_layer_groups.0.albert_layers.0.attention.output.dense.bias, shape: [312], dtype: float32
[INFO] FEDERATED(18692:140480956343232,MainProcess):2023-06-21-11:53:18.781.069 [mindspore_federated/startup/federated_local.py:44] Weight name: albert.encoder.albert_layer_groups.0.albert_layers.0.attention.output.layernorm.gamma, shape: [312], dtype: float32
[INFO] FEDERATED(18692:140480956343232,MainProcess):2023-06-21-11:53:18.781.115 [mindspore_federated/startup/federated_local.py:44] Weight name: albert.encoder.albert_layer_groups.0.albert_layers.0.attention.output.layernorm.beta, shape: [312], dtype: float32
[INFO] FEDERATED(18692:140480956343232,MainProcess):2023-06-21-11:53:18.781.162 [mindspore_federated/startup/federated_local.py:44] Weight name: albert.encoder.albert_layer_groups.0.albert_layers.0.ffn.weight, shape: [1248, 312], dtype: float32
[INFO] FEDERATED(18692:140480956343232,MainProcess):2023-06-21-11:53:18.781.209 [mindspore_federated/startup/federated_local.py:44] Weight name: albert.encoder.albert_layer_groups.0.albert_layers.0.ffn.bias, shape: [1248], dtype: float32
[INFO] FEDERATED(18692:140480956343232,MainProcess):2023-06-21-11:53:18.781.259 [mindspore_federated/startup/federated_local.py:44] Weight name: albert.encoder.albert_layer_groups.0.albert_layers.0.ffn_output.weight, shape: [312, 1248], dtype: float32
[INFO] FEDERATED(18692:140480956343232,MainProcess):2023-06-21-11:53:18.781.306 [mindspore_federated/startup/federated_local.py:44] Weight name: albert.encoder.albert_layer_groups.0.albert_layers.0.ffn_output.bias, shape: [312], dtype: float32
[INFO] FEDERATED(18692:140480956343232,MainProcess):2023-06-21-11:53:18.781.353 [mindspore_federated/startup/federated_local.py:44] Weight name: albert.encoder.albert_layer_groups.0.albert_layers.0.full_layer_layer_norm.gamma, shape: [312], dtype: float32
[INFO] FEDERATED(18692:140480956343232,MainProcess):2023-06-21-11:53:18.781.399 [mindspore_federated/startup/federated_local.py:44] Weight name: albert.encoder.albert_layer_groups.0.albert_layers.0.full_layer_layer_norm.beta, shape: [312], dtype: float32
[INFO] FEDERATED(18692:140480956343232,MainProcess):2023-06-21-11:53:18.781.446 [mindspore_federated/startup/federated_local.py:44] Weight name: albert.pooler.weight, shape: [312, 312], dtype: float32
[INFO] FEDERATED(18692:140480956343232,MainProcess):2023-06-21-11:53:18.781.492 [mindspore_federated/startup/federated_local.py:44] Weight name: albert.pooler.bias, shape: [312], dtype: float32
[INFO] FEDERATED(18692:140480956343232,MainProcess):2023-06-21-11:53:18.781.540 [mindspore_federated/startup/federated_local.py:44] Weight name: classifier.weight, shape: [4, 312], dtype: float32
[INFO] FEDERATED(18692:140480956343232,MainProcess):2023-06-21-11:53:18.781.586 [mindspore_federated/startup/federated_local.py:44] Weight name: classifier.bias, shape: [4], dtype: float32
[INFO] FEDERATED(18692:140480956343232,MainProcess):2023-06-21-11:53:18.781.615 [mindspore_federated/startup/federated_local.py:252] Load recovery checkpoint file /home/qiyijie/git_projects/mindspore/federated/example/cross_device_albert2/./fl_ckpt/Albert_recovery_iteration_0_220726_164030.ckpt successfully.
[INFO] FEDERATED(18692:140480956343232,MainProcess):2023-06-21-11:53:18.781.653 [mindspore_federated/startup/federated_local.py:317] Recovery iteration num is: 1.
[INFO] FEDERATED(18692,7fc4458023c0,python):2023-06-21-11:53:18.781.798 [mindspore_federated/fl_arch/ccsrc/common/fl_context.cc:76] set_ms_role] MS_ROLE of this node is MS_SERVER
[INFO] FEDERATED(18692,7fc4458023c0,python):2023-06-21-11:53:18.783.404 [mindspore_federated/fl_arch/ccsrc/common/communicator/tcp_server.cc:142] Init] The max connection is:10000
[INFO] FEDERATED(18692,7fc4458023c0,python):2023-06-21-11:53:18.785.037 [mindspore_federated/fl_arch/ccsrc/common/communicator/tcp_client.cc:51] CreateBufferEvent] SSL is disable.
[INFO] FEDERATED(18692,7fc35576e700,python):2023-06-21-11:53:18.785.237 [mindspore_federated/fl_arch/ccsrc/common/communicator/tcp_server.cc:264] ListenerCallbackInner] SSL is disable.
[INFO] FEDERATED(18692,7fc345cfe700,python):2023-06-21-11:53:18.785.274 [mindspore_federated/fl_arch/ccsrc/common/communicator/tcp_client.cc:175] NotifyConnected] Client connected to the server! Peer Server ip: 192.168.199.162, port: 32813
[INFO] FEDERATED(18692,7fc35576e700,python):2023-06-21-11:53:18.785.301 [mindspore_federated/fl_arch/ccsrc/common/communicator/tcp_server.cc:300] ListenerCallbackInner] A client is connected, fd is 13
[INFO] FEDERATED(18692,7fc4458023c0,python):2023-06-21-11:53:18.785.356 [mindspore_federated/fl_arch/ccsrc/common/core/abstract_node.cc:337] InitNodeInfo] The node role:SERVER is generate uuid is:192.168.199.162:32813::2023-06-21-11:53:18.785.341::69383, the ip:192.168.199.162, the port:32813
[INFO] FEDERATED(18692,7fc345cfe700,python):2023-06-21-11:53:18.785.356 [mindspore_federated/fl_arch/ccsrc/common/communicator/tcp_client.cc:208] EventCallbackInner] Client connected! Peer Server ip: 192.168.199.162, port: 32813
[INFO] FEDERATED(18692,7fc4458023c0,python):2023-06-21-11:53:18.785.368 [mindspore_federated/fl_arch/ccsrc/server/server_node.cc:31] InitializeBeforeCache] [Server start]: Server node create tcp server successful!
[INFO] FEDERATED(18692,7fc4458023c0,python):2023-06-21-11:53:18.785.400 [mindspore_federated/fl_arch/ccsrc/common/distributed_cache/redis/redis.cc:675] Init] Try connect to redis sever 127.0.0.1:23457, retry time in seconds 900
[INFO] FEDERATED(18692,7fc4458023c0,python):2023-06-21-11:53:18.791.586 [mindspore_federated/fl_arch/ccsrc/common/distributed_cache/redis/redis.cc:689] Init] Connect to redis sever 127.0.0.1:23457 successfully
[INFO] FEDERATED(18692,7fc4458023c0,python):2023-06-21-11:53:18.791.943 [mindspore_federated/fl_arch/ccsrc/common/distributed_cache/hyper_params.cc:245] SyncCache2Local] Sync hyper params from cache success
[INFO] FEDERATED(18692,7fc4458023c0,python):2023-06-21-11:53:18.791.960 [mindspore_federated/fl_arch/ccsrc/common/distributed_cache/hyper_params.cc:89] SyncOnNewInstance] start_fl_job_threshold: 1
[INFO] FEDERATED(18692,7fc4458023c0,python):2023-06-21-11:53:18.791.965 [mindspore_federated/fl_arch/ccsrc/common/distributed_cache/hyper_params.cc:90] SyncOnNewInstance] start_fl_job_time_window in ms: 60000000
[INFO] FEDERATED(18692,7fc4458023c0,python):2023-06-21-11:53:18.791.973 [mindspore_federated/fl_arch/ccsrc/common/distributed_cache/hyper_params.cc:91] SyncOnNewInstance] update_model_ratio: 1
[INFO] FEDERATED(18692,7fc4458023c0,python):2023-06-21-11:53:18.791.978 [mindspore_federated/fl_arch/ccsrc/common/distributed_cache/hyper_params.cc:92] SyncOnNewInstance] update_model_time_window in ms: 60000000
[INFO] FEDERATED(18692,7fc4458023c0,python):2023-06-21-11:53:18.791.982 [mindspore_federated/fl_arch/ccsrc/common/distributed_cache/hyper_params.cc:93] SyncOnNewInstance] fl_iteration_num: 1000
[INFO] FEDERATED(18692,7fc4458023c0,python):2023-06-21-11:53:18.791.987 [mindspore_federated/fl_arch/ccsrc/common/distributed_cache/hyper_params.cc:94] SyncOnNewInstance] client_epoch_num: 3
[INFO] FEDERATED(18692,7fc4458023c0,python):2023-06-21-11:53:18.791.992 [mindspore_federated/fl_arch/ccsrc/common/distributed_cache/hyper_params.cc:95] SyncOnNewInstance] client_batch_size: 16
[INFO] FEDERATED(18692,7fc4458023c0,python):2023-06-21-11:53:18.791.997 [mindspore_federated/fl_arch/ccsrc/common/distributed_cache/hyper_params.cc:96] SyncOnNewInstance] client_learning_rate: 1e-05
[INFO] FEDERATED(18692,7fc4458023c0,python):2023-06-21-11:53:18.792.002 [mindspore_federated/fl_arch/ccsrc/common/distributed_cache/hyper_params.cc:97] SyncOnNewInstance] global_iteration_time_window in ms: 120000000
[INFO] FEDERATED(18692,7fc4458023c0,python):2023-06-21-11:53:18.792.011 [mindspore_federated/fl_arch/ccsrc/common/distributed_cache/server.cc:140] LockCache] Begin to lock server
[INFO] FEDERATED(18692,7fc4458023c0,python):2023-06-21-11:53:18.792.048 [mindspore_federated/fl_arch/ccsrc/common/distributed_cache/server.cc:165] LockCache] Lock server successfully
[INFO] FEDERATED(18692,7fc4458023c0,python):2023-06-21-11:53:18.792.059 [mindspore_federated/fl_arch/ccsrc/server/server_node.cc:149] ServerPingPong] Begin ping all other servers
[INFO] FEDERATED(18692,7fc4458023c0,python):2023-06-21-11:53:18.792.091 [mindspore_federated/fl_arch/ccsrc/server/server_node.cc:169] ServerPingPong] Success receive pong message from servers: []
[INFO] FEDERATED(18692,7fc4458023c0,python):2023-06-21-11:53:18.792.102 [mindspore_federated/fl_arch/ccsrc/common/fl_context.cc:105] GenerateResetterRound] Server context is 2. Resetter round is 1
[INFO] FEDERATED(18692,7fc4458023c0,python):2023-06-21-11:53:18.792.108 [mindspore_federated/fl_arch/ccsrc/common/core/abstract_node.cc:220] GetOrCreateTcpComm] Create Tcp communicator.
[INFO] FEDERATED(18692,7fc4458023c0,python):2023-06-21-11:53:18.793.638 [mindspore_federated/fl_arch/ccsrc/common/core/abstract_node.cc:208] GetOrCreateHttpComm] Create Http communicator.
[INFO] FEDERATED(18692,7fc4458023c0,python):2023-06-21-11:53:18.793.945 [mindspore_federated/fl_arch/ccsrc/common/distributed_cache/model_info.cc:103] SyncCache2Local] Sync model info from cache success
[INFO] FEDERATED(18692,7fc4458023c0,python):2023-06-21-11:53:18.793.985 [mindspore_federated/fl_arch/ccsrc/server/server_node.cc:267] GetModelWeight] Begin get model weight of iteration 0 from other servers
[INFO] FEDERATED(18692,7fc4458023c0,python):2023-06-21-11:53:18.794.026 [mindspore_federated/fl_arch/ccsrc/server/server_node.cc:321] GetModelWeight] Failed to get model weight of iteration 0 from other servers
[INFO] FEDERATED(18692,7fc4458023c0,python):2023-06-21-11:53:18.794.039 [mindspore_federated/fl_arch/ccsrc/server/model_store.cc:30] Initialize] Latest iteration num is 0
[INFO] FEDERATED(18692,7fc4458023c0,python):2023-06-21-11:53:18.795.391 [mindspore_federated/fl_arch/ccsrc/server/model_store.cc:84] InitModel] Aggregate Weight full name is albert.word_embeddings.embedding_table, weight byte size is 5981184
[INFO] FEDERATED(18692,7fc4458023c0,python):2023-06-21-11:53:18.795.410 [mindspore_federated/fl_arch/ccsrc/server/model_store.cc:84] InitModel] Aggregate Weight full name is albert.embedding_postprocessor.embedding_table, weight byte size is 1024
[INFO] FEDERATED(18692,7fc4458023c0,python):2023-06-21-11:53:18.795.449 [mindspore_federated/fl_arch/ccsrc/server/model_store.cc:84] InitModel] Aggregate Weight full name is albert.embedding_postprocessor.full_position_embeddings, weight byte size is 262144
[INFO] FEDERATED(18692,7fc4458023c0,python):2023-06-21-11:53:18.795.453 [mindspore_federated/fl_arch/ccsrc/server/model_store.cc:84] InitModel] Aggregate Weight full name is albert.embedding_postprocessor.layernorm.gamma, weight byte size is 512
[INFO] FEDERATED(18692,7fc4458023c0,python):2023-06-21-11:53:18.795.458 [mindspore_federated/fl_arch/ccsrc/server/model_store.cc:84] InitModel] Aggregate Weight full name is albert.embedding_postprocessor.layernorm.beta, weight byte size is 512
[INFO] FEDERATED(18692,7fc4458023c0,python):2023-06-21-11:53:18.795.484 [mindspore_federated/fl_arch/ccsrc/server/model_store.cc:84] InitModel] Aggregate Weight full name is albert.encoder.embedding_hidden_mapping_in.weight, weight byte size is 159744
[INFO] FEDERATED(18692,7fc4458023c0,python):2023-06-21-11:53:18.795.490 [mindspore_federated/fl_arch/ccsrc/server/model_store.cc:84] InitModel] Aggregate Weight full name is albert.encoder.embedding_hidden_mapping_in.bias, weight byte size is 1248
[INFO] FEDERATED(18692,7fc4458023c0,python):2023-06-21-11:53:18.795.558 [mindspore_federated/fl_arch/ccsrc/server/model_store.cc:84] InitModel] Aggregate Weight full name is albert.encoder.albert_layer_groups.0.albert_layers.0.attention.attention.query.weight, weight byte size is 389376
[INFO] FEDERATED(18692,7fc4458023c0,python):2023-06-21-11:53:18.795.565 [mindspore_federated/fl_arch/ccsrc/server/model_store.cc:84] InitModel] Aggregate Weight full name is albert.encoder.albert_layer_groups.0.albert_layers.0.attention.attention.query.bias, weight byte size is 1248
[INFO] FEDERATED(18692,7fc4458023c0,python):2023-06-21-11:53:18.795.620 [mindspore_federated/fl_arch/ccsrc/server/model_store.cc:84] InitModel] Aggregate Weight full name is albert.encoder.albert_layer_groups.0.albert_layers.0.attention.attention.key.weight, weight byte size is 389376
[INFO] FEDERATED(18692,7fc4458023c0,python):2023-06-21-11:53:18.795.629 [mindspore_federated/fl_arch/ccsrc/server/model_store.cc:84] InitModel] Aggregate Weight full name is albert.encoder.albert_layer_groups.0.albert_layers.0.attention.attention.key.bias, weight byte size is 1248
[INFO] FEDERATED(18692,7fc4458023c0,python):2023-06-21-11:53:18.795.682 [mindspore_federated/fl_arch/ccsrc/server/model_store.cc:84] InitModel] Aggregate Weight full name is albert.encoder.albert_layer_groups.0.albert_layers.0.attention.attention.value.weight, weight byte size is 389376
[INFO] FEDERATED(18692,7fc4458023c0,python):2023-06-21-11:53:18.795.691 [mindspore_federated/fl_arch/ccsrc/server/model_store.cc:84] InitModel] Aggregate Weight full name is albert.encoder.albert_layer_groups.0.albert_layers.0.attention.attention.value.bias, weight byte size is 1248
[INFO] FEDERATED(18692,7fc4458023c0,python):2023-06-21-11:53:18.795.744 [mindspore_federated/fl_arch/ccsrc/server/model_store.cc:84] InitModel] Aggregate Weight full name is albert.encoder.albert_layer_groups.0.albert_layers.0.attention.output.dense.weight, weight byte size is 389376
[INFO] FEDERATED(18692,7fc4458023c0,python):2023-06-21-11:53:18.795.759 [mindspore_federated/fl_arch/ccsrc/server/model_store.cc:84] InitModel] Aggregate Weight full name is albert.encoder.albert_layer_groups.0.albert_layers.0.attention.output.dense.bias, weight byte size is 1248
[INFO] FEDERATED(18692,7fc4458023c0,python):2023-06-21-11:53:18.795.764 [mindspore_federated/fl_arch/ccsrc/server/model_store.cc:84] InitModel] Aggregate Weight full name is albert.encoder.albert_layer_groups.0.albert_layers.0.attention.output.layernorm.gamma, weight byte size is 1248
[INFO] FEDERATED(18692,7fc4458023c0,python):2023-06-21-11:53:18.795.769 [mindspore_federated/fl_arch/ccsrc/server/model_store.cc:84] InitModel] Aggregate Weight full name is albert.encoder.albert_layer_groups.0.albert_layers.0.attention.output.layernorm.beta, weight byte size is 1248
[INFO] FEDERATED(18692,7fc4458023c0,python):2023-06-21-11:53:18.795.978 [mindspore_federated/fl_arch/ccsrc/server/model_store.cc:84] InitModel] Aggregate Weight full name is albert.encoder.albert_layer_groups.0.albert_layers.0.ffn.weight, weight byte size is 1557504
[INFO] FEDERATED(18692,7fc4458023c0,python):2023-06-21-11:53:18.795.991 [mindspore_federated/fl_arch/ccsrc/server/model_store.cc:84] InitModel] Aggregate Weight full name is albert.encoder.albert_layer_groups.0.albert_layers.0.ffn.bias, weight byte size is 4992
[INFO] FEDERATED(18692,7fc4458023c0,python):2023-06-21-11:53:18.796.201 [mindspore_federated/fl_arch/ccsrc/server/model_store.cc:84] InitModel] Aggregate Weight full name is albert.encoder.albert_layer_groups.0.albert_layers.0.ffn_output.weight, weight byte size is 1557504
[INFO] FEDERATED(18692,7fc4458023c0,python):2023-06-21-11:53:18.796.213 [mindspore_federated/fl_arch/ccsrc/server/model_store.cc:84] InitModel] Aggregate Weight full name is albert.encoder.albert_layer_groups.0.albert_layers.0.ffn_output.bias, weight byte size is 1248
[INFO] FEDERATED(18692,7fc4458023c0,python):2023-06-21-11:53:18.796.217 [mindspore_federated/fl_arch/ccsrc/server/model_store.cc:84] InitModel] Aggregate Weight full name is albert.encoder.albert_layer_groups.0.albert_layers.0.full_layer_layer_norm.gamma, weight byte size is 1248
[INFO] FEDERATED(18692,7fc4458023c0,python):2023-06-21-11:53:18.796.224 [mindspore_federated/fl_arch/ccsrc/server/model_store.cc:84] InitModel] Aggregate Weight full name is albert.encoder.albert_layer_groups.0.albert_layers.0.full_layer_layer_norm.beta, weight byte size is 1248
[INFO] FEDERATED(18692,7fc4458023c0,python):2023-06-21-11:53:18.796.277 [mindspore_federated/fl_arch/ccsrc/server/model_store.cc:84] InitModel] Aggregate Weight full name is albert.pooler.weight, weight byte size is 389376
[INFO] FEDERATED(18692,7fc4458023c0,python):2023-06-21-11:53:18.796.286 [mindspore_federated/fl_arch/ccsrc/server/model_store.cc:84] InitModel] Aggregate Weight full name is albert.pooler.bias, weight byte size is 1248
[INFO] FEDERATED(18692,7fc4458023c0,python):2023-06-21-11:53:18.796.292 [mindspore_federated/fl_arch/ccsrc/server/model_store.cc:84] InitModel] Aggregate Weight full name is classifier.weight, weight byte size is 4992
[INFO] FEDERATED(18692,7fc4458023c0,python):2023-06-21-11:53:18.796.297 [mindspore_federated/fl_arch/ccsrc/server/model_store.cc:84] InitModel] Aggregate Weight full name is classifier.bias, weight byte size is 16
[INFO] FEDERATED(18692,7fc4458023c0,python):2023-06-21-11:53:18.836.178 [mindspore_federated/fl_arch/ccsrc/server/model_store.cc:339] AssignNewCompressModelMemory] Register compressWeight for compressType: QUANT
[INFO] FEDERATED(18692,7fc4458023c0,python):2023-06-21-11:53:18.837.401 [mindspore_federated/fl_arch/ccsrc/server/model_store.cc:43] Initialize] Model store checkpoint dir is: /home/qiyijie/git_projects/mindspore/federated/example/cross_device_albert2/./fl_ckpt/
[INFO] FEDERATED(18692,7fc4458023c0,python):2023-06-21-11:53:18.838.425 [mindspore_federated/fl_arch/ccsrc/server/server.cc:611] SyncAndInitModel] Load model success: The initial local model is used as the model of iteration 0
[INFO] FEDERATED(18692,7fc4458023c0,python):2023-06-21-11:53:18.841.543 [mindspore_federated/fl_arch/ccsrc/server/server.cc:158] InitRoundConfigs] Initializing cipher:
[INFO] FEDERATED(18692,7fc4458023c0,python):2023-06-21-11:53:18.841.560 [mindspore_federated/fl_arch/ccsrc/server/server.cc:159] InitRoundConfigs]  exchange_keys_threshold: 1 get_keys_threshold: 1 share_secrets_threshold: 1
[INFO] FEDERATED(18692,7fc4458023c0,python):2023-06-21-11:53:18.841.565 [mindspore_federated/fl_arch/ccsrc/server/server.cc:162] InitRoundConfigs]  get_secrets_threshold: 1 get_client_list_threshold: 2 push_list_sign_threshold: 2 get_list_sign_threshold: 2 minimum_clients_for_reconstruct: 2 minimum_secret_shares_for_reconstruct: 1 cipher_time_window: 1
[INFO] FEDERATED(18692,7fc4458023c0,python):2023-06-21-11:53:18.841.577 [mindspore_federated/fl_arch/ccsrc/server/iteration.cc:64] InitIteration] Time window for one iteration is 120000000
[INFO] FEDERATED(18692,7fc4458023c0,python):2023-06-21-11:53:18.841.584 [mindspore_federated/fl_arch/ccsrc/server/iteration.cc:69] InitIteration] Add round startFLJob, check_timeout: 1, time window: 60000000, check_count: 1, threshold: 1
[INFO] FEDERATED(18692,7fc4458023c0,python):2023-06-21-11:53:18.841.588 [mindspore_federated/fl_arch/ccsrc/server/round.cc:55] Initialize] Round startFLJob start initialize.
[INFO] FEDERATED(18692,7fc4458023c0,python):2023-06-21-11:53:18.841.596 [mindspore_federated/fl_arch/ccsrc/common/distributed_cache/timer.cc:157] RegisterTimer] Register timer for startFLJob, time length in seconds: 60000
[INFO] FEDERATED(18692,7fc4458023c0,python):2023-06-21-11:53:18.841.602 [mindspore_federated/fl_arch/ccsrc/common/distributed_cache/counter.cc:46] RegisterCounter] Register counter for startFLJob, threshold: 1
[INFO] FEDERATED(18692,7fc4458023c0,python):2023-06-21-11:53:18.841.625 [mindspore_federated/fl_arch/ccsrc/server/round.cc:49] RegisterMsgCallBack] Round startFLJob register message callback.
[INFO] FEDERATED(18692,7fc4458023c0,python):2023-06-21-11:53:18.841.629 [mindspore_federated/fl_arch/ccsrc/common/communicator/tcp_communicator.cc:52] RegisterRoundMsgCallback] msg_type is: startFLJob
[INFO] FEDERATED(18692,7fc4458023c0,python):2023-06-21-11:53:18.841.635 [mindspore_federated/fl_arch/ccsrc/server/round.cc:49] RegisterMsgCallBack] Round startFLJob register message callback.
[INFO] FEDERATED(18692,7fc4458023c0,python):2023-06-21-11:53:18.841.640 [mindspore_federated/fl_arch/ccsrc/common/communicator/http_communicator.cc:23] RegisterRoundMsgCallback] msg_type is: startFLJob
[INFO] FEDERATED(18692,7fc4458023c0,python):2023-06-21-11:53:18.842.091 [mindspore_federated/fl_arch/ccsrc/common/communicator/http_server.cc:111] RegisterRoute] request handler http url is: http://192.168.199.162:9019/startFLJob
[INFO] FEDERATED(18692,7fc4458023c0,python):2023-06-21-11:53:18.842.111 [mindspore_federated/fl_arch/ccsrc/server/iteration.cc:69] InitIteration] Add round updateModel, check_timeout: 1, time window: 60000000, check_count: 1, threshold: 1
[INFO] FEDERATED(18692,7fc4458023c0,python):2023-06-21-11:53:18.842.116 [mindspore_federated/fl_arch/ccsrc/server/round.cc:55] Initialize] Round updateModel start initialize.
[INFO] FEDERATED(18692,7fc4458023c0,python):2023-06-21-11:53:18.842.121 [mindspore_federated/fl_arch/ccsrc/common/distributed_cache/timer.cc:157] RegisterTimer] Register timer for updateModel, time length in seconds: 60000
[INFO] FEDERATED(18692,7fc4458023c0,python):2023-06-21-11:53:18.842.131 [mindspore_federated/fl_arch/ccsrc/common/distributed_cache/counter.cc:66] RegisterPerServerCounter] Register counter(total count of all valid servers) for updateModel, threshold: 1
[INFO] FEDERATED(18692,7fc4458023c0,python):2023-06-21-11:53:18.842.136 [mindspore_federated/fl_arch/ccsrc/server/round.cc:49] RegisterMsgCallBack] Round updateModel register message callback.
[INFO] FEDERATED(18692,7fc4458023c0,python):2023-06-21-11:53:18.842.151 [mindspore_federated/fl_arch/ccsrc/common/communicator/tcp_communicator.cc:52] RegisterRoundMsgCallback] msg_type is: updateModel
[INFO] FEDERATED(18692,7fc4458023c0,python):2023-06-21-11:53:18.842.156 [mindspore_federated/fl_arch/ccsrc/server/round.cc:49] RegisterMsgCallBack] Round updateModel register message callback.
[INFO] FEDERATED(18692,7fc4458023c0,python):2023-06-21-11:53:18.842.161 [mindspore_federated/fl_arch/ccsrc/common/communicator/http_communicator.cc:23] RegisterRoundMsgCallback] msg_type is: updateModel
[INFO] FEDERATED(18692,7fc4458023c0,python):2023-06-21-11:53:18.842.565 [mindspore_federated/fl_arch/ccsrc/common/communicator/http_server.cc:111] RegisterRoute] request handler http url is: http://192.168.199.162:9019/updateModel
[INFO] FEDERATED(18692,7fc4458023c0,python):2023-06-21-11:53:18.842.581 [mindspore_federated/fl_arch/ccsrc/common/distributed_cache/counter.cc:66] RegisterPerServerCounter] Register counter(total count of all valid servers) for count_for_aggregation, threshold: 1
[INFO] FEDERATED(18692,7fc4458023c0,python):2023-06-21-11:53:18.842.591 [mindspore_federated/fl_arch/ccsrc/server/iteration.cc:69] InitIteration] Add round getModel, check_timeout: 0, time window: 3000, check_count: 0, threshold: 0
[INFO] FEDERATED(18692,7fc4458023c0,python):2023-06-21-11:53:18.842.595 [mindspore_federated/fl_arch/ccsrc/server/round.cc:55] Initialize] Round getModel start initialize.
[INFO] FEDERATED(18692,7fc4458023c0,python):2023-06-21-11:53:18.842.600 [mindspore_federated/fl_arch/ccsrc/server/round.cc:49] RegisterMsgCallBack] Round getModel register message callback.
[INFO] FEDERATED(18692,7fc4458023c0,python):2023-06-21-11:53:18.842.604 [mindspore_federated/fl_arch/ccsrc/common/communicator/tcp_communicator.cc:52] RegisterRoundMsgCallback] msg_type is: getModel
[INFO] FEDERATED(18692,7fc4458023c0,python):2023-06-21-11:53:18.842.609 [mindspore_federated/fl_arch/ccsrc/server/round.cc:49] RegisterMsgCallBack] Round getModel register message callback.
[INFO] FEDERATED(18692,7fc4458023c0,python):2023-06-21-11:53:18.842.613 [mindspore_federated/fl_arch/ccsrc/common/communicator/http_communicator.cc:23] RegisterRoundMsgCallback] msg_type is: getModel
[INFO] FEDERATED(18692,7fc4458023c0,python):2023-06-21-11:53:18.842.997 [mindspore_federated/fl_arch/ccsrc/common/communicator/http_server.cc:111] RegisterRoute] request handler http url is: http://192.168.199.162:9019/getModel
[INFO] FEDERATED(18692,7fc4458023c0,python):2023-06-21-11:53:18.843.013 [mindspore_federated/fl_arch/ccsrc/server/iteration.cc:69] InitIteration] Add round pullWeight, check_timeout: 0, time window: 3000, check_count: 0, threshold: 0
[INFO] FEDERATED(18692,7fc4458023c0,python):2023-06-21-11:53:18.843.017 [mindspore_federated/fl_arch/ccsrc/server/round.cc:55] Initialize] Round pullWeight start initialize.
[INFO] FEDERATED(18692,7fc4458023c0,python):2023-06-21-11:53:18.843.022 [mindspore_federated/fl_arch/ccsrc/server/round.cc:49] RegisterMsgCallBack] Round pullWeight register message callback.
[INFO] FEDERATED(18692,7fc4458023c0,python):2023-06-21-11:53:18.843.026 [mindspore_federated/fl_arch/ccsrc/common/communicator/tcp_communicator.cc:52] RegisterRoundMsgCallback] msg_type is: pullWeight
[INFO] FEDERATED(18692,7fc4458023c0,python):2023-06-21-11:53:18.843.031 [mindspore_federated/fl_arch/ccsrc/server/round.cc:49] RegisterMsgCallBack] Round pullWeight register message callback.
[INFO] FEDERATED(18692,7fc4458023c0,python):2023-06-21-11:53:18.843.036 [mindspore_federated/fl_arch/ccsrc/common/communicator/http_communicator.cc:23] RegisterRoundMsgCallback] msg_type is: pullWeight
[INFO] FEDERATED(18692,7fc4458023c0,python):2023-06-21-11:53:18.843.416 [mindspore_federated/fl_arch/ccsrc/common/communicator/http_server.cc:111] RegisterRoute] request handler http url is: http://192.168.199.162:9019/pullWeight
[INFO] FEDERATED(18692,7fc4458023c0,python):2023-06-21-11:53:18.843.430 [mindspore_federated/fl_arch/ccsrc/server/iteration.cc:69] InitIteration] Add round pushWeight, check_timeout: 0, time window: 3000, check_count: 0, threshold: 1
[INFO] FEDERATED(18692,7fc4458023c0,python):2023-06-21-11:53:18.843.444 [mindspore_federated/fl_arch/ccsrc/server/round.cc:55] Initialize] Round pushWeight start initialize.
[INFO] FEDERATED(18692,7fc4458023c0,python):2023-06-21-11:53:18.843.448 [mindspore_federated/fl_arch/ccsrc/server/round.cc:49] RegisterMsgCallBack] Round pushWeight register message callback.
[INFO] FEDERATED(18692,7fc4458023c0,python):2023-06-21-11:53:18.843.452 [mindspore_federated/fl_arch/ccsrc/common/communicator/tcp_communicator.cc:52] RegisterRoundMsgCallback] msg_type is: pushWeight
[INFO] FEDERATED(18692,7fc4458023c0,python):2023-06-21-11:53:18.843.458 [mindspore_federated/fl_arch/ccsrc/server/round.cc:49] RegisterMsgCallBack] Round pushWeight register message callback.
[INFO] FEDERATED(18692,7fc4458023c0,python):2023-06-21-11:53:18.843.462 [mindspore_federated/fl_arch/ccsrc/common/communicator/http_communicator.cc:23] RegisterRoundMsgCallback] msg_type is: pushWeight
[INFO] FEDERATED(18692,7fc4458023c0,python):2023-06-21-11:53:18.843.839 [mindspore_federated/fl_arch/ccsrc/common/communicator/http_server.cc:111] RegisterRoute] request handler http url is: http://192.168.199.162:9019/pushWeight
[INFO] FEDERATED(18692,7fc4458023c0,python):2023-06-21-11:53:18.843.855 [mindspore_federated/fl_arch/ccsrc/server/iteration.cc:69] InitIteration] Add round pushMetrics, check_timeout: 0, time window: 3000, check_count: 1, threshold: 1
[INFO] FEDERATED(18692,7fc4458023c0,python):2023-06-21-11:53:18.843.860 [mindspore_federated/fl_arch/ccsrc/server/round.cc:55] Initialize] Round pushMetrics start initialize.
[INFO] FEDERATED(18692,7fc4458023c0,python):2023-06-21-11:53:18.843.866 [mindspore_federated/fl_arch/ccsrc/common/distributed_cache/counter.cc:46] RegisterCounter] Register counter for pushMetrics, threshold: 1
[INFO] FEDERATED(18692,7fc4458023c0,python):2023-06-21-11:53:18.843.870 [mindspore_federated/fl_arch/ccsrc/server/round.cc:49] RegisterMsgCallBack] Round pushMetrics register message callback.
[INFO] FEDERATED(18692,7fc4458023c0,python):2023-06-21-11:53:18.843.875 [mindspore_federated/fl_arch/ccsrc/common/communicator/tcp_communicator.cc:52] RegisterRoundMsgCallback] msg_type is: pushMetrics
[INFO] FEDERATED(18692,7fc4458023c0,python):2023-06-21-11:53:18.843.879 [mindspore_federated/fl_arch/ccsrc/server/round.cc:49] RegisterMsgCallBack] Round pushMetrics register message callback.
[INFO] FEDERATED(18692,7fc4458023c0,python):2023-06-21-11:53:18.843.884 [mindspore_federated/fl_arch/ccsrc/common/communicator/http_communicator.cc:23] RegisterRoundMsgCallback] msg_type is: pushMetrics
[INFO] FEDERATED(18692,7fc4458023c0,python):2023-06-21-11:53:18.844.213 [mindspore_federated/fl_arch/ccsrc/common/communicator/http_server.cc:111] RegisterRoute] request handler http url is: http://192.168.199.162:9019/pushMetrics
[INFO] FEDERATED(18692,7fc4458023c0,python):2023-06-21-11:53:18.844.225 [mindspore_federated/fl_arch/ccsrc/common/distributed_cache/timer.cc:157] RegisterTimer] Register timer for globalTimer, time length in seconds: 120000
[WARNING] FEDERATED(18692,7fc4458023c0,python):2023-06-21-11:53:18.844.235 [mindspore_federated/fl_arch/ccsrc/server/iteration.cc:91] InitIteration] instance name is empty
[INFO] FEDERATED(18692,7fc4458023c0,python):2023-06-21-11:53:18.844.248 [mindspore_federated/fl_arch/ccsrc/server/iteration.cc:530] InitConfig] Create Directory :.. success.
[INFO] FEDERATED(18692,7fc4458023c0,python):2023-06-21-11:53:18.844.256 [mindspore_federated/fl_arch/ccsrc/server/iteration.cc:328] InitEventTxtFile] Create Directory :event.txt success.
[INFO] FEDERATED(18692,7fc4458023c0,python):2023-06-21-11:53:18.844.310 [mindspore_federated/fl_arch/ccsrc/server/server_node.cc:35] Start] [Server start]: The node role:SERVER the node id:192.168.199.162:32813::2023-06-21-11:53:18.785.341::69383 start communicator and http server!
[INFO] FEDERATED(18692,7fc4458023c0,python):2023-06-21-11:53:18.844.427 [mindspore_federated/fl_arch/ccsrc/common/core/abstract_node.cc:277] StartHttpServer] Initialize http server IP:192.168.199.162, PORT:9019
[INFO] FEDERATED(18692,7fc4458023c0,python):2023-06-21-11:53:18.845.975 [mindspore_federated/fl_arch/ccsrc/common/communicator/http_server.cc:77] InitServer] Bind ip:192.168.199.162 port:9019 successful!
[INFO] FEDERATED(18692,7fc4458023c0,python):2023-06-21-11:53:18.845.988 [mindspore_federated/fl_arch/ccsrc/common/communicator/http_server.cc:122] Start] Start http server!
[INFO] FEDERATED(18692,7fc4458023c0,python):2023-06-21-11:53:18.846.019 [mindspore_federated/fl_arch/ccsrc/common/communicator/http_request_handler.cc:87] Initialize] Ev http register handle of: [/pushMetrics, /getModel, /pushWeight, /updateModel, /pullWeight, /startFLJob] success.
[INFO] FEDERATED(18692,7fc4458023c0,python):2023-06-21-11:53:18.846.057 [mindspore_federated/fl_arch/ccsrc/common/communicator/http_request_handler.cc:87] Initialize] Ev http register handle of: [/pushMetrics, /getModel, /pushWeight, /updateModel, /pullWeight, /startFLJob] success.
[INFO] FEDERATED(18692,7fc4458023c0,python):2023-06-21-11:53:18.846.093 [mindspore_federated/fl_arch/ccsrc/common/communicator/http_request_handler.cc:87] Initialize] Ev http register handle of: [/pushMetrics, /getModel, /pushWeight, /updateModel, /pullWeight, /startFLJob] success.
[INFO] FEDERATED(18692,7fc33effd700,python):2023-06-21-11:53:18.846.141 [mindspore_federated/fl_arch/ccsrc/common/communicator/http_request_handler.cc:92] Run] Start http server!
[INFO] FEDERATED(18692,7fc4458023c0,python):2023-06-21-11:53:18.846.169 [mindspore_federated/fl_arch/ccsrc/common/communicator/http_request_handler.cc:87] Initialize] Ev http register handle of: [/pushMetrics, /getModel, /pushWeight, /updateModel, /pullWeight, /startFLJob] success.
[INFO] FEDERATED(18692,7fc33f7fe700,python):2023-06-21-11:53:18.846.173 [mindspore_federated/fl_arch/ccsrc/common/communicator/http_request_handler.cc:92] Run] Start http server!
[INFO] FEDERATED(18692,7fc4458023c0,python):2023-06-21-11:53:18.846.218 [mindspore_federated/fl_arch/ccsrc/common/communicator/http_request_handler.cc:87] Initialize] Ev http register handle of: [/pushMetrics, /getModel, /pushWeight, /updateModel, /pullWeight, /startFLJob] success.
[INFO] FEDERATED(18692,7fc33e7fc700,python):2023-06-21-11:53:18.846.183 [mindspore_federated/fl_arch/ccsrc/common/communicator/http_request_handler.cc:92] Run] Start http server!
[INFO] FEDERATED(18692,7fc4458023c0,python):2023-06-21-11:53:18.846.261 [mindspore_federated/fl_arch/ccsrc/common/communicator/http_request_handler.cc:87] Initialize] Ev http register handle of: [/pushMetrics, /getModel, /pushWeight, /updateModel, /pullWeight, /startFLJob] success.
[INFO] FEDERATED(18692,7fc33dffb700,python):2023-06-21-11:53:18.846.261 [mindspore_federated/fl_arch/ccsrc/common/communicator/http_request_handler.cc:92] Run] Start http server!
[INFO] FEDERATED(18692,7fc33d7fa700,python):2023-06-21-11:53:18.846.288 [mindspore_federated/fl_arch/ccsrc/common/communicator/http_request_handler.cc:92] Run] Start http server!
[INFO] FEDERATED(18692,7fc4458023c0,python):2023-06-21-11:53:18.846.301 [mindspore_federated/fl_arch/ccsrc/common/communicator/http_request_handler.cc:87] Initialize] Ev http register handle of: [/pushMetrics, /getModel, /pushWeight, /updateModel, /pullWeight, /startFLJob] success.
[INFO] FEDERATED(18692,7fc4458023c0,python):2023-06-21-11:53:18.846.356 [mindspore_federated/fl_arch/ccsrc/common/communicator/http_request_handler.cc:87] Initialize] Ev http register handle of: [/pushMetrics, /getModel, /pushWeight, /updateModel, /pullWeight, /startFLJob] success.
[INFO] FEDERATED(18692,7fc31bfff700,python):2023-06-21-11:53:18.846.389 [mindspore_federated/fl_arch/ccsrc/common/communicator/http_request_handler.cc:92] Run] Start http server!
[INFO] FEDERATED(18692,7fc4458023c0,python):2023-06-21-11:53:18.846.411 [mindspore_federated/fl_arch/ccsrc/common/communicator/http_request_handler.cc:87] Initialize] Ev http register handle of: [/pushMetrics, /getModel, /pushWeight, /updateModel, /pullWeight, /startFLJob] success.
[INFO] FEDERATED(18692,7fc33cff9700,python):2023-06-21-11:53:18.846.415 [mindspore_federated/fl_arch/ccsrc/common/communicator/http_request_handler.cc:92] Run] Start http server!
[INFO] FEDERATED(18692,7fc31b7fe700,python):2023-06-21-11:53:18.846.437 [mindspore_federated/fl_arch/ccsrc/common/communicator/http_request_handler.cc:92] Run] Start http server!
[INFO] FEDERATED(18692,7fc4458023c0,python):2023-06-21-11:53:18.846.453 [mindspore_federated/fl_arch/ccsrc/common/communicator/http_request_handler.cc:87] Initialize] Ev http register handle of: [/pushMetrics, /getModel, /pushWeight, /updateModel, /pullWeight, /startFLJob] success.
[INFO] FEDERATED(18692,7fc31affd700,python):2023-06-21-11:53:18.846.486 [mindspore_federated/fl_arch/ccsrc/common/communicator/http_request_handler.cc:92] Run] Start http server!
[INFO] FEDERATED(18692,7fc4458023c0,python):2023-06-21-11:53:18.846.531 [mindspore_federated/fl_arch/ccsrc/common/communicator/http_request_handler.cc:87] Initialize] Ev http register handle of: [/pushMetrics, /getModel, /pushWeight, /updateModel, /pullWeight, /startFLJob] success.
[INFO] FEDERATED(18692,7fc31a7fc700,python):2023-06-21-11:53:18.846.564 [mindspore_federated/fl_arch/ccsrc/common/communicator/http_request_handler.cc:92] Run] Start http server!
[INFO] FEDERATED(18692,7fc319ffb700,python):2023-06-21-11:53:18.846.600 [mindspore_federated/fl_arch/ccsrc/common/communicator/http_request_handler.cc:92] Run] Start http server!
[INFO] FEDERATED(18692,7fc4458023c0,python):2023-06-21-11:53:18.886.014 [mindspore_federated/fl_arch/ccsrc/common/communicator/http_request_handler.cc:87] Initialize] Ev http register handle of: [/pushMetrics, /getModel, /pushWeight, /updateModel, /pullWeight, /startFLJob] success.
[INFO] FEDERATED(18692,7fc4458023c0,python):2023-06-21-11:53:18.886.169 [mindspore_federated/fl_arch/ccsrc/common/communicator/http_request_handler.cc:87] Initialize] Ev http register handle of: [/pushMetrics, /getModel, /pushWeight, /updateModel, /pullWeight, /startFLJob] success.
[INFO] FEDERATED(18692,7fc4458023c0,python):2023-06-21-11:53:18.886.244 [mindspore_federated/fl_arch/ccsrc/common/communicator/http_request_handler.cc:87] Initialize] Ev http register handle of: [/pushMetrics, /getModel, /pushWeight, /updateModel, /pullWeight, /startFLJob] success.
[INFO] FEDERATED(18692,7fc3197fa700,python):2023-06-21-11:53:18.886.247 [mindspore_federated/fl_arch/ccsrc/common/communicator/http_request_handler.cc:92] Run] Start http server!
[INFO] FEDERATED(18692,7fc318ff9700,python):2023-06-21-11:53:18.886.315 [mindspore_federated/fl_arch/ccsrc/common/communicator/http_request_handler.cc:92] Run] Start http server!
[INFO] FEDERATED(18692,7fc4458023c0,python):2023-06-21-11:53:18.886.332 [mindspore_federated/fl_arch/ccsrc/common/communicator/http_request_handler.cc:87] Initialize] Ev http register handle of: [/pushMetrics, /getModel, /pushWeight, /updateModel, /pullWeight, /startFLJob] success.
[INFO] FEDERATED(18692,7fc303fff700,python):2023-06-21-11:53:18.886.376 [mindspore_federated/fl_arch/ccsrc/common/communicator/http_request_handler.cc:92] Run] Start http server!
[INFO] FEDERATED(18692,7fc4458023c0,python):2023-06-21-11:53:18.886.462 [mindspore_federated/fl_arch/ccsrc/common/communicator/http_request_handler.cc:87] Initialize] Ev http register handle of: [/pushMetrics, /getModel, /pushWeight, /updateModel, /pullWeight, /startFLJob] success.
[INFO] FEDERATED(18692,7fc4458023c0,python):2023-06-21-11:53:18.886.521 [mindspore_federated/fl_arch/ccsrc/common/core/abstract_node.cc:281] StartHttpServer] Http communicator started.
[INFO] FEDERATED(18692,7fc4458023c0,python):2023-06-21-11:53:18.886.540 [mindspore_federated/fl_arch/ccsrc/server/server_node.cc:39] Start] [Server start]: Successfully start server node!
[INFO] FEDERATED(18692,7fc3037fe700,python):2023-06-21-11:53:18.886.542 [mindspore_federated/fl_arch/ccsrc/common/communicator/http_request_handler.cc:92] Run] Start http server!
[INFO] FEDERATED(18692,7fc302ffd700,python):2023-06-21-11:53:18.886.556 [mindspore_federated/fl_arch/ccsrc/common/communicator/http_request_handler.cc:92] Run] Start http server!
[INFO] FEDERATED(18692,7fc4458023c0,python):2023-06-21-11:53:18.886.999 [mindspore_federated/fl_arch/ccsrc/server/server.cc:403] RegisterServer] Success to register server 192.168.199.162:32813::2023-06-21-11:53:18.785.341::69383 to distributed cache
[INFO] FEDERATED(18692,7fc4458023c0,python):2023-06-21-11:53:18.887.135 [mindspore_federated/fl_arch/ccsrc/common/distributed_cache/server.cc:202] UnlockCache] Unlock server successfully
[INFO] FEDERATED(18692,7fc4458023c0,python):2023-06-21-11:53:18.887.158 [mindspore_federated/fl_arch/ccsrc/server/server.cc:75] Run] Server started successfully.
[INFO] FEDERATED(18692:140480956343232,MainProcess):2023-06-21-11:53:18.887.225 [mindspore_federated/startup/federated_local.py:188] after started callback
[INFO] FEDERATED(18692,7fc4458023c0,python):2023-06-21-11:53:18.887.403 [mindspore_federated/fl_arch/ccsrc/server/server.cc:175] RunMainProcess] Begin run main process, start iteration: 1, instance name: i_2023-06-21-11:50:34.127.569, instance state: Running
[INFO] FEDERATED(18692,7fc4458023c0,python):2023-06-21-11:53:18.887.421 [mindspore_federated/fl_arch/ccsrc/server/iteration.cc:539] StartThreadToRecordDataRate] Start to create a thread to record data rate
[INFO] FEDERATED(18692,7fc4458023c0,python):2023-06-21-11:53:18.887.497 [mindspore_federated/fl_arch/ccsrc/common/distributed_cache/iteration_task_thread.cc:25] Start] Start thread that handles counter and timer events
[INFO] FEDERATED(18692,7fc3027fc700,python):2023-06-21-11:53:18.887.540 [mindspore_federated/fl_arch/ccsrc/server/iteration.cc:542] operator()] The data rate file path is ..
[INFO] FEDERATED(18692,7fc301ffb700,python):2023-06-21-11:55:02.052.931 [mindspore_federated/fl_arch/ccsrc/server/round.cc:159] OnFirstCountEvent] Round startFLJob first count event is triggered.
[INFO] FEDERATED(18692,7fc301ffb700,python):2023-06-21-11:55:02.053.005 [mindspore_federated/fl_arch/ccsrc/common/distributed_cache/timer.cc:67] StartTimer] Start timer startFLJob, timer length in seconds: 60000, expire timestamp in milliseconds: 1687379702052
[INFO] FEDERATED(18692,7fc301ffb700,python):2023-06-21-11:55:02.053.028 [mindspore_federated/fl_arch/ccsrc/server/iteration.cc:105] SetIterationRunning] Iteration 1 start running.
[INFO] FEDERATED(18692,7fc301ffb700,python):2023-06-21-11:55:02.053.059 [mindspore_federated/fl_arch/ccsrc/common/distributed_cache/timer.cc:67] StartTimer] Start timer globalTimer, timer length in seconds: 120000, expire timestamp in milliseconds: 1687439702053
[INFO] FEDERATED(18692,7fc301ffb700,python):2023-06-21-11:55:02.053.083 [mindspore_federated/fl_arch/ccsrc/server/round.cc:170] OnLastCountEvent] Round startFLJob last count event is triggered.
[INFO] FEDERATED(18692,7fc301ffb700,python):2023-06-21-11:55:02.053.098 [mindspore_federated/fl_arch/ccsrc/common/distributed_cache/timer.cc:115] StopTimer] Stop timer startFLJob
[INFO] FEDERATED(18692,7fc35576e700,python):2023-06-21-22:55:04.927.662 [mindspore_federated/fl_arch/ccsrc/common/communicator/tcp_server.cc:264] ListenerCallbackInner] SSL is disable.
[INFO] FEDERATED(18692,7fc35576e700,python):2023-06-21-22:55:04.927.768 [mindspore_federated/fl_arch/ccsrc/common/communicator/tcp_server.cc:300] ListenerCallbackInner] A client is connected, fd is 83
[INFO] FEDERATED(18692,7fc35576e700,python):2023-06-21-22:55:04.930.141 [mindspore_federated/fl_arch/ccsrc/server/server_node.cc:238] HandleServerPing] Receive ping message from 192.168.199.162:39279::2023-06-21-22:55:04.913.102::69383
[INFO] FEDERATED(18692,7fc35576e700,python):2023-06-21-22:55:04.930.206 [mindspore_federated/fl_arch/ccsrc/server/server_node.cc:214] PongOneServer] Send pong message to 192.168.199.162:39279::2023-06-21-22:55:04.913.102::69383
[INFO] FEDERATED(18692,7fc35576e700,python):2023-06-21-22:55:04.937.105 [mindspore_federated/fl_arch/ccsrc/common/communicator/tcp_client.cc:51] CreateBufferEvent] SSL is disable.
[INFO] FEDERATED(18692,7fc345cfe700,python):2023-06-21-22:55:04.937.291 [mindspore_federated/fl_arch/ccsrc/common/communicator/tcp_client.cc:175] NotifyConnected] Client connected to the server! Peer Server ip: 192.168.199.162, port: 39279
[INFO] FEDERATED(18692,7fc345cfe700,python):2023-06-21-22:55:04.937.343 [mindspore_federated/fl_arch/ccsrc/common/communicator/tcp_client.cc:208] EventCallbackInner] Client connected! Peer Server ip: 192.168.199.162, port: 39279
[INFO] FEDERATED(18692,7fc35576e700,python):2023-06-21-22:55:04.939.961 [mindspore_federated/fl_arch/ccsrc/server/server_node.cc:327] HandleGetModelWeight] Begin handle get model weight message
[INFO] FEDERATED(18692,7fc35576e700,python):2023-06-21-22:55:04.960.925 [mindspore_federated/fl_arch/ccsrc/server/server_node.cc:340] HandleGetModelWeight] End handle get model weight message
