[INFO] ME(9503,7fe0ca3ac3c0,python):2023-07-27-15:42:22.836.588 [mindspore/ccsrc/runtime/hardware/device_context_manager.cc:47] LoadDynamicLib] Load dynamic library: libmindspore_ascend.so failed. libge_runner.so: cannot open shared object file: No such file or directory
[INFO] ME(9503,7fe0ca3ac3c0,python):2023-07-27-15:42:22.837.277 [mindspore/ccsrc/runtime/hardware/device_context_manager.cc:47] LoadDynamicLib] Load dynamic library: libmindspore_gpu.so.11.6 failed. libnvrtc.so.11.2: cannot open shared object file: No such file or directory
[INFO] ME(9503,7fe0ca3ac3c0,python):2023-07-27-15:42:22.873.471 [mindspore/ccsrc/runtime/hardware/device_context_manager.cc:195] LoadPlugin] Load libmindspore_gpu plugin file /home/qiyijie/.conda/envs/mindspore/lib/python3.9/site-packages/mindspore/lib/plugin/libmindspore_gpu.so.11.1 success, skip loading other version.
[INFO] PIPELINE(9503,7fe0ca3ac3c0,python):2023-07-27-15:42:22.888.718 [mindspore/ccsrc/pybind_api/ir/log_adapter_py.h:30] PyExceptionInitializer] Set exception handler
[INFO] CORE(9503,7fe0ca3ac3c0,python):2023-07-27-15:42:22.961.356 [mindspore/core/utils/ms_context.cc:316] SetDeviceTargetFromInner] ms set context device target:GPU
[INFO] PARALLEL(9503,7fe0ca3ac3c0,python):2023-07-27-15:42:22.961.404 [mindspore/ccsrc/frontend/parallel/costmodel_context.cc:30] GetInstance] Create costmodel_context
[INFO] ME(9503:140603442250688,MainProcess):2023-07-27-15:42:22.961.798 [mindspore/run_check/_check_version.py:537] Setting the env `PROTOCOL_BUFFERS_PYTHON_IMPLEMENTATION=python` to prevent memory overflow during save or load checkpoint file.
[INFO] PIPELINE(9503,7fe0ca3ac3c0,python):2023-07-27-15:42:23.667.099 [mindspore/ccsrc/pipeline/jit/pipeline.cc:255] RecordInitStatus] Status record: system init.
[INFO] FEDERATED(9503,7fe0ca3ac3c0,python):2023-07-27-15:42:23.718.171 [mindspore_federated/fl_arch/ccsrc/common/fl_context.cc:113] set_http_server_address] Http server address is:192.168.199.162:9020
[INFO] FEDERATED(9503,7fe0ca3ac3c0,python):2023-07-27-15:42:23.727.398 [mindspore_federated/fl_arch/ccsrc/common/fl_context.cc:53] set_server_mode] Server mode: FEDERATED_LEARNING is used for Server and Worker. Scheduler will ignore it.
[INFO] FEDERATED(9503,7fe0ca3ac3c0,python):2023-07-27-15:42:23.727.433 [mindspore_federated/fl_arch/ccsrc/common/core/yaml_config.cc:148] InitUnsupervisedConfig] cluster_client_num is 0, eval_type is NOT_EVAL
[INFO] FEDERATED(9503,7fe0ca3ac3c0,python):2023-07-27-15:42:23.727.454 [mindspore_federated/fl_arch/ccsrc/common/core/yaml_config.cc:195] InitCompressionConfig] upload_compress_type is NO_COMPRESS, upload_sparse_rate is 0.3, download_compress_type is NO_COMPRESS
[INFO] FEDERATED(9503:140603442250688,MainProcess):2023-07-27-15:42:23.727.961 [mindspore_federated/startup/federated_local.py:306] Recovery ckpt files is: [(43, '20230721182755', '/home/qiyijie/git_projects/mindspore/federated/example/cross_device_albert2/./fl_ckpt/Albert_recovery_iteration_43_20230721_182755.ckpt'), (42, '20230721182248', '/home/qiyijie/git_projects/mindspore/federated/example/cross_device_albert2/./fl_ckpt/Albert_recovery_iteration_42_20230721_182248.ckpt'), (41, '20230721181746', '/home/qiyijie/git_projects/mindspore/federated/example/cross_device_albert2/./fl_ckpt/Albert_recovery_iteration_41_20230721_181746.ckpt')].
[INFO] FEDERATED(9503:140603442250688,MainProcess):2023-07-27-15:42:23.728.069 [mindspore_federated/startup/federated_local.py:33] load checkpoint file: /home/qiyijie/git_projects/mindspore/federated/example/cross_device_albert2/./fl_ckpt/Albert_recovery_iteration_43_20230721_182755.ckpt
[INFO] ME(9503:140603442250688,MainProcess):2023-07-27-15:42:23.728.156 [mindspore/train/serialization.py:704] Execute the process of loading checkpoint files.
[INFO] ME(9503:140603442250688,MainProcess):2023-07-27-15:42:23.751.645 [mindspore/train/serialization.py:738] Loading checkpoint files process is finished.
[INFO] FEDERATED(9503:140603442250688,MainProcess):2023-07-27-15:42:23.751.859 [mindspore_federated/startup/federated_local.py:44] Weight name: albert.embedding_postprocessor.embedding_table, shape: [2, 128], dtype: float32
[INFO] FEDERATED(9503:140603442250688,MainProcess):2023-07-27-15:42:23.751.949 [mindspore_federated/startup/federated_local.py:44] Weight name: albert.embedding_postprocessor.full_position_embeddings, shape: [512, 128], dtype: float32
[INFO] FEDERATED(9503:140603442250688,MainProcess):2023-07-27-15:42:23.751.999 [mindspore_federated/startup/federated_local.py:44] Weight name: albert.embedding_postprocessor.layernorm.beta, shape: [128], dtype: float32
[INFO] FEDERATED(9503:140603442250688,MainProcess):2023-07-27-15:42:23.752.045 [mindspore_federated/startup/federated_local.py:44] Weight name: albert.embedding_postprocessor.layernorm.gamma, shape: [128], dtype: float32
[INFO] FEDERATED(9503:140603442250688,MainProcess):2023-07-27-15:42:23.752.088 [mindspore_federated/startup/federated_local.py:44] Weight name: albert.encoder.albert_layer_groups.0.albert_layers.0.attention.attention.key.bias, shape: [312], dtype: float32
[INFO] FEDERATED(9503:140603442250688,MainProcess):2023-07-27-15:42:23.752.132 [mindspore_federated/startup/federated_local.py:44] Weight name: albert.encoder.albert_layer_groups.0.albert_layers.0.attention.attention.key.weight, shape: [312, 312], dtype: float32
[INFO] FEDERATED(9503:140603442250688,MainProcess):2023-07-27-15:42:23.752.175 [mindspore_federated/startup/federated_local.py:44] Weight name: albert.encoder.albert_layer_groups.0.albert_layers.0.attention.attention.query.bias, shape: [312], dtype: float32
[INFO] FEDERATED(9503:140603442250688,MainProcess):2023-07-27-15:42:23.752.217 [mindspore_federated/startup/federated_local.py:44] Weight name: albert.encoder.albert_layer_groups.0.albert_layers.0.attention.attention.query.weight, shape: [312, 312], dtype: float32
[INFO] FEDERATED(9503:140603442250688,MainProcess):2023-07-27-15:42:23.752.257 [mindspore_federated/startup/federated_local.py:44] Weight name: albert.encoder.albert_layer_groups.0.albert_layers.0.attention.attention.value.bias, shape: [312], dtype: float32
[INFO] FEDERATED(9503:140603442250688,MainProcess):2023-07-27-15:42:23.752.300 [mindspore_federated/startup/federated_local.py:44] Weight name: albert.encoder.albert_layer_groups.0.albert_layers.0.attention.attention.value.weight, shape: [312, 312], dtype: float32
[INFO] FEDERATED(9503:140603442250688,MainProcess):2023-07-27-15:42:23.752.344 [mindspore_federated/startup/federated_local.py:44] Weight name: albert.encoder.albert_layer_groups.0.albert_layers.0.attention.output.dense.bias, shape: [312], dtype: float32
[INFO] FEDERATED(9503:140603442250688,MainProcess):2023-07-27-15:42:23.752.386 [mindspore_federated/startup/federated_local.py:44] Weight name: albert.encoder.albert_layer_groups.0.albert_layers.0.attention.output.dense.weight, shape: [312, 312], dtype: float32
[INFO] FEDERATED(9503:140603442250688,MainProcess):2023-07-27-15:42:23.752.428 [mindspore_federated/startup/federated_local.py:44] Weight name: albert.encoder.albert_layer_groups.0.albert_layers.0.attention.output.layernorm.beta, shape: [312], dtype: float32
[INFO] FEDERATED(9503:140603442250688,MainProcess):2023-07-27-15:42:23.752.470 [mindspore_federated/startup/federated_local.py:44] Weight name: albert.encoder.albert_layer_groups.0.albert_layers.0.attention.output.layernorm.gamma, shape: [312], dtype: float32
[INFO] FEDERATED(9503:140603442250688,MainProcess):2023-07-27-15:42:23.752.512 [mindspore_federated/startup/federated_local.py:44] Weight name: albert.encoder.albert_layer_groups.0.albert_layers.0.ffn.bias, shape: [1248], dtype: float32
[INFO] FEDERATED(9503:140603442250688,MainProcess):2023-07-27-15:42:23.752.554 [mindspore_federated/startup/federated_local.py:44] Weight name: albert.encoder.albert_layer_groups.0.albert_layers.0.ffn.weight, shape: [1248, 312], dtype: float32
[INFO] FEDERATED(9503:140603442250688,MainProcess):2023-07-27-15:42:23.752.595 [mindspore_federated/startup/federated_local.py:44] Weight name: albert.encoder.albert_layer_groups.0.albert_layers.0.ffn_output.bias, shape: [312], dtype: float32
[INFO] FEDERATED(9503:140603442250688,MainProcess):2023-07-27-15:42:23.752.635 [mindspore_federated/startup/federated_local.py:44] Weight name: albert.encoder.albert_layer_groups.0.albert_layers.0.ffn_output.weight, shape: [312, 1248], dtype: float32
[INFO] FEDERATED(9503:140603442250688,MainProcess):2023-07-27-15:42:23.752.681 [mindspore_federated/startup/federated_local.py:44] Weight name: albert.encoder.albert_layer_groups.0.albert_layers.0.full_layer_layer_norm.beta, shape: [312], dtype: float32
[INFO] FEDERATED(9503:140603442250688,MainProcess):2023-07-27-15:42:23.752.723 [mindspore_federated/startup/federated_local.py:44] Weight name: albert.encoder.albert_layer_groups.0.albert_layers.0.full_layer_layer_norm.gamma, shape: [312], dtype: float32
[INFO] FEDERATED(9503:140603442250688,MainProcess):2023-07-27-15:42:23.752.764 [mindspore_federated/startup/federated_local.py:44] Weight name: albert.encoder.embedding_hidden_mapping_in.bias, shape: [312], dtype: float32
[INFO] FEDERATED(9503:140603442250688,MainProcess):2023-07-27-15:42:23.752.806 [mindspore_federated/startup/federated_local.py:44] Weight name: albert.encoder.embedding_hidden_mapping_in.weight, shape: [312, 128], dtype: float32
[INFO] FEDERATED(9503:140603442250688,MainProcess):2023-07-27-15:42:23.752.849 [mindspore_federated/startup/federated_local.py:44] Weight name: albert.pooler.bias, shape: [312], dtype: float32
[INFO] FEDERATED(9503:140603442250688,MainProcess):2023-07-27-15:42:23.752.889 [mindspore_federated/startup/federated_local.py:44] Weight name: albert.pooler.weight, shape: [312, 312], dtype: float32
[INFO] FEDERATED(9503:140603442250688,MainProcess):2023-07-27-15:42:23.752.932 [mindspore_federated/startup/federated_local.py:44] Weight name: albert.word_embeddings.embedding_table, shape: [11682, 128], dtype: float32
[INFO] FEDERATED(9503:140603442250688,MainProcess):2023-07-27-15:42:23.752.973 [mindspore_federated/startup/federated_local.py:44] Weight name: classifier.bias, shape: [4], dtype: float32
[INFO] FEDERATED(9503:140603442250688,MainProcess):2023-07-27-15:42:23.753.014 [mindspore_federated/startup/federated_local.py:44] Weight name: classifier.weight, shape: [4, 312], dtype: float32
[INFO] FEDERATED(9503:140603442250688,MainProcess):2023-07-27-15:42:23.753.039 [mindspore_federated/startup/federated_local.py:254] Load recovery checkpoint file /home/qiyijie/git_projects/mindspore/federated/example/cross_device_albert2/./fl_ckpt/Albert_recovery_iteration_43_20230721_182755.ckpt successfully.
[INFO] FEDERATED(9503:140603442250688,MainProcess):2023-07-27-15:42:23.753.071 [mindspore_federated/startup/federated_local.py:319] Recovery iteration num is: 44.
[INFO] FEDERATED(9503,7fe0ca3ac3c0,python):2023-07-27-15:42:23.753.209 [mindspore_federated/fl_arch/ccsrc/common/fl_context.cc:76] set_ms_role] MS_ROLE of this node is MS_SERVER
[INFO] FEDERATED(9503,7fe0ca3ac3c0,python):2023-07-27-15:42:23.754.626 [mindspore_federated/fl_arch/ccsrc/common/communicator/tcp_server.cc:142] Init] The max connection is:10000
[INFO] FEDERATED(9503,7fe0ca3ac3c0,python):2023-07-27-15:42:23.756.050 [mindspore_federated/fl_arch/ccsrc/common/communicator/tcp_client.cc:51] CreateBufferEvent] SSL is disable.
[INFO] FEDERATED(9503,7fdfd82bb700,python):2023-07-27-15:42:23.756.311 [mindspore_federated/fl_arch/ccsrc/common/communicator/tcp_server.cc:264] ListenerCallbackInner] SSL is disable.
[INFO] FEDERATED(9503,7fdfca04e700,python):2023-07-27-15:42:23.756.327 [mindspore_federated/fl_arch/ccsrc/common/communicator/tcp_client.cc:175] NotifyConnected] Client connected to the server! Peer Server ip: 192.168.199.162, port: 39879
[INFO] FEDERATED(9503,7fdfd82bb700,python):2023-07-27-15:42:23.756.374 [mindspore_federated/fl_arch/ccsrc/common/communicator/tcp_server.cc:300] ListenerCallbackInner] A client is connected, fd is 13
[INFO] FEDERATED(9503,7fdfca04e700,python):2023-07-27-15:42:23.756.401 [mindspore_federated/fl_arch/ccsrc/common/communicator/tcp_client.cc:208] EventCallbackInner] Client connected! Peer Server ip: 192.168.199.162, port: 39879
[INFO] FEDERATED(9503,7fe0ca3ac3c0,python):2023-07-27-15:42:23.756.408 [mindspore_federated/fl_arch/ccsrc/common/core/abstract_node.cc:337] InitNodeInfo] The node role:SERVER is generate uuid is:192.168.199.162:39879::2023-07-27-15:42:23.756.396::69383, the ip:192.168.199.162, the port:39879
[INFO] FEDERATED(9503,7fe0ca3ac3c0,python):2023-07-27-15:42:23.756.433 [mindspore_federated/fl_arch/ccsrc/server/server_node.cc:31] InitializeBeforeCache] [Server start]: Server node create tcp server successful!
[INFO] FEDERATED(9503,7fe0ca3ac3c0,python):2023-07-27-15:42:23.756.446 [mindspore_federated/fl_arch/ccsrc/common/distributed_cache/redis/redis.cc:675] Init] Try connect to redis sever 127.0.0.1:23457, retry time in seconds 900
[INFO] FEDERATED(9503,7fe0ca3ac3c0,python):2023-07-27-15:42:23.761.851 [mindspore_federated/fl_arch/ccsrc/common/distributed_cache/redis/redis.cc:689] Init] Connect to redis sever 127.0.0.1:23457 successfully
[INFO] FEDERATED(9503,7fe0ca3ac3c0,python):2023-07-27-15:42:23.762.208 [mindspore_federated/fl_arch/ccsrc/common/distributed_cache/instance_context.cc:113] set_instance_state] Instance state is updated to Finish
[INFO] FEDERATED(9503,7fe0ca3ac3c0,python):2023-07-27-15:42:23.762.358 [mindspore_federated/fl_arch/ccsrc/common/distributed_cache/hyper_params.cc:245] SyncCache2Local] Sync hyper params from cache success
[INFO] FEDERATED(9503,7fe0ca3ac3c0,python):2023-07-27-15:42:23.762.371 [mindspore_federated/fl_arch/ccsrc/common/distributed_cache/hyper_params.cc:89] SyncOnNewInstance] start_fl_job_threshold: 3
[INFO] FEDERATED(9503,7fe0ca3ac3c0,python):2023-07-27-15:42:23.762.375 [mindspore_federated/fl_arch/ccsrc/common/distributed_cache/hyper_params.cc:90] SyncOnNewInstance] start_fl_job_time_window in ms: 100000
[INFO] FEDERATED(9503,7fe0ca3ac3c0,python):2023-07-27-15:42:23.762.385 [mindspore_federated/fl_arch/ccsrc/common/distributed_cache/hyper_params.cc:91] SyncOnNewInstance] update_model_ratio: 0.67
[INFO] FEDERATED(9503,7fe0ca3ac3c0,python):2023-07-27-15:42:23.762.390 [mindspore_federated/fl_arch/ccsrc/common/distributed_cache/hyper_params.cc:92] SyncOnNewInstance] update_model_time_window in ms: 100000
[INFO] FEDERATED(9503,7fe0ca3ac3c0,python):2023-07-27-15:42:23.762.394 [mindspore_federated/fl_arch/ccsrc/common/distributed_cache/hyper_params.cc:93] SyncOnNewInstance] fl_iteration_num: 10
[INFO] FEDERATED(9503,7fe0ca3ac3c0,python):2023-07-27-15:42:23.762.399 [mindspore_federated/fl_arch/ccsrc/common/distributed_cache/hyper_params.cc:94] SyncOnNewInstance] client_epoch_num: 20
[INFO] FEDERATED(9503,7fe0ca3ac3c0,python):2023-07-27-15:42:23.762.403 [mindspore_federated/fl_arch/ccsrc/common/distributed_cache/hyper_params.cc:95] SyncOnNewInstance] client_batch_size: 16
[INFO] FEDERATED(9503,7fe0ca3ac3c0,python):2023-07-27-15:42:23.762.408 [mindspore_federated/fl_arch/ccsrc/common/distributed_cache/hyper_params.cc:96] SyncOnNewInstance] client_learning_rate: 1e-05
[INFO] FEDERATED(9503,7fe0ca3ac3c0,python):2023-07-27-15:42:23.762.413 [mindspore_federated/fl_arch/ccsrc/common/distributed_cache/hyper_params.cc:97] SyncOnNewInstance] global_iteration_time_window in ms: 200000
[INFO] FEDERATED(9503,7fe0ca3ac3c0,python):2023-07-27-15:42:23.762.420 [mindspore_federated/fl_arch/ccsrc/common/distributed_cache/server.cc:140] LockCache] Begin to lock server
[INFO] FEDERATED(9503,7fe0ca3ac3c0,python):2023-07-27-15:42:23.762.469 [mindspore_federated/fl_arch/ccsrc/common/distributed_cache/server.cc:165] LockCache] Lock server successfully
[INFO] FEDERATED(9503,7fe0ca3ac3c0,python):2023-07-27-15:42:23.762.478 [mindspore_federated/fl_arch/ccsrc/server/server_node.cc:149] ServerPingPong] Begin ping all other servers
[INFO] FEDERATED(9503,7fe0ca3ac3c0,python):2023-07-27-15:42:23.762.547 [mindspore_federated/fl_arch/ccsrc/server/server_node.cc:191] PingOneServer] Send ping message to 192.168.199.162:42489::2023-07-27-15:42:09.347.811::69383
[INFO] FEDERATED(9503,7fe0ca3ac3c0,python):2023-07-27-15:42:23.765.366 [mindspore_federated/fl_arch/ccsrc/common/communicator/tcp_client.cc:51] CreateBufferEvent] SSL is disable.
[INFO] FEDERATED(9503,7fdfca04e700,python):2023-07-27-15:42:23.765.459 [mindspore_federated/fl_arch/ccsrc/common/communicator/tcp_client.cc:175] NotifyConnected] Client connected to the server! Peer Server ip: 192.168.199.162, port: 42489
[INFO] FEDERATED(9503,7fdfca04e700,python):2023-07-27-15:42:23.765.538 [mindspore_federated/fl_arch/ccsrc/common/communicator/tcp_client.cc:208] EventCallbackInner] Client connected! Peer Server ip: 192.168.199.162, port: 42489
[INFO] FEDERATED(9503,7fdfd82bb700,python):2023-07-27-15:42:23.775.727 [mindspore_federated/fl_arch/ccsrc/common/communicator/tcp_server.cc:264] ListenerCallbackInner] SSL is disable.
[INFO] FEDERATED(9503,7fdfd82bb700,python):2023-07-27-15:42:23.775.794 [mindspore_federated/fl_arch/ccsrc/common/communicator/tcp_server.cc:300] ListenerCallbackInner] A client is connected, fd is 19
[INFO] FEDERATED(9503,7fdfd82bb700,python):2023-07-27-15:42:23.775.859 [mindspore_federated/fl_arch/ccsrc/server/server_node.cc:248] HandleServerPong] Receive pong message from 192.168.199.162:42489::2023-07-27-15:42:09.347.811::69383
[INFO] FEDERATED(9503,7fe0ca3ac3c0,python):2023-07-27-15:42:23.776.199 [mindspore_federated/fl_arch/ccsrc/server/server_node.cc:169] ServerPingPong] Success receive pong message from servers: [192.168.199.162:42489::2023-07-27-15:42:09.347.811::69383]
[INFO] FEDERATED(9503,7fe0ca3ac3c0,python):2023-07-27-15:42:23.776.221 [mindspore_federated/fl_arch/ccsrc/common/fl_context.cc:105] GenerateResetterRound] Server context is 2. Resetter round is 1
[INFO] FEDERATED(9503,7fe0ca3ac3c0,python):2023-07-27-15:42:23.776.229 [mindspore_federated/fl_arch/ccsrc/common/core/abstract_node.cc:220] GetOrCreateTcpComm] Create Tcp communicator.
[INFO] FEDERATED(9503,7fe0ca3ac3c0,python):2023-07-27-15:42:23.778.037 [mindspore_federated/fl_arch/ccsrc/common/core/abstract_node.cc:208] GetOrCreateHttpComm] Create Http communicator.
[INFO] FEDERATED(9503,7fe0ca3ac3c0,python):2023-07-27-15:42:23.778.407 [mindspore_federated/fl_arch/ccsrc/common/distributed_cache/model_info.cc:103] SyncCache2Local] Sync model info from cache success
[INFO] FEDERATED(9503,7fe0ca3ac3c0,python):2023-07-27-15:42:23.778.440 [mindspore_federated/fl_arch/ccsrc/server/server_node.cc:267] GetModelWeight] Begin get model weight of iteration 43 from other servers
[INFO] FEDERATED(9503,7fe0ca3ac3c0,python):2023-07-27-15:42:23.810.321 [mindspore_federated/fl_arch/ccsrc/server/server_node.cc:317] GetModelWeight] Success to get model weight of iteration 43 from other servers, model size: 11493008
[INFO] FEDERATED(9503,7fe0ca3ac3c0,python):2023-07-27-15:42:23.812.006 [mindspore_federated/fl_arch/ccsrc/server/model_store.cc:30] Initialize] Latest iteration num is 43
[INFO] FEDERATED(9503,7fe0ca3ac3c0,python):2023-07-27-15:42:23.812.668 [mindspore_federated/fl_arch/ccsrc/server/model_store.cc:84] InitModel] Aggregate Weight full name is albert.embedding_postprocessor.embedding_table, weight byte size is 1024
[INFO] FEDERATED(9503,7fe0ca3ac3c0,python):2023-07-27-15:42:23.812.721 [mindspore_federated/fl_arch/ccsrc/server/model_store.cc:84] InitModel] Aggregate Weight full name is albert.embedding_postprocessor.full_position_embeddings, weight byte size is 262144
[INFO] FEDERATED(9503,7fe0ca3ac3c0,python):2023-07-27-15:42:23.812.733 [mindspore_federated/fl_arch/ccsrc/server/model_store.cc:84] InitModel] Aggregate Weight full name is albert.embedding_postprocessor.layernorm.beta, weight byte size is 512
[INFO] FEDERATED(9503,7fe0ca3ac3c0,python):2023-07-27-15:42:23.812.742 [mindspore_federated/fl_arch/ccsrc/server/model_store.cc:84] InitModel] Aggregate Weight full name is albert.embedding_postprocessor.layernorm.gamma, weight byte size is 512
[INFO] FEDERATED(9503,7fe0ca3ac3c0,python):2023-07-27-15:42:23.812.754 [mindspore_federated/fl_arch/ccsrc/server/model_store.cc:84] InitModel] Aggregate Weight full name is albert.encoder.albert_layer_groups.0.albert_layers.0.attention.attention.key.bias, weight byte size is 1248
[INFO] FEDERATED(9503,7fe0ca3ac3c0,python):2023-07-27-15:42:23.812.823 [mindspore_federated/fl_arch/ccsrc/server/model_store.cc:84] InitModel] Aggregate Weight full name is albert.encoder.albert_layer_groups.0.albert_layers.0.attention.attention.key.weight, weight byte size is 389376
[INFO] FEDERATED(9503,7fe0ca3ac3c0,python):2023-07-27-15:42:23.812.849 [mindspore_federated/fl_arch/ccsrc/server/model_store.cc:84] InitModel] Aggregate Weight full name is albert.encoder.albert_layer_groups.0.albert_layers.0.attention.attention.query.bias, weight byte size is 1248
[INFO] FEDERATED(9503,7fe0ca3ac3c0,python):2023-07-27-15:42:23.812.913 [mindspore_federated/fl_arch/ccsrc/server/model_store.cc:84] InitModel] Aggregate Weight full name is albert.encoder.albert_layer_groups.0.albert_layers.0.attention.attention.query.weight, weight byte size is 389376
[INFO] FEDERATED(9503,7fe0ca3ac3c0,python):2023-07-27-15:42:23.812.924 [mindspore_federated/fl_arch/ccsrc/server/model_store.cc:84] InitModel] Aggregate Weight full name is albert.encoder.albert_layer_groups.0.albert_layers.0.attention.attention.value.bias, weight byte size is 1248
[INFO] FEDERATED(9503,7fe0ca3ac3c0,python):2023-07-27-15:42:23.812.990 [mindspore_federated/fl_arch/ccsrc/server/model_store.cc:84] InitModel] Aggregate Weight full name is albert.encoder.albert_layer_groups.0.albert_layers.0.attention.attention.value.weight, weight byte size is 389376
[INFO] FEDERATED(9503,7fe0ca3ac3c0,python):2023-07-27-15:42:23.813.002 [mindspore_federated/fl_arch/ccsrc/server/model_store.cc:84] InitModel] Aggregate Weight full name is albert.encoder.albert_layer_groups.0.albert_layers.0.attention.output.dense.bias, weight byte size is 1248
[INFO] FEDERATED(9503,7fe0ca3ac3c0,python):2023-07-27-15:42:23.813.071 [mindspore_federated/fl_arch/ccsrc/server/model_store.cc:84] InitModel] Aggregate Weight full name is albert.encoder.albert_layer_groups.0.albert_layers.0.attention.output.dense.weight, weight byte size is 389376
[INFO] FEDERATED(9503,7fe0ca3ac3c0,python):2023-07-27-15:42:23.813.083 [mindspore_federated/fl_arch/ccsrc/server/model_store.cc:84] InitModel] Aggregate Weight full name is albert.encoder.albert_layer_groups.0.albert_layers.0.attention.output.layernorm.beta, weight byte size is 1248
[INFO] FEDERATED(9503,7fe0ca3ac3c0,python):2023-07-27-15:42:23.813.091 [mindspore_federated/fl_arch/ccsrc/server/model_store.cc:84] InitModel] Aggregate Weight full name is albert.encoder.albert_layer_groups.0.albert_layers.0.attention.output.layernorm.gamma, weight byte size is 1248
[INFO] FEDERATED(9503,7fe0ca3ac3c0,python):2023-07-27-15:42:23.813.107 [mindspore_federated/fl_arch/ccsrc/server/model_store.cc:84] InitModel] Aggregate Weight full name is albert.encoder.albert_layer_groups.0.albert_layers.0.ffn.bias, weight byte size is 4992
[INFO] FEDERATED(9503,7fe0ca3ac3c0,python):2023-07-27-15:42:23.813.342 [mindspore_federated/fl_arch/ccsrc/server/model_store.cc:84] InitModel] Aggregate Weight full name is albert.encoder.albert_layer_groups.0.albert_layers.0.ffn.weight, weight byte size is 1557504
[INFO] FEDERATED(9503,7fe0ca3ac3c0,python):2023-07-27-15:42:23.813.361 [mindspore_federated/fl_arch/ccsrc/server/model_store.cc:84] InitModel] Aggregate Weight full name is albert.encoder.albert_layer_groups.0.albert_layers.0.ffn_output.bias, weight byte size is 1248
[INFO] FEDERATED(9503,7fe0ca3ac3c0,python):2023-07-27-15:42:23.813.564 [mindspore_federated/fl_arch/ccsrc/server/model_store.cc:84] InitModel] Aggregate Weight full name is albert.encoder.albert_layer_groups.0.albert_layers.0.ffn_output.weight, weight byte size is 1557504
[INFO] FEDERATED(9503,7fe0ca3ac3c0,python):2023-07-27-15:42:23.813.578 [mindspore_federated/fl_arch/ccsrc/server/model_store.cc:84] InitModel] Aggregate Weight full name is albert.encoder.albert_layer_groups.0.albert_layers.0.full_layer_layer_norm.beta, weight byte size is 1248
[INFO] FEDERATED(9503,7fe0ca3ac3c0,python):2023-07-27-15:42:23.813.592 [mindspore_federated/fl_arch/ccsrc/server/model_store.cc:84] InitModel] Aggregate Weight full name is albert.encoder.albert_layer_groups.0.albert_layers.0.full_layer_layer_norm.gamma, weight byte size is 1248
[INFO] FEDERATED(9503,7fe0ca3ac3c0,python):2023-07-27-15:42:23.813.605 [mindspore_federated/fl_arch/ccsrc/server/model_store.cc:84] InitModel] Aggregate Weight full name is albert.encoder.embedding_hidden_mapping_in.bias, weight byte size is 1248
[INFO] FEDERATED(9503,7fe0ca3ac3c0,python):2023-07-27-15:42:23.813.643 [mindspore_federated/fl_arch/ccsrc/server/model_store.cc:84] InitModel] Aggregate Weight full name is albert.encoder.embedding_hidden_mapping_in.weight, weight byte size is 159744
[INFO] FEDERATED(9503,7fe0ca3ac3c0,python):2023-07-27-15:42:23.813.656 [mindspore_federated/fl_arch/ccsrc/server/model_store.cc:84] InitModel] Aggregate Weight full name is albert.pooler.bias, weight byte size is 1248
[INFO] FEDERATED(9503,7fe0ca3ac3c0,python):2023-07-27-15:42:23.813.715 [mindspore_federated/fl_arch/ccsrc/server/model_store.cc:84] InitModel] Aggregate Weight full name is albert.pooler.weight, weight byte size is 389376
[INFO] FEDERATED(9503,7fe0ca3ac3c0,python):2023-07-27-15:42:23.814.511 [mindspore_federated/fl_arch/ccsrc/server/model_store.cc:84] InitModel] Aggregate Weight full name is albert.word_embeddings.embedding_table, weight byte size is 5981184
[INFO] FEDERATED(9503,7fe0ca3ac3c0,python):2023-07-27-15:42:23.814.534 [mindspore_federated/fl_arch/ccsrc/server/model_store.cc:84] InitModel] Aggregate Weight full name is classifier.bias, weight byte size is 16
[INFO] FEDERATED(9503,7fe0ca3ac3c0,python):2023-07-27-15:42:23.814.550 [mindspore_federated/fl_arch/ccsrc/server/model_store.cc:84] InitModel] Aggregate Weight full name is classifier.weight, weight byte size is 4992
[INFO] FEDERATED(9503,7fe0ca3ac3c0,python):2023-07-27-15:42:23.858.779 [mindspore_federated/fl_arch/ccsrc/server/model_store.cc:339] AssignNewCompressModelMemory] Register compressWeight for compressType: QUANT
[INFO] FEDERATED(9503,7fe0ca3ac3c0,python):2023-07-27-15:42:23.859.843 [mindspore_federated/fl_arch/ccsrc/server/model_store.cc:43] Initialize] Model store checkpoint dir is: /home/qiyijie/git_projects/mindspore/federated/example/cross_device_albert2/./fl_ckpt/
[INFO] FEDERATED(9503,7fe0ca3ac3c0,python):2023-07-27-15:42:23.860.739 [mindspore_federated/fl_arch/ccsrc/server/server.cc:607] SyncAndInitModel] Load model success: The model synced from other servers is used as the model of iteration 43
[INFO] FEDERATED(9503,7fe0ca3ac3c0,python):2023-07-27-15:42:23.861.664 [mindspore_federated/fl_arch/ccsrc/server/server.cc:158] InitRoundConfigs] Initializing cipher:
[INFO] FEDERATED(9503,7fe0ca3ac3c0,python):2023-07-27-15:42:23.861.675 [mindspore_federated/fl_arch/ccsrc/server/server.cc:159] InitRoundConfigs]  exchange_keys_threshold: 3 get_keys_threshold: 3 share_secrets_threshold: 3
[INFO] FEDERATED(9503,7fe0ca3ac3c0,python):2023-07-27-15:42:23.861.680 [mindspore_federated/fl_arch/ccsrc/server/server.cc:162] InitRoundConfigs]  get_secrets_threshold: 3 get_client_list_threshold: 3 push_list_sign_threshold: 3 get_list_sign_threshold: 3 minimum_clients_for_reconstruct: 2 minimum_secret_shares_for_reconstruct: 1 cipher_time_window: 1
[INFO] FEDERATED(9503,7fe0ca3ac3c0,python):2023-07-27-15:42:23.867.381 [mindspore_federated/fl_arch/ccsrc/armour/secure_protocol/secret_sharing.cc:46] GetPrime] Get prim success, get count: 1
[INFO] FEDERATED(9503,7fe0ca3ac3c0,python):2023-07-27-15:42:23.867.391 [mindspore_federated/fl_arch/ccsrc/armour/cipher/cipher_init.cc:27] Init] CipherInit::Load START
[INFO] FEDERATED(9503,7fe0ca3ac3c0,python):2023-07-27-15:42:23.867.396 [mindspore_federated/fl_arch/ccsrc/armour/cipher/cipher_init.cc:66] Init] The privacy protection algorithm is not used to process the uploaded inference result, preventing user privacy leakage.
[INFO] FEDERATED(9503,7fe0ca3ac3c0,python):2023-07-27-15:42:23.867.407 [mindspore_federated/fl_arch/ccsrc/armour/cipher/cipher_init.cc:70] Init] DP parameters init, dp_eps: 50, dp_delta: 0.99, dp_norm_clip: 1
[INFO] FEDERATED(9503,7fe0ca3ac3c0,python):2023-07-27-15:42:23.867.412 [mindspore_federated/fl_arch/ccsrc/server/server.cc:464] InitIteration] Parameters for secure aggregation have been initiated.
[INFO] FEDERATED(9503,7fe0ca3ac3c0,python):2023-07-27-15:42:23.867.417 [mindspore_federated/fl_arch/ccsrc/server/iteration.cc:64] InitIteration] Time window for one iteration is 200000
[INFO] FEDERATED(9503,7fe0ca3ac3c0,python):2023-07-27-15:42:23.867.431 [mindspore_federated/fl_arch/ccsrc/server/iteration.cc:69] InitIteration] Add round startFLJob, check_timeout: 1, time window: 100000, check_count: 1, threshold: 3
[INFO] FEDERATED(9503,7fe0ca3ac3c0,python):2023-07-27-15:42:23.867.435 [mindspore_federated/fl_arch/ccsrc/server/round.cc:55] Initialize] Round startFLJob start initialize.
[INFO] FEDERATED(9503,7fe0ca3ac3c0,python):2023-07-27-15:42:23.867.441 [mindspore_federated/fl_arch/ccsrc/common/distributed_cache/timer.cc:157] RegisterTimer] Register timer for startFLJob, time length in seconds: 100
[INFO] FEDERATED(9503,7fe0ca3ac3c0,python):2023-07-27-15:42:23.867.447 [mindspore_federated/fl_arch/ccsrc/common/distributed_cache/counter.cc:46] RegisterCounter] Register counter for startFLJob, threshold: 3
[INFO] FEDERATED(9503,7fe0ca3ac3c0,python):2023-07-27-15:42:23.867.451 [mindspore_federated/fl_arch/ccsrc/server/round.cc:49] RegisterMsgCallBack] Round startFLJob register message callback.
[INFO] FEDERATED(9503,7fe0ca3ac3c0,python):2023-07-27-15:42:23.867.455 [mindspore_federated/fl_arch/ccsrc/common/communicator/tcp_communicator.cc:52] RegisterRoundMsgCallback] msg_type is: startFLJob
[INFO] FEDERATED(9503,7fe0ca3ac3c0,python):2023-07-27-15:42:23.867.460 [mindspore_federated/fl_arch/ccsrc/server/round.cc:49] RegisterMsgCallBack] Round startFLJob register message callback.
[INFO] FEDERATED(9503,7fe0ca3ac3c0,python):2023-07-27-15:42:23.867.463 [mindspore_federated/fl_arch/ccsrc/common/communicator/http_communicator.cc:23] RegisterRoundMsgCallback] msg_type is: startFLJob
[INFO] FEDERATED(9503,7fe0ca3ac3c0,python):2023-07-27-15:42:23.867.856 [mindspore_federated/fl_arch/ccsrc/common/communicator/http_server.cc:111] RegisterRoute] request handler http url is: http://192.168.199.162:9020/startFLJob
[INFO] FEDERATED(9503,7fe0ca3ac3c0,python):2023-07-27-15:42:23.867.870 [mindspore_federated/fl_arch/ccsrc/server/iteration.cc:69] InitIteration] Add round updateModel, check_timeout: 1, time window: 100000, check_count: 1, threshold: 3
[INFO] FEDERATED(9503,7fe0ca3ac3c0,python):2023-07-27-15:42:23.867.874 [mindspore_federated/fl_arch/ccsrc/server/round.cc:55] Initialize] Round updateModel start initialize.
[INFO] FEDERATED(9503,7fe0ca3ac3c0,python):2023-07-27-15:42:23.867.879 [mindspore_federated/fl_arch/ccsrc/common/distributed_cache/timer.cc:157] RegisterTimer] Register timer for updateModel, time length in seconds: 100
[INFO] FEDERATED(9503,7fe0ca3ac3c0,python):2023-07-27-15:42:23.867.887 [mindspore_federated/fl_arch/ccsrc/common/distributed_cache/counter.cc:66] RegisterPerServerCounter] Register counter(total count of all valid servers) for updateModel, threshold: 3
[INFO] FEDERATED(9503,7fe0ca3ac3c0,python):2023-07-27-15:42:23.867.891 [mindspore_federated/fl_arch/ccsrc/server/round.cc:49] RegisterMsgCallBack] Round updateModel register message callback.
[INFO] FEDERATED(9503,7fe0ca3ac3c0,python):2023-07-27-15:42:23.867.895 [mindspore_federated/fl_arch/ccsrc/common/communicator/tcp_communicator.cc:52] RegisterRoundMsgCallback] msg_type is: updateModel
[INFO] FEDERATED(9503,7fe0ca3ac3c0,python):2023-07-27-15:42:23.867.899 [mindspore_federated/fl_arch/ccsrc/server/round.cc:49] RegisterMsgCallBack] Round updateModel register message callback.
[INFO] FEDERATED(9503,7fe0ca3ac3c0,python):2023-07-27-15:42:23.867.903 [mindspore_federated/fl_arch/ccsrc/common/communicator/http_communicator.cc:23] RegisterRoundMsgCallback] msg_type is: updateModel
[INFO] FEDERATED(9503,7fe0ca3ac3c0,python):2023-07-27-15:42:23.868.254 [mindspore_federated/fl_arch/ccsrc/common/communicator/http_server.cc:111] RegisterRoute] request handler http url is: http://192.168.199.162:9020/updateModel
[INFO] FEDERATED(9503,7fe0ca3ac3c0,python):2023-07-27-15:42:23.868.270 [mindspore_federated/fl_arch/ccsrc/common/distributed_cache/counter.cc:66] RegisterPerServerCounter] Register counter(total count of all valid servers) for count_for_aggregation, threshold: 3
[INFO] FEDERATED(9503,7fe0ca3ac3c0,python):2023-07-27-15:42:23.868.286 [mindspore_federated/fl_arch/ccsrc/server/iteration.cc:69] InitIteration] Add round getModel, check_timeout: 0, time window: 3000, check_count: 0, threshold: 0
[INFO] FEDERATED(9503,7fe0ca3ac3c0,python):2023-07-27-15:42:23.868.290 [mindspore_federated/fl_arch/ccsrc/server/round.cc:55] Initialize] Round getModel start initialize.
[INFO] FEDERATED(9503,7fe0ca3ac3c0,python):2023-07-27-15:42:23.868.294 [mindspore_federated/fl_arch/ccsrc/server/round.cc:49] RegisterMsgCallBack] Round getModel register message callback.
[INFO] FEDERATED(9503,7fe0ca3ac3c0,python):2023-07-27-15:42:23.868.298 [mindspore_federated/fl_arch/ccsrc/common/communicator/tcp_communicator.cc:52] RegisterRoundMsgCallback] msg_type is: getModel
[INFO] FEDERATED(9503,7fe0ca3ac3c0,python):2023-07-27-15:42:23.868.303 [mindspore_federated/fl_arch/ccsrc/server/round.cc:49] RegisterMsgCallBack] Round getModel register message callback.
[INFO] FEDERATED(9503,7fe0ca3ac3c0,python):2023-07-27-15:42:23.868.306 [mindspore_federated/fl_arch/ccsrc/common/communicator/http_communicator.cc:23] RegisterRoundMsgCallback] msg_type is: getModel
[INFO] FEDERATED(9503,7fe0ca3ac3c0,python):2023-07-27-15:42:23.869.016 [mindspore_federated/fl_arch/ccsrc/common/communicator/http_server.cc:111] RegisterRoute] request handler http url is: http://192.168.199.162:9020/getModel
[INFO] FEDERATED(9503,7fe0ca3ac3c0,python):2023-07-27-15:42:23.869.039 [mindspore_federated/fl_arch/ccsrc/server/iteration.cc:69] InitIteration] Add round pullWeight, check_timeout: 0, time window: 3000, check_count: 0, threshold: 0
[INFO] FEDERATED(9503,7fe0ca3ac3c0,python):2023-07-27-15:42:23.869.045 [mindspore_federated/fl_arch/ccsrc/server/round.cc:55] Initialize] Round pullWeight start initialize.
[INFO] FEDERATED(9503,7fe0ca3ac3c0,python):2023-07-27-15:42:23.869.051 [mindspore_federated/fl_arch/ccsrc/server/round.cc:49] RegisterMsgCallBack] Round pullWeight register message callback.
[INFO] FEDERATED(9503,7fe0ca3ac3c0,python):2023-07-27-15:42:23.869.056 [mindspore_federated/fl_arch/ccsrc/common/communicator/tcp_communicator.cc:52] RegisterRoundMsgCallback] msg_type is: pullWeight
[INFO] FEDERATED(9503,7fe0ca3ac3c0,python):2023-07-27-15:42:23.869.062 [mindspore_federated/fl_arch/ccsrc/server/round.cc:49] RegisterMsgCallBack] Round pullWeight register message callback.
[INFO] FEDERATED(9503,7fe0ca3ac3c0,python):2023-07-27-15:42:23.869.068 [mindspore_federated/fl_arch/ccsrc/common/communicator/http_communicator.cc:23] RegisterRoundMsgCallback] msg_type is: pullWeight
[INFO] FEDERATED(9503,7fe0ca3ac3c0,python):2023-07-27-15:42:23.869.586 [mindspore_federated/fl_arch/ccsrc/common/communicator/http_server.cc:111] RegisterRoute] request handler http url is: http://192.168.199.162:9020/pullWeight
[INFO] FEDERATED(9503,7fe0ca3ac3c0,python):2023-07-27-15:42:23.869.605 [mindspore_federated/fl_arch/ccsrc/server/iteration.cc:69] InitIteration] Add round pushWeight, check_timeout: 0, time window: 3000, check_count: 0, threshold: 1
[INFO] FEDERATED(9503,7fe0ca3ac3c0,python):2023-07-27-15:42:23.869.611 [mindspore_federated/fl_arch/ccsrc/server/round.cc:55] Initialize] Round pushWeight start initialize.
[INFO] FEDERATED(9503,7fe0ca3ac3c0,python):2023-07-27-15:42:23.869.616 [mindspore_federated/fl_arch/ccsrc/server/round.cc:49] RegisterMsgCallBack] Round pushWeight register message callback.
[INFO] FEDERATED(9503,7fe0ca3ac3c0,python):2023-07-27-15:42:23.869.622 [mindspore_federated/fl_arch/ccsrc/common/communicator/tcp_communicator.cc:52] RegisterRoundMsgCallback] msg_type is: pushWeight
[INFO] FEDERATED(9503,7fe0ca3ac3c0,python):2023-07-27-15:42:23.869.628 [mindspore_federated/fl_arch/ccsrc/server/round.cc:49] RegisterMsgCallBack] Round pushWeight register message callback.
[INFO] FEDERATED(9503,7fe0ca3ac3c0,python):2023-07-27-15:42:23.869.634 [mindspore_federated/fl_arch/ccsrc/common/communicator/http_communicator.cc:23] RegisterRoundMsgCallback] msg_type is: pushWeight
[INFO] FEDERATED(9503,7fe0ca3ac3c0,python):2023-07-27-15:42:23.870.122 [mindspore_federated/fl_arch/ccsrc/common/communicator/http_server.cc:111] RegisterRoute] request handler http url is: http://192.168.199.162:9020/pushWeight
[INFO] FEDERATED(9503,7fe0ca3ac3c0,python):2023-07-27-15:42:23.870.148 [mindspore_federated/fl_arch/ccsrc/server/iteration.cc:69] InitIteration] Add round pushMetrics, check_timeout: 0, time window: 3000, check_count: 1, threshold: 1
[INFO] FEDERATED(9503,7fe0ca3ac3c0,python):2023-07-27-15:42:23.870.153 [mindspore_federated/fl_arch/ccsrc/server/round.cc:55] Initialize] Round pushMetrics start initialize.
[INFO] FEDERATED(9503,7fe0ca3ac3c0,python):2023-07-27-15:42:23.870.159 [mindspore_federated/fl_arch/ccsrc/common/distributed_cache/counter.cc:46] RegisterCounter] Register counter for pushMetrics, threshold: 1
[INFO] FEDERATED(9503,7fe0ca3ac3c0,python):2023-07-27-15:42:23.870.165 [mindspore_federated/fl_arch/ccsrc/server/round.cc:49] RegisterMsgCallBack] Round pushMetrics register message callback.
[INFO] FEDERATED(9503,7fe0ca3ac3c0,python):2023-07-27-15:42:23.870.171 [mindspore_federated/fl_arch/ccsrc/common/communicator/tcp_communicator.cc:52] RegisterRoundMsgCallback] msg_type is: pushMetrics
[INFO] FEDERATED(9503,7fe0ca3ac3c0,python):2023-07-27-15:42:23.870.177 [mindspore_federated/fl_arch/ccsrc/server/round.cc:49] RegisterMsgCallBack] Round pushMetrics register message callback.
[INFO] FEDERATED(9503,7fe0ca3ac3c0,python):2023-07-27-15:42:23.870.182 [mindspore_federated/fl_arch/ccsrc/common/communicator/http_communicator.cc:23] RegisterRoundMsgCallback] msg_type is: pushMetrics
[INFO] FEDERATED(9503,7fe0ca3ac3c0,python):2023-07-27-15:42:23.870.640 [mindspore_federated/fl_arch/ccsrc/common/communicator/http_server.cc:111] RegisterRoute] request handler http url is: http://192.168.199.162:9020/pushMetrics
[INFO] FEDERATED(9503,7fe0ca3ac3c0,python):2023-07-27-15:42:23.870.656 [mindspore_federated/fl_arch/ccsrc/common/distributed_cache/timer.cc:157] RegisterTimer] Register timer for globalTimer, time length in seconds: 200
[WARNING] FEDERATED(9503,7fe0ca3ac3c0,python):2023-07-27-15:42:23.870.666 [mindspore_federated/fl_arch/ccsrc/server/iteration.cc:91] InitIteration] instance name is empty
[INFO] FEDERATED(9503,7fe0ca3ac3c0,python):2023-07-27-15:42:23.870.684 [mindspore_federated/fl_arch/ccsrc/server/iteration.cc:530] InitConfig] Create Directory :.. success.
[INFO] FEDERATED(9503,7fe0ca3ac3c0,python):2023-07-27-15:42:23.870.693 [mindspore_federated/fl_arch/ccsrc/server/iteration.cc:328] InitEventTxtFile] Create Directory :event.txt success.
[INFO] FEDERATED(9503,7fe0ca3ac3c0,python):2023-07-27-15:42:23.870.758 [mindspore_federated/fl_arch/ccsrc/server/server_node.cc:35] Start] [Server start]: The node role:SERVER the node id:192.168.199.162:39879::2023-07-27-15:42:23.756.396::69383 start communicator and http server!
[INFO] FEDERATED(9503,7fe0ca3ac3c0,python):2023-07-27-15:42:23.870.889 [mindspore_federated/fl_arch/ccsrc/common/core/abstract_node.cc:277] StartHttpServer] Initialize http server IP:192.168.199.162, PORT:9020
[ERROR] FEDERATED(9503,7fe0ca3ac3c0,python):2023-07-27-15:42:23.873.077 [mindspore_federated/fl_arch/ccsrc/common/communicator/http_server.cc:71] InitServer] Bind ip:192.168.199.162 port:9020failed!
[ERROR] FEDERATED(9503,7fe0ca3ac3c0,python):2023-07-27-15:42:23.873.097 [mindspore_federated/fl_arch/ccsrc/common/communicator/http_server.cc:118] Start] Load http server failed, server address: 192.168.199.162, server port: 9020
[ERROR] FEDERATED(9503,7fe0ca3ac3c0,python):2023-07-27-15:42:23.873.115 [mindspore_federated/fl_arch/ccsrc/common/core/abstract_node.cc:279] StartHttpServer] Http server starting failed.
[WARNING] FEDERATED(9503,7fe0ca3ac3c0,python):2023-07-27-15:42:23.873.178 [mindspore_federated/fl_arch/ccsrc/server/server.cc:79] Run] Catch exception and begin exit, exception: mindspore_federated/fl_arch/ccsrc/common/core/abstract_node.cc:279 StartHttpServer] Http server starting failed.
[INFO] FEDERATED(9503,7fe0ca3ac3c0,python):2023-07-27-15:42:23.873.408 [mindspore_federated/fl_arch/ccsrc/common/distributed_cache/server.cc:202] UnlockCache] Unlock server successfully
[INFO] FEDERATED(9503:140603442250688,MainProcess):2023-07-27-15:42:23.873.467 [mindspore_federated/startup/federated_local.py:198] before stopped callback
[INFO] FEDERATED(9503,7fe0ca3ac3c0,python):2023-07-27-15:42:23.873.593 [mindspore_federated/fl_arch/ccsrc/server/server_node.cc:46] Stop] Begin stop server node!
[INFO] FEDERATED(9503,7fe0ca3ac3c0,python):2023-07-27-15:42:23.873.604 [mindspore_federated/fl_arch/ccsrc/common/communicator/tcp_server.cc:204] Stop] Stop tcp server!
[INFO] FEDERATED(9503,7fdfd82bb700,python):2023-07-27-15:42:23.873.721 [mindspore_federated/fl_arch/ccsrc/common/communicator/tcp_server.cc:185] operator()] Event base dispatch and exit success!
[INFO] FEDERATED(9503,7fe0ca3ac3c0,python):2023-07-27-15:42:23.873.845 [mindspore_federated/fl_arch/ccsrc/common/communicator/tcp_server.cc:204] Stop] Stop tcp server!
[WARNING] FEDERATED(9503,7fdfca04e700,python):2023-07-27-15:42:23.873.873 [mindspore_federated/fl_arch/ccsrc/common/communicator/tcp_client.cc:226] EventCallbackInner] Client connected end of file! Peer Server ip: 192.168.199.162, port: 39879
[INFO] FEDERATED(9503,7fe0ca3ac3c0,python):2023-07-27-15:42:23.874.000 [mindspore_federated/fl_arch/ccsrc/common/communicator/tcp_client.cc:146] Stop] Stop tcp client!
[INFO] FEDERATED(9503,7fe0ca3ac3c0,python):2023-07-27-15:42:23.874.017 [mindspore_federated/fl_arch/ccsrc/common/communicator/tcp_client.cc:146] Stop] Stop tcp client!
[INFO] FEDERATED(9503,7fe0ca3ac3c0,python):2023-07-27-15:42:23.874.025 [mindspore_federated/fl_arch/ccsrc/common/communicator/tcp_client.cc:146] Stop] Stop tcp client!
[INFO] FEDERATED(9503,7fe0ca3ac3c0,python):2023-07-27-15:42:23.874.037 [mindspore_federated/fl_arch/ccsrc/common/communicator/http_server.cc:139] Stop] Stop http server begin!
[INFO] FEDERATED(9503,7fe0ca3ac3c0,python):2023-07-27-15:42:23.874.049 [mindspore_federated/fl_arch/ccsrc/common/communicator/http_server.cc:160] Stop] Stop http server end!
[INFO] FEDERATED(9503,7fe0ca3ac3c0,python):2023-07-27-15:42:23.874.058 [mindspore_federated/fl_arch/ccsrc/server/server_node.cc:55] Stop] End stop server node!
[INFO] FEDERATED(9503,7fdfca04e700,python):2023-07-27-15:42:23.874.122 [mindspore_federated/fl_arch/ccsrc/common/communicator/tcp_client.cc:104] operator()] Event base dispatch failed with no events pending or active!
### aggregation type: FedAvg
Traceback (most recent call last):
  File "/home/qiyijie/git_projects/mindspore/federated/example/cross_device_albert2/logs/server_9020/./../../run_cloud.py", line 93, in <module>
    start_one_server()
  File "/home/qiyijie/git_projects/mindspore/federated/example/cross_device_albert2/logs/server_9020/./../../run_cloud.py", line 74, in start_one_server
    job.run(feature_map)
  File "/home/qiyijie/.conda/envs/mindspore/lib/python3.9/site-packages/mindspore_federated/startup/federated_local.py", line 186, in run
    Federated_.start_federated_server(feature_list_cxx, recovery_iteration, self.after_started_callback,
RuntimeError: mindspore_federated/fl_arch/ccsrc/common/core/abstract_node.cc:279 StartHttpServer] Http server starting failed.
[INFO] PIPELINE(9503,7fe0ca3ac3c0,python):2023-07-27-15:42:23.874.551 [mindspore/ccsrc/pipeline/jit/init.cc:431] operator()] Start releasing dataset handles...
[INFO] PIPELINE(9503,7fe0ca3ac3c0,python):2023-07-27-15:42:23.874.579 [mindspore/ccsrc/pipeline/jit/init.cc:434] operator()] End release dataset handles.
[INFO] PIPELINE(9503,7fe0ca3ac3c0,python):2023-07-27-15:42:23.874.593 [mindspore/ccsrc/pipeline/jit/pipeline.cc:2010] ClearResAtexit] Pipeline clear all resource
[INFO] PIPELINE(9503,7fe0ca3ac3c0,python):2023-07-27-15:42:23.874.671 [mindspore/ccsrc/pipeline/jit/pipeline.cc:260] RecordExitStatus] Status record: system exit.
[INFO] DEBUG(9503,7fe0ca3ac3c0,python):2023-07-27-15:42:23.874.696 [mindspore/ccsrc/common/debug/env_config_parser.cc:153] ParseFromFile] The 'env_config_path' in 'mindspore.context.set_context(env_config_path={path})' is empty.
[INFO] ME(9503,7fe0ca3ac3c0,python):2023-07-27-15:42:23.875.096 [mindspore/core/mindrt/src/actor/actormgr.cc:150] Finalize] mindrt Actors finish exiting.
[INFO] ME(9503,7fe0ca3ac3c0,python):2023-07-27-15:42:23.875.115 [mindspore/core/mindrt/src/actor/actormgr.cc:153] Finalize] mindrt Threads finish exiting.
[INFO] ME(9503,7fe0ca3ac3c0,python):2023-07-27-15:42:23.875.124 [mindspore/core/mindrt/src/actor/actormgr.cc:164] Finalize] mindrt IOMGRS finish exiting.
[INFO] PIPELINE(9503,7fe0ca3ac3c0,python):2023-07-27-15:42:23.875.135 [mindspore/ccsrc/pipeline/jit/pipeline.cc:1892] ClearResPart1] Start clear kernel runtime...
[INFO] PIPELINE(9503,7fe0ca3ac3c0,python):2023-07-27-15:42:23.875.147 [mindspore/ccsrc/pipeline/jit/pipeline.cc:1894] ClearResPart1] End clear kernel runtime.
[INFO] PIPELINE(9503,7fe0ca3ac3c0,python):2023-07-27-15:42:23.875.159 [mindspore/ccsrc/pipeline/jit/pipeline.cc:1896] ClearResPart1] Start Finalize StreamSynchronizer...
[INFO] PIPELINE(9503,7fe0ca3ac3c0,python):2023-07-27-15:42:23.875.172 [mindspore/ccsrc/pipeline/jit/pipeline.cc:1898] ClearResPart1] End Finalize StreamSynchronizer...
[INFO] PIPELINE(9503,7fe0ca3ac3c0,python):2023-07-27-15:42:23.876.140 [mindspore/ccsrc/pipeline/jit/pipeline.cc:654] ClearRes] Clean executor resource!
[INFO] PIPELINE(9503,7fe0ca3ac3c0,python):2023-07-27-15:42:23.876.155 [mindspore/ccsrc/pipeline/jit/pipeline.cc:1914] ClearResPart2] Start clear PyNativeExecutor...
[INFO] PIPELINE(9503,7fe0ca3ac3c0,python):2023-07-27-15:42:23.876.189 [mindspore/ccsrc/pipeline/jit/pipeline.cc:1916] ClearResPart2] End clear PyNativeExecutor.
[INFO] PIPELINE(9503,7fe0ca3ac3c0,python):2023-07-27-15:42:23.876.202 [mindspore/ccsrc/pipeline/jit/pipeline.cc:1928] ClearResPart2] Start clear ConfigManager...
[INFO] PIPELINE(9503,7fe0ca3ac3c0,python):2023-07-27-15:42:23.876.210 [mindspore/ccsrc/pipeline/jit/pipeline.cc:1930] ClearResPart2] End clear ConfigManager.
[INFO] PIPELINE(9503,7fe0ca3ac3c0,python):2023-07-27-15:42:23.876.218 [mindspore/ccsrc/pipeline/jit/pipeline.cc:1937] ClearResPart2] Start clear device context...
[INFO] PIPELINE(9503,7fe0ca3ac3c0,python):2023-07-27-15:42:23.876.229 [mindspore/ccsrc/pipeline/jit/pipeline.cc:1939] ClearResPart2] End clear device context.
[INFO] PIPELINE(9503,7fe0ca3ac3c0,python):2023-07-27-15:42:23.876.238 [mindspore/ccsrc/pipeline/jit/pipeline.cc:1941] ClearResPart2] Start clear AnalysisResultCacheMgr...
[INFO] PIPELINE(9503,7fe0ca3ac3c0,python):2023-07-27-15:42:23.876.248 [mindspore/ccsrc/pipeline/jit/pipeline.cc:1943] ClearResPart2] End clear AnalysisResultCacheMgr.
[INFO] PIPELINE(9503,7fe0ca3ac3c0,python):2023-07-27-15:42:23.876.257 [mindspore/ccsrc/pipeline/jit/pipeline.cc:1945] ClearResPart2] Start clear AnalysisContext...
[INFO] PIPELINE(9503,7fe0ca3ac3c0,python):2023-07-27-15:42:23.876.267 [mindspore/ccsrc/pipeline/jit/pipeline.cc:1947] ClearResPart2] End clear AnalysisContext...
[INFO] PIPELINE(9503,7fe0ca3ac3c0,python):2023-07-27-15:42:23.876.276 [mindspore/ccsrc/pipeline/jit/pipeline.cc:1949] ClearResPart2] Start clear AnalysisSchedule...
[INFO] PIPELINE(9503,7fe0ca3ac3c0,python):2023-07-27-15:42:23.876.397 [mindspore/ccsrc/pipeline/jit/pipeline.cc:1951] ClearResPart2] End clear AnalysisSchedule...
[INFO] PIPELINE(9503,7fe0ca3ac3c0,python):2023-07-27-15:42:23.876.408 [mindspore/ccsrc/pipeline/jit/pipeline.cc:1954] ClearResPart2] Start clear python_adapter...
[INFO] PIPELINE(9503,7fe0ca3ac3c0,python):2023-07-27-15:42:23.876.415 [mindspore/ccsrc/pipeline/jit/pipeline.cc:1956] ClearResPart2] End clear python_adapter.
[INFO] DEBUG(9503,7fe0ca3ac3c0,python):2023-07-27-15:42:23.876.434 [mindspore/ccsrc/debug/debugger/debugger.cc:95] Debugger] Debugger got device_target: GPU
[INFO] DEBUG(9503,7fe0ca3ac3c0,python):2023-07-27-15:42:23.876.445 [mindspore/ccsrc/debug/debugger/debugger.cc:299] Reset] Release Debugger resource.
[INFO] PIPELINE(9503,7fe0ca3ac3c0,python):2023-07-27-15:42:23.876.454 [mindspore/ccsrc/pipeline/jit/pipeline.cc:1966] ClearResPart3] Start clear ClearObjectCache...
[INFO] PIPELINE(9503,7fe0ca3ac3c0,python):2023-07-27-15:42:23.876.463 [mindspore/ccsrc/pipeline/jit/pipeline.cc:1968] ClearResPart3] End clear ClearObjectCache...
[INFO] PIPELINE(9503,7fe0ca3ac3c0,python):2023-07-27-15:42:23.876.482 [mindspore/ccsrc/pipeline/jit/pipeline.cc:1970] ClearResPart3] Start clear Parser...
[INFO] PIPELINE(9503,7fe0ca3ac3c0,python):2023-07-27-15:42:23.876.490 [mindspore/ccsrc/pipeline/jit/pipeline.cc:1972] ClearResPart3] End clear Parser...
[INFO] PIPELINE(9503,7fe0ca3ac3c0,python):2023-07-27-15:42:23.876.499 [mindspore/ccsrc/pipeline/jit/pipeline.cc:1974] ClearResPart3] Start ClearTraceStack...
[INFO] PIPELINE(9503,7fe0ca3ac3c0,python):2023-07-27-15:42:23.876.512 [mindspore/ccsrc/pipeline/jit/pipeline.cc:1976] ClearResPart3] End ClearTraceStack...
[INFO] PIPELINE(9503,7fe0ca3ac3c0,python):2023-07-27-15:42:23.876.524 [mindspore/ccsrc/pipeline/jit/pipeline.cc:1978] ClearResPart3] Start clear InterpretNodeRecorder...
[INFO] PIPELINE(9503,7fe0ca3ac3c0,python):2023-07-27-15:42:23.876.533 [mindspore/ccsrc/pipeline/jit/pipeline.cc:1980] ClearResPart3] End clear InterpretNodeRecorder...
[INFO] PIPELINE(9503,7fe0ca3ac3c0,python):2023-07-27-15:42:23.876.541 [mindspore/ccsrc/pipeline/jit/pipeline.cc:1982] ClearResPart3] Start clear parallel::entire_costgraph...
[INFO] PIPELINE(9503,7fe0ca3ac3c0,python):2023-07-27-15:42:23.876.551 [mindspore/ccsrc/pipeline/jit/pipeline.cc:1984] ClearResPart3] End clear parallel::entire_costgraph...
[INFO] PIPELINE(9503,7fe0ca3ac3c0,python):2023-07-27-15:42:23.876.560 [mindspore/ccsrc/pipeline/jit/pipeline.cc:1986] ClearResPart3] Start clear ProtobufLibrary...
[INFO] PIPELINE(9503,7fe0ca3ac3c0,python):2023-07-27-15:42:23.876.666 [mindspore/ccsrc/pipeline/jit/pipeline.cc:1988] ClearResPart3] End clear ProtobufLibrary...
[INFO] PIPELINE(9503,7fe0ca3ac3c0,python):2023-07-27-15:42:23.876.677 [mindspore/ccsrc/pipeline/jit/pipeline.cc:1992] ClearSingleton] Start clear singleton...
[INFO] PIPELINE(9503,7fe0ca3ac3c0,python):2023-07-27-15:42:23.876.716 [mindspore/ccsrc/pipeline/jit/pipeline.cc:2006] ClearSingleton] End clear singleton.
[INFO] PIPELINE(9503,7fe0ca3ac3c0,python):2023-07-27-15:42:23.876.726 [mindspore/ccsrc/pipeline/jit/pipeline.cc:2015] ClearResAtexit] Start unload dynamic lib...
[INFO] PIPELINE(9503,7fe0ca3ac3c0,python):2023-07-27-15:42:23.876.741 [mindspore/ccsrc/pipeline/jit/pipeline.cc:2017] ClearResAtexit] End unload dynamic lib...
[INFO] FEDERATED(9503,7fe0ca3ac3c0,python):2023-07-27-15:42:24.072.301 [mindspore_federated/fl_arch/ccsrc/common/communicator/tcp_client.cc:72] Stop] Stop tcp client event dispatch!
[INFO] FEDERATED(9503,7fe0ca3ac3c0,python):2023-07-27-15:42:24.072.571 [mindspore_federated/fl_arch/ccsrc/common/communicator/http_server.cc:139] Stop] Stop http server begin!
