[INFO] ME(18406,7ff83402f3c0,python):2023-06-21-11:52:36.856.365 [mindspore/ccsrc/runtime/hardware/device_context_manager.cc:47] LoadDynamicLib] Load dynamic library: libmindspore_ascend.so failed. libge_runner.so: cannot open shared object file: No such file or directory
[INFO] ME(18406,7ff83402f3c0,python):2023-06-21-11:52:36.857.183 [mindspore/ccsrc/runtime/hardware/device_context_manager.cc:47] LoadDynamicLib] Load dynamic library: libmindspore_gpu.so.11.6 failed. libnvrtc.so.11.2: cannot open shared object file: No such file or directory
[INFO] ME(18406,7ff83402f3c0,python):2023-06-21-11:52:36.901.037 [mindspore/ccsrc/runtime/hardware/device_context_manager.cc:195] LoadPlugin] Load libmindspore_gpu plugin file /home/qiyijie/.conda/envs/mindspore/lib/python3.9/site-packages/mindspore/lib/plugin/libmindspore_gpu.so.11.1 success, skip loading other version.
[INFO] PIPELINE(18406,7ff83402f3c0,python):2023-06-21-11:52:36.918.317 [mindspore/ccsrc/pybind_api/ir/log_adapter_py.h:30] PyExceptionInitializer] Set exception handler
[INFO] CORE(18406,7ff83402f3c0,python):2023-06-21-11:52:37.006.817 [mindspore/core/utils/ms_context.cc:316] SetDeviceTargetFromInner] ms set context device target:GPU
[INFO] PARALLEL(18406,7ff83402f3c0,python):2023-06-21-11:52:37.006.891 [mindspore/ccsrc/frontend/parallel/costmodel_context.cc:30] GetInstance] Create costmodel_context
[INFO] ME(18406:140704001225664,MainProcess):2023-06-21-11:52:37.753.0 [mindspore/run_check/_check_version.py:537] Setting the env `PROTOCOL_BUFFERS_PYTHON_IMPLEMENTATION=python` to prevent memory overflow during save or load checkpoint file.
[INFO] PIPELINE(18406,7ff83402f3c0,python):2023-06-21-11:52:37.838.166 [mindspore/ccsrc/pipeline/jit/pipeline.cc:255] RecordInitStatus] Status record: system init.
[INFO] FEDERATED(18406,7ff83402f3c0,python):2023-06-21-11:52:37.890.020 [mindspore_federated/fl_arch/ccsrc/common/fl_context.cc:113] set_http_server_address] Http server address is:192.168.199.162:8019
[INFO] FEDERATED(18406,7ff83402f3c0,python):2023-06-21-11:52:37.900.548 [mindspore_federated/fl_arch/ccsrc/common/fl_context.cc:53] set_server_mode] Server mode: FEDERATED_LEARNING is used for Server and Worker. Scheduler will ignore it.
[INFO] FEDERATED(18406,7ff83402f3c0,python):2023-06-21-11:52:37.900.597 [mindspore_federated/fl_arch/ccsrc/common/core/yaml_config.cc:148] InitUnsupervisedConfig] cluster_client_num is 0, eval_type is NOT_EVAL
[INFO] FEDERATED(18406,7ff83402f3c0,python):2023-06-21-11:52:37.900.639 [mindspore_federated/fl_arch/ccsrc/common/core/yaml_config.cc:195] InitCompressionConfig] upload_compress_type is NO_COMPRESS, upload_sparse_rate is 0.3, download_compress_type is NO_COMPRESS
[INFO] FEDERATED(18406:140704001225664,MainProcess):2023-06-21-11:52:37.901.257 [mindspore_federated/startup/federated_local.py:304] Recovery ckpt files is: [(0, '220726164030', '/home/qiyijie/git_projects/mindspore/federated/example/cross_device_albert2/./fl_ckpt/Albert_recovery_iteration_0_220726_164030.ckpt')].
[INFO] FEDERATED(18406:140704001225664,MainProcess):2023-06-21-11:52:37.901.377 [mindspore_federated/startup/federated_local.py:33] load checkpoint file: /home/qiyijie/git_projects/mindspore/federated/example/cross_device_albert2/./fl_ckpt/Albert_recovery_iteration_0_220726_164030.ckpt
[INFO] ME(18406:140704001225664,MainProcess):2023-06-21-11:52:37.901.472 [mindspore/train/serialization.py:704] Execute the process of loading checkpoint files.
[INFO] ME(18406:140704001225664,MainProcess):2023-06-21-11:52:37.928.545 [mindspore/train/serialization.py:738] Loading checkpoint files process is finished.
[INFO] FEDERATED(18406:140704001225664,MainProcess):2023-06-21-11:52:37.928.785 [mindspore_federated/startup/federated_local.py:44] Weight name: albert.word_embeddings.embedding_table, shape: [11682, 128], dtype: float32
[INFO] FEDERATED(18406:140704001225664,MainProcess):2023-06-21-11:52:37.928.873 [mindspore_federated/startup/federated_local.py:44] Weight name: albert.embedding_postprocessor.embedding_table, shape: [2, 128], dtype: float32
[INFO] FEDERATED(18406:140704001225664,MainProcess):2023-06-21-11:52:37.928.929 [mindspore_federated/startup/federated_local.py:44] Weight name: albert.embedding_postprocessor.full_position_embeddings, shape: [512, 128], dtype: float32
[INFO] FEDERATED(18406:140704001225664,MainProcess):2023-06-21-11:52:37.928.993 [mindspore_federated/startup/federated_local.py:44] Weight name: albert.embedding_postprocessor.layernorm.gamma, shape: [128], dtype: float32
[INFO] FEDERATED(18406:140704001225664,MainProcess):2023-06-21-11:52:37.929.043 [mindspore_federated/startup/federated_local.py:44] Weight name: albert.embedding_postprocessor.layernorm.beta, shape: [128], dtype: float32
[INFO] FEDERATED(18406:140704001225664,MainProcess):2023-06-21-11:52:37.929.092 [mindspore_federated/startup/federated_local.py:44] Weight name: albert.encoder.embedding_hidden_mapping_in.weight, shape: [312, 128], dtype: float32
[INFO] FEDERATED(18406:140704001225664,MainProcess):2023-06-21-11:52:37.929.138 [mindspore_federated/startup/federated_local.py:44] Weight name: albert.encoder.embedding_hidden_mapping_in.bias, shape: [312], dtype: float32
[INFO] FEDERATED(18406:140704001225664,MainProcess):2023-06-21-11:52:37.929.185 [mindspore_federated/startup/federated_local.py:44] Weight name: albert.encoder.albert_layer_groups.0.albert_layers.0.attention.attention.query.weight, shape: [312, 312], dtype: float32
[INFO] FEDERATED(18406:140704001225664,MainProcess):2023-06-21-11:52:37.929.231 [mindspore_federated/startup/federated_local.py:44] Weight name: albert.encoder.albert_layer_groups.0.albert_layers.0.attention.attention.query.bias, shape: [312], dtype: float32
[INFO] FEDERATED(18406:140704001225664,MainProcess):2023-06-21-11:52:37.929.277 [mindspore_federated/startup/federated_local.py:44] Weight name: albert.encoder.albert_layer_groups.0.albert_layers.0.attention.attention.key.weight, shape: [312, 312], dtype: float32
[INFO] FEDERATED(18406:140704001225664,MainProcess):2023-06-21-11:52:37.929.322 [mindspore_federated/startup/federated_local.py:44] Weight name: albert.encoder.albert_layer_groups.0.albert_layers.0.attention.attention.key.bias, shape: [312], dtype: float32
[INFO] FEDERATED(18406:140704001225664,MainProcess):2023-06-21-11:52:37.929.370 [mindspore_federated/startup/federated_local.py:44] Weight name: albert.encoder.albert_layer_groups.0.albert_layers.0.attention.attention.value.weight, shape: [312, 312], dtype: float32
[INFO] FEDERATED(18406:140704001225664,MainProcess):2023-06-21-11:52:37.929.417 [mindspore_federated/startup/federated_local.py:44] Weight name: albert.encoder.albert_layer_groups.0.albert_layers.0.attention.attention.value.bias, shape: [312], dtype: float32
[INFO] FEDERATED(18406:140704001225664,MainProcess):2023-06-21-11:52:37.929.463 [mindspore_federated/startup/federated_local.py:44] Weight name: albert.encoder.albert_layer_groups.0.albert_layers.0.attention.output.dense.weight, shape: [312, 312], dtype: float32
[INFO] FEDERATED(18406:140704001225664,MainProcess):2023-06-21-11:52:37.929.508 [mindspore_federated/startup/federated_local.py:44] Weight name: albert.encoder.albert_layer_groups.0.albert_layers.0.attention.output.dense.bias, shape: [312], dtype: float32
[INFO] FEDERATED(18406:140704001225664,MainProcess):2023-06-21-11:52:37.929.554 [mindspore_federated/startup/federated_local.py:44] Weight name: albert.encoder.albert_layer_groups.0.albert_layers.0.attention.output.layernorm.gamma, shape: [312], dtype: float32
[INFO] FEDERATED(18406:140704001225664,MainProcess):2023-06-21-11:52:37.929.599 [mindspore_federated/startup/federated_local.py:44] Weight name: albert.encoder.albert_layer_groups.0.albert_layers.0.attention.output.layernorm.beta, shape: [312], dtype: float32
[INFO] FEDERATED(18406:140704001225664,MainProcess):2023-06-21-11:52:37.929.645 [mindspore_federated/startup/federated_local.py:44] Weight name: albert.encoder.albert_layer_groups.0.albert_layers.0.ffn.weight, shape: [1248, 312], dtype: float32
[INFO] FEDERATED(18406:140704001225664,MainProcess):2023-06-21-11:52:37.929.699 [mindspore_federated/startup/federated_local.py:44] Weight name: albert.encoder.albert_layer_groups.0.albert_layers.0.ffn.bias, shape: [1248], dtype: float32
[INFO] FEDERATED(18406:140704001225664,MainProcess):2023-06-21-11:52:37.929.749 [mindspore_federated/startup/federated_local.py:44] Weight name: albert.encoder.albert_layer_groups.0.albert_layers.0.ffn_output.weight, shape: [312, 1248], dtype: float32
[INFO] FEDERATED(18406:140704001225664,MainProcess):2023-06-21-11:52:37.929.796 [mindspore_federated/startup/federated_local.py:44] Weight name: albert.encoder.albert_layer_groups.0.albert_layers.0.ffn_output.bias, shape: [312], dtype: float32
[INFO] FEDERATED(18406:140704001225664,MainProcess):2023-06-21-11:52:37.929.843 [mindspore_federated/startup/federated_local.py:44] Weight name: albert.encoder.albert_layer_groups.0.albert_layers.0.full_layer_layer_norm.gamma, shape: [312], dtype: float32
[INFO] FEDERATED(18406:140704001225664,MainProcess):2023-06-21-11:52:37.929.899 [mindspore_federated/startup/federated_local.py:44] Weight name: albert.encoder.albert_layer_groups.0.albert_layers.0.full_layer_layer_norm.beta, shape: [312], dtype: float32
[INFO] FEDERATED(18406:140704001225664,MainProcess):2023-06-21-11:52:37.929.950 [mindspore_federated/startup/federated_local.py:44] Weight name: albert.pooler.weight, shape: [312, 312], dtype: float32
[INFO] FEDERATED(18406:140704001225664,MainProcess):2023-06-21-11:52:37.929.998 [mindspore_federated/startup/federated_local.py:44] Weight name: albert.pooler.bias, shape: [312], dtype: float32
[INFO] FEDERATED(18406:140704001225664,MainProcess):2023-06-21-11:52:37.930.044 [mindspore_federated/startup/federated_local.py:44] Weight name: classifier.weight, shape: [4, 312], dtype: float32
[INFO] FEDERATED(18406:140704001225664,MainProcess):2023-06-21-11:52:37.930.089 [mindspore_federated/startup/federated_local.py:44] Weight name: classifier.bias, shape: [4], dtype: float32
[INFO] FEDERATED(18406:140704001225664,MainProcess):2023-06-21-11:52:37.930.118 [mindspore_federated/startup/federated_local.py:252] Load recovery checkpoint file /home/qiyijie/git_projects/mindspore/federated/example/cross_device_albert2/./fl_ckpt/Albert_recovery_iteration_0_220726_164030.ckpt successfully.
[INFO] FEDERATED(18406:140704001225664,MainProcess):2023-06-21-11:52:37.930.156 [mindspore_federated/startup/federated_local.py:317] Recovery iteration num is: 1.
[INFO] FEDERATED(18406,7ff83402f3c0,python):2023-06-21-11:52:37.930.308 [mindspore_federated/fl_arch/ccsrc/common/fl_context.cc:76] set_ms_role] MS_ROLE of this node is MS_SERVER
[INFO] FEDERATED(18406,7ff83402f3c0,python):2023-06-21-11:52:37.931.903 [mindspore_federated/fl_arch/ccsrc/common/communicator/tcp_server.cc:142] Init] The max connection is:10000
[INFO] FEDERATED(18406,7ff83402f3c0,python):2023-06-21-11:52:37.933.511 [mindspore_federated/fl_arch/ccsrc/common/communicator/tcp_client.cc:51] CreateBufferEvent] SSL is disable.
[INFO] FEDERATED(18406,7ff734778700,python):2023-06-21-11:52:37.933.748 [mindspore_federated/fl_arch/ccsrc/common/communicator/tcp_client.cc:175] NotifyConnected] Client connected to the server! Peer Server ip: 192.168.199.162, port: 40751
[INFO] FEDERATED(18406,7ff7fbab1700,python):2023-06-21-11:52:37.933.782 [mindspore_federated/fl_arch/ccsrc/common/communicator/tcp_server.cc:264] ListenerCallbackInner] SSL is disable.
[INFO] FEDERATED(18406,7ff83402f3c0,python):2023-06-21-11:52:37.933.812 [mindspore_federated/fl_arch/ccsrc/common/core/abstract_node.cc:337] InitNodeInfo] The node role:SERVER is generate uuid is:192.168.199.162:40751::2023-06-21-11:52:37.933.804::69383, the ip:192.168.199.162, the port:40751
[INFO] FEDERATED(18406,7ff83402f3c0,python):2023-06-21-11:52:37.933.841 [mindspore_federated/fl_arch/ccsrc/server/server_node.cc:31] InitializeBeforeCache] [Server start]: Server node create tcp server successful!
[INFO] FEDERATED(18406,7ff734778700,python):2023-06-21-11:52:37.933.811 [mindspore_federated/fl_arch/ccsrc/common/communicator/tcp_client.cc:208] EventCallbackInner] Client connected! Peer Server ip: 192.168.199.162, port: 40751
[INFO] FEDERATED(18406,7ff7fbab1700,python):2023-06-21-11:52:37.933.848 [mindspore_federated/fl_arch/ccsrc/common/communicator/tcp_server.cc:300] ListenerCallbackInner] A client is connected, fd is 13
[INFO] FEDERATED(18406,7ff83402f3c0,python):2023-06-21-11:52:37.933.857 [mindspore_federated/fl_arch/ccsrc/common/distributed_cache/redis/redis.cc:675] Init] Try connect to redis sever 127.0.0.1:23457, retry time in seconds 900
[INFO] FEDERATED(18406,7ff83402f3c0,python):2023-06-21-11:52:37.940.066 [mindspore_federated/fl_arch/ccsrc/common/distributed_cache/redis/redis.cc:689] Init] Connect to redis sever 127.0.0.1:23457 successfully
[INFO] FEDERATED(18406,7ff83402f3c0,python):2023-06-21-11:52:37.948.384 [mindspore_federated/fl_arch/ccsrc/common/distributed_cache/hyper_params.cc:245] SyncCache2Local] Sync hyper params from cache success
[INFO] FEDERATED(18406,7ff83402f3c0,python):2023-06-21-11:52:37.948.401 [mindspore_federated/fl_arch/ccsrc/common/distributed_cache/hyper_params.cc:89] SyncOnNewInstance] start_fl_job_threshold: 1
[INFO] FEDERATED(18406,7ff83402f3c0,python):2023-06-21-11:52:37.948.408 [mindspore_federated/fl_arch/ccsrc/common/distributed_cache/hyper_params.cc:90] SyncOnNewInstance] start_fl_job_time_window in ms: 60000000
[INFO] FEDERATED(18406,7ff83402f3c0,python):2023-06-21-11:52:37.948.416 [mindspore_federated/fl_arch/ccsrc/common/distributed_cache/hyper_params.cc:91] SyncOnNewInstance] update_model_ratio: 1
[INFO] FEDERATED(18406,7ff83402f3c0,python):2023-06-21-11:52:37.948.421 [mindspore_federated/fl_arch/ccsrc/common/distributed_cache/hyper_params.cc:92] SyncOnNewInstance] update_model_time_window in ms: 60000000
[INFO] FEDERATED(18406,7ff83402f3c0,python):2023-06-21-11:52:37.948.425 [mindspore_federated/fl_arch/ccsrc/common/distributed_cache/hyper_params.cc:93] SyncOnNewInstance] fl_iteration_num: 1000
[INFO] FEDERATED(18406,7ff83402f3c0,python):2023-06-21-11:52:37.948.430 [mindspore_federated/fl_arch/ccsrc/common/distributed_cache/hyper_params.cc:94] SyncOnNewInstance] client_epoch_num: 3
[INFO] FEDERATED(18406,7ff83402f3c0,python):2023-06-21-11:52:37.948.434 [mindspore_federated/fl_arch/ccsrc/common/distributed_cache/hyper_params.cc:95] SyncOnNewInstance] client_batch_size: 16
[INFO] FEDERATED(18406,7ff83402f3c0,python):2023-06-21-11:52:37.948.439 [mindspore_federated/fl_arch/ccsrc/common/distributed_cache/hyper_params.cc:96] SyncOnNewInstance] client_learning_rate: 1e-05
[INFO] FEDERATED(18406,7ff83402f3c0,python):2023-06-21-11:52:37.948.443 [mindspore_federated/fl_arch/ccsrc/common/distributed_cache/hyper_params.cc:97] SyncOnNewInstance] global_iteration_time_window in ms: 120000000
[INFO] FEDERATED(18406,7ff83402f3c0,python):2023-06-21-11:52:37.948.451 [mindspore_federated/fl_arch/ccsrc/common/distributed_cache/server.cc:140] LockCache] Begin to lock server
[INFO] FEDERATED(18406,7ff83402f3c0,python):2023-06-21-11:52:37.948.512 [mindspore_federated/fl_arch/ccsrc/common/distributed_cache/server.cc:165] LockCache] Lock server successfully
[INFO] FEDERATED(18406,7ff83402f3c0,python):2023-06-21-11:52:37.948.522 [mindspore_federated/fl_arch/ccsrc/server/server_node.cc:149] ServerPingPong] Begin ping all other servers
[INFO] FEDERATED(18406,7ff83402f3c0,python):2023-06-21-11:52:37.948.555 [mindspore_federated/fl_arch/ccsrc/server/server_node.cc:169] ServerPingPong] Success receive pong message from servers: []
[INFO] FEDERATED(18406,7ff83402f3c0,python):2023-06-21-11:52:37.948.565 [mindspore_federated/fl_arch/ccsrc/common/fl_context.cc:105] GenerateResetterRound] Server context is 2. Resetter round is 1
[INFO] FEDERATED(18406,7ff83402f3c0,python):2023-06-21-11:52:37.948.594 [mindspore_federated/fl_arch/ccsrc/common/core/abstract_node.cc:220] GetOrCreateTcpComm] Create Tcp communicator.
[INFO] FEDERATED(18406,7ff83402f3c0,python):2023-06-21-11:52:37.950.259 [mindspore_federated/fl_arch/ccsrc/common/core/abstract_node.cc:208] GetOrCreateHttpComm] Create Http communicator.
[INFO] FEDERATED(18406,7ff83402f3c0,python):2023-06-21-11:52:37.950.627 [mindspore_federated/fl_arch/ccsrc/common/distributed_cache/model_info.cc:103] SyncCache2Local] Sync model info from cache success
[INFO] FEDERATED(18406,7ff83402f3c0,python):2023-06-21-11:52:37.950.673 [mindspore_federated/fl_arch/ccsrc/server/server_node.cc:267] GetModelWeight] Begin get model weight of iteration 0 from other servers
[INFO] FEDERATED(18406,7ff83402f3c0,python):2023-06-21-11:52:37.950.714 [mindspore_federated/fl_arch/ccsrc/server/server_node.cc:321] GetModelWeight] Failed to get model weight of iteration 0 from other servers
[INFO] FEDERATED(18406,7ff83402f3c0,python):2023-06-21-11:52:37.950.728 [mindspore_federated/fl_arch/ccsrc/server/model_store.cc:30] Initialize] Latest iteration num is 0
[INFO] FEDERATED(18406,7ff83402f3c0,python):2023-06-21-11:52:37.952.153 [mindspore_federated/fl_arch/ccsrc/server/model_store.cc:84] InitModel] Aggregate Weight full name is albert.word_embeddings.embedding_table, weight byte size is 5981184
[INFO] FEDERATED(18406,7ff83402f3c0,python):2023-06-21-11:52:37.952.178 [mindspore_federated/fl_arch/ccsrc/server/model_store.cc:84] InitModel] Aggregate Weight full name is albert.embedding_postprocessor.embedding_table, weight byte size is 1024
[INFO] FEDERATED(18406,7ff83402f3c0,python):2023-06-21-11:52:37.952.225 [mindspore_federated/fl_arch/ccsrc/server/model_store.cc:84] InitModel] Aggregate Weight full name is albert.embedding_postprocessor.full_position_embeddings, weight byte size is 262144
[INFO] FEDERATED(18406,7ff83402f3c0,python):2023-06-21-11:52:37.952.233 [mindspore_federated/fl_arch/ccsrc/server/model_store.cc:84] InitModel] Aggregate Weight full name is albert.embedding_postprocessor.layernorm.gamma, weight byte size is 512
[INFO] FEDERATED(18406,7ff83402f3c0,python):2023-06-21-11:52:37.952.239 [mindspore_federated/fl_arch/ccsrc/server/model_store.cc:84] InitModel] Aggregate Weight full name is albert.embedding_postprocessor.layernorm.beta, weight byte size is 512
[INFO] FEDERATED(18406,7ff83402f3c0,python):2023-06-21-11:52:37.952.267 [mindspore_federated/fl_arch/ccsrc/server/model_store.cc:84] InitModel] Aggregate Weight full name is albert.encoder.embedding_hidden_mapping_in.weight, weight byte size is 159744
[INFO] FEDERATED(18406,7ff83402f3c0,python):2023-06-21-11:52:37.952.277 [mindspore_federated/fl_arch/ccsrc/server/model_store.cc:84] InitModel] Aggregate Weight full name is albert.encoder.embedding_hidden_mapping_in.bias, weight byte size is 1248
[INFO] FEDERATED(18406,7ff83402f3c0,python):2023-06-21-11:52:37.952.334 [mindspore_federated/fl_arch/ccsrc/server/model_store.cc:84] InitModel] Aggregate Weight full name is albert.encoder.albert_layer_groups.0.albert_layers.0.attention.attention.query.weight, weight byte size is 389376
[INFO] FEDERATED(18406,7ff83402f3c0,python):2023-06-21-11:52:37.952.344 [mindspore_federated/fl_arch/ccsrc/server/model_store.cc:84] InitModel] Aggregate Weight full name is albert.encoder.albert_layer_groups.0.albert_layers.0.attention.attention.query.bias, weight byte size is 1248
[INFO] FEDERATED(18406,7ff83402f3c0,python):2023-06-21-11:52:37.952.403 [mindspore_federated/fl_arch/ccsrc/server/model_store.cc:84] InitModel] Aggregate Weight full name is albert.encoder.albert_layer_groups.0.albert_layers.0.attention.attention.key.weight, weight byte size is 389376
[INFO] FEDERATED(18406,7ff83402f3c0,python):2023-06-21-11:52:37.952.413 [mindspore_federated/fl_arch/ccsrc/server/model_store.cc:84] InitModel] Aggregate Weight full name is albert.encoder.albert_layer_groups.0.albert_layers.0.attention.attention.key.bias, weight byte size is 1248
[INFO] FEDERATED(18406,7ff83402f3c0,python):2023-06-21-11:52:37.952.474 [mindspore_federated/fl_arch/ccsrc/server/model_store.cc:84] InitModel] Aggregate Weight full name is albert.encoder.albert_layer_groups.0.albert_layers.0.attention.attention.value.weight, weight byte size is 389376
[INFO] FEDERATED(18406,7ff83402f3c0,python):2023-06-21-11:52:37.952.484 [mindspore_federated/fl_arch/ccsrc/server/model_store.cc:84] InitModel] Aggregate Weight full name is albert.encoder.albert_layer_groups.0.albert_layers.0.attention.attention.value.bias, weight byte size is 1248
[INFO] FEDERATED(18406,7ff83402f3c0,python):2023-06-21-11:52:37.952.545 [mindspore_federated/fl_arch/ccsrc/server/model_store.cc:84] InitModel] Aggregate Weight full name is albert.encoder.albert_layer_groups.0.albert_layers.0.attention.output.dense.weight, weight byte size is 389376
[INFO] FEDERATED(18406,7ff83402f3c0,python):2023-06-21-11:52:37.952.564 [mindspore_federated/fl_arch/ccsrc/server/model_store.cc:84] InitModel] Aggregate Weight full name is albert.encoder.albert_layer_groups.0.albert_layers.0.attention.output.dense.bias, weight byte size is 1248
[INFO] FEDERATED(18406,7ff83402f3c0,python):2023-06-21-11:52:37.952.573 [mindspore_federated/fl_arch/ccsrc/server/model_store.cc:84] InitModel] Aggregate Weight full name is albert.encoder.albert_layer_groups.0.albert_layers.0.attention.output.layernorm.gamma, weight byte size is 1248
[INFO] FEDERATED(18406,7ff83402f3c0,python):2023-06-21-11:52:37.952.580 [mindspore_federated/fl_arch/ccsrc/server/model_store.cc:84] InitModel] Aggregate Weight full name is albert.encoder.albert_layer_groups.0.albert_layers.0.attention.output.layernorm.beta, weight byte size is 1248
[INFO] FEDERATED(18406,7ff83402f3c0,python):2023-06-21-11:52:37.952.812 [mindspore_federated/fl_arch/ccsrc/server/model_store.cc:84] InitModel] Aggregate Weight full name is albert.encoder.albert_layer_groups.0.albert_layers.0.ffn.weight, weight byte size is 1557504
[INFO] FEDERATED(18406,7ff83402f3c0,python):2023-06-21-11:52:37.952.828 [mindspore_federated/fl_arch/ccsrc/server/model_store.cc:84] InitModel] Aggregate Weight full name is albert.encoder.albert_layer_groups.0.albert_layers.0.ffn.bias, weight byte size is 4992
[INFO] FEDERATED(18406,7ff83402f3c0,python):2023-06-21-11:52:37.953.050 [mindspore_federated/fl_arch/ccsrc/server/model_store.cc:84] InitModel] Aggregate Weight full name is albert.encoder.albert_layer_groups.0.albert_layers.0.ffn_output.weight, weight byte size is 1557504
[INFO] FEDERATED(18406,7ff83402f3c0,python):2023-06-21-11:52:37.953.062 [mindspore_federated/fl_arch/ccsrc/server/model_store.cc:84] InitModel] Aggregate Weight full name is albert.encoder.albert_layer_groups.0.albert_layers.0.ffn_output.bias, weight byte size is 1248
[INFO] FEDERATED(18406,7ff83402f3c0,python):2023-06-21-11:52:37.953.070 [mindspore_federated/fl_arch/ccsrc/server/model_store.cc:84] InitModel] Aggregate Weight full name is albert.encoder.albert_layer_groups.0.albert_layers.0.full_layer_layer_norm.gamma, weight byte size is 1248
[INFO] FEDERATED(18406,7ff83402f3c0,python):2023-06-21-11:52:37.953.078 [mindspore_federated/fl_arch/ccsrc/server/model_store.cc:84] InitModel] Aggregate Weight full name is albert.encoder.albert_layer_groups.0.albert_layers.0.full_layer_layer_norm.beta, weight byte size is 1248
[INFO] FEDERATED(18406,7ff83402f3c0,python):2023-06-21-11:52:37.953.139 [mindspore_federated/fl_arch/ccsrc/server/model_store.cc:84] InitModel] Aggregate Weight full name is albert.pooler.weight, weight byte size is 389376
[INFO] FEDERATED(18406,7ff83402f3c0,python):2023-06-21-11:52:37.953.149 [mindspore_federated/fl_arch/ccsrc/server/model_store.cc:84] InitModel] Aggregate Weight full name is albert.pooler.bias, weight byte size is 1248
[INFO] FEDERATED(18406,7ff83402f3c0,python):2023-06-21-11:52:37.953.159 [mindspore_federated/fl_arch/ccsrc/server/model_store.cc:84] InitModel] Aggregate Weight full name is classifier.weight, weight byte size is 4992
[INFO] FEDERATED(18406,7ff83402f3c0,python):2023-06-21-11:52:37.953.167 [mindspore_federated/fl_arch/ccsrc/server/model_store.cc:84] InitModel] Aggregate Weight full name is classifier.bias, weight byte size is 16
[INFO] FEDERATED(18406,7ff83402f3c0,python):2023-06-21-11:52:37.994.057 [mindspore_federated/fl_arch/ccsrc/server/model_store.cc:339] AssignNewCompressModelMemory] Register compressWeight for compressType: QUANT
[INFO] FEDERATED(18406,7ff83402f3c0,python):2023-06-21-11:52:37.995.293 [mindspore_federated/fl_arch/ccsrc/server/model_store.cc:43] Initialize] Model store checkpoint dir is: /home/qiyijie/git_projects/mindspore/federated/example/cross_device_albert2/./fl_ckpt/
[INFO] FEDERATED(18406,7ff83402f3c0,python):2023-06-21-11:52:37.996.301 [mindspore_federated/fl_arch/ccsrc/server/server.cc:611] SyncAndInitModel] Load model success: The initial local model is used as the model of iteration 0
[INFO] FEDERATED(18406,7ff83402f3c0,python):2023-06-21-11:52:37.999.430 [mindspore_federated/fl_arch/ccsrc/server/server.cc:158] InitRoundConfigs] Initializing cipher:
[INFO] FEDERATED(18406,7ff83402f3c0,python):2023-06-21-11:52:37.999.447 [mindspore_federated/fl_arch/ccsrc/server/server.cc:159] InitRoundConfigs]  exchange_keys_threshold: 1 get_keys_threshold: 1 share_secrets_threshold: 1
[INFO] FEDERATED(18406,7ff83402f3c0,python):2023-06-21-11:52:37.999.452 [mindspore_federated/fl_arch/ccsrc/server/server.cc:162] InitRoundConfigs]  get_secrets_threshold: 1 get_client_list_threshold: 2 push_list_sign_threshold: 2 get_list_sign_threshold: 2 minimum_clients_for_reconstruct: 2 minimum_secret_shares_for_reconstruct: 1 cipher_time_window: 1
[INFO] FEDERATED(18406,7ff83402f3c0,python):2023-06-21-11:52:37.999.466 [mindspore_federated/fl_arch/ccsrc/server/iteration.cc:64] InitIteration] Time window for one iteration is 120000000
[INFO] FEDERATED(18406,7ff83402f3c0,python):2023-06-21-11:52:37.999.474 [mindspore_federated/fl_arch/ccsrc/server/iteration.cc:69] InitIteration] Add round startFLJob, check_timeout: 1, time window: 60000000, check_count: 1, threshold: 1
[INFO] FEDERATED(18406,7ff83402f3c0,python):2023-06-21-11:52:37.999.479 [mindspore_federated/fl_arch/ccsrc/server/round.cc:55] Initialize] Round startFLJob start initialize.
[INFO] FEDERATED(18406,7ff83402f3c0,python):2023-06-21-11:52:37.999.489 [mindspore_federated/fl_arch/ccsrc/common/distributed_cache/timer.cc:157] RegisterTimer] Register timer for startFLJob, time length in seconds: 60000
[INFO] FEDERATED(18406,7ff83402f3c0,python):2023-06-21-11:52:37.999.497 [mindspore_federated/fl_arch/ccsrc/common/distributed_cache/counter.cc:46] RegisterCounter] Register counter for startFLJob, threshold: 1
[INFO] FEDERATED(18406,7ff83402f3c0,python):2023-06-21-11:52:37.999.503 [mindspore_federated/fl_arch/ccsrc/server/round.cc:49] RegisterMsgCallBack] Round startFLJob register message callback.
[INFO] FEDERATED(18406,7ff83402f3c0,python):2023-06-21-11:52:37.999.507 [mindspore_federated/fl_arch/ccsrc/common/communicator/tcp_communicator.cc:52] RegisterRoundMsgCallback] msg_type is: startFLJob
[INFO] FEDERATED(18406,7ff83402f3c0,python):2023-06-21-11:52:37.999.514 [mindspore_federated/fl_arch/ccsrc/server/round.cc:49] RegisterMsgCallBack] Round startFLJob register message callback.
[INFO] FEDERATED(18406,7ff83402f3c0,python):2023-06-21-11:52:37.999.518 [mindspore_federated/fl_arch/ccsrc/common/communicator/http_communicator.cc:23] RegisterRoundMsgCallback] msg_type is: startFLJob
[INFO] FEDERATED(18406,7ff83402f3c0,python):2023-06-21-11:52:37.999.960 [mindspore_federated/fl_arch/ccsrc/common/communicator/http_server.cc:111] RegisterRoute] request handler http url is: http://192.168.199.162:8019/startFLJob
[INFO] FEDERATED(18406,7ff83402f3c0,python):2023-06-21-11:52:37.999.978 [mindspore_federated/fl_arch/ccsrc/server/iteration.cc:69] InitIteration] Add round updateModel, check_timeout: 1, time window: 60000000, check_count: 1, threshold: 1
[INFO] FEDERATED(18406,7ff83402f3c0,python):2023-06-21-11:52:37.999.984 [mindspore_federated/fl_arch/ccsrc/server/round.cc:55] Initialize] Round updateModel start initialize.
[INFO] FEDERATED(18406,7ff83402f3c0,python):2023-06-21-11:52:37.999.989 [mindspore_federated/fl_arch/ccsrc/common/distributed_cache/timer.cc:157] RegisterTimer] Register timer for updateModel, time length in seconds: 60000
[INFO] FEDERATED(18406,7ff83402f3c0,python):2023-06-21-11:52:38.000.000 [mindspore_federated/fl_arch/ccsrc/common/distributed_cache/counter.cc:66] RegisterPerServerCounter] Register counter(total count of all valid servers) for updateModel, threshold: 1
[INFO] FEDERATED(18406,7ff83402f3c0,python):2023-06-21-11:52:38.000.005 [mindspore_federated/fl_arch/ccsrc/server/round.cc:49] RegisterMsgCallBack] Round updateModel register message callback.
[INFO] FEDERATED(18406,7ff83402f3c0,python):2023-06-21-11:52:38.000.021 [mindspore_federated/fl_arch/ccsrc/common/communicator/tcp_communicator.cc:52] RegisterRoundMsgCallback] msg_type is: updateModel
[INFO] FEDERATED(18406,7ff83402f3c0,python):2023-06-21-11:52:38.000.028 [mindspore_federated/fl_arch/ccsrc/server/round.cc:49] RegisterMsgCallBack] Round updateModel register message callback.
[INFO] FEDERATED(18406,7ff83402f3c0,python):2023-06-21-11:52:38.000.032 [mindspore_federated/fl_arch/ccsrc/common/communicator/http_communicator.cc:23] RegisterRoundMsgCallback] msg_type is: updateModel
[INFO] FEDERATED(18406,7ff83402f3c0,python):2023-06-21-11:52:38.000.429 [mindspore_federated/fl_arch/ccsrc/common/communicator/http_server.cc:111] RegisterRoute] request handler http url is: http://192.168.199.162:8019/updateModel
[INFO] FEDERATED(18406,7ff83402f3c0,python):2023-06-21-11:52:38.000.445 [mindspore_federated/fl_arch/ccsrc/common/distributed_cache/counter.cc:66] RegisterPerServerCounter] Register counter(total count of all valid servers) for count_for_aggregation, threshold: 1
[INFO] FEDERATED(18406,7ff83402f3c0,python):2023-06-21-11:52:38.000.455 [mindspore_federated/fl_arch/ccsrc/server/iteration.cc:69] InitIteration] Add round getModel, check_timeout: 0, time window: 3000, check_count: 0, threshold: 0
[INFO] FEDERATED(18406,7ff83402f3c0,python):2023-06-21-11:52:38.000.461 [mindspore_federated/fl_arch/ccsrc/server/round.cc:55] Initialize] Round getModel start initialize.
[INFO] FEDERATED(18406,7ff83402f3c0,python):2023-06-21-11:52:38.000.466 [mindspore_federated/fl_arch/ccsrc/server/round.cc:49] RegisterMsgCallBack] Round getModel register message callback.
[INFO] FEDERATED(18406,7ff83402f3c0,python):2023-06-21-11:52:38.000.470 [mindspore_federated/fl_arch/ccsrc/common/communicator/tcp_communicator.cc:52] RegisterRoundMsgCallback] msg_type is: getModel
[INFO] FEDERATED(18406,7ff83402f3c0,python):2023-06-21-11:52:38.000.475 [mindspore_federated/fl_arch/ccsrc/server/round.cc:49] RegisterMsgCallBack] Round getModel register message callback.
[INFO] FEDERATED(18406,7ff83402f3c0,python):2023-06-21-11:52:38.000.479 [mindspore_federated/fl_arch/ccsrc/common/communicator/http_communicator.cc:23] RegisterRoundMsgCallback] msg_type is: getModel
[INFO] FEDERATED(18406,7ff83402f3c0,python):2023-06-21-11:52:38.000.862 [mindspore_federated/fl_arch/ccsrc/common/communicator/http_server.cc:111] RegisterRoute] request handler http url is: http://192.168.199.162:8019/getModel
[INFO] FEDERATED(18406,7ff83402f3c0,python):2023-06-21-11:52:38.000.876 [mindspore_federated/fl_arch/ccsrc/server/iteration.cc:69] InitIteration] Add round pullWeight, check_timeout: 0, time window: 3000, check_count: 0, threshold: 0
[INFO] FEDERATED(18406,7ff83402f3c0,python):2023-06-21-11:52:38.000.882 [mindspore_federated/fl_arch/ccsrc/server/round.cc:55] Initialize] Round pullWeight start initialize.
[INFO] FEDERATED(18406,7ff83402f3c0,python):2023-06-21-11:52:38.000.887 [mindspore_federated/fl_arch/ccsrc/server/round.cc:49] RegisterMsgCallBack] Round pullWeight register message callback.
[INFO] FEDERATED(18406,7ff83402f3c0,python):2023-06-21-11:52:38.000.891 [mindspore_federated/fl_arch/ccsrc/common/communicator/tcp_communicator.cc:52] RegisterRoundMsgCallback] msg_type is: pullWeight
[INFO] FEDERATED(18406,7ff83402f3c0,python):2023-06-21-11:52:38.000.896 [mindspore_federated/fl_arch/ccsrc/server/round.cc:49] RegisterMsgCallBack] Round pullWeight register message callback.
[INFO] FEDERATED(18406,7ff83402f3c0,python):2023-06-21-11:52:38.000.900 [mindspore_federated/fl_arch/ccsrc/common/communicator/http_communicator.cc:23] RegisterRoundMsgCallback] msg_type is: pullWeight
[INFO] FEDERATED(18406,7ff83402f3c0,python):2023-06-21-11:52:38.001.284 [mindspore_federated/fl_arch/ccsrc/common/communicator/http_server.cc:111] RegisterRoute] request handler http url is: http://192.168.199.162:8019/pullWeight
[INFO] FEDERATED(18406,7ff83402f3c0,python):2023-06-21-11:52:38.001.316 [mindspore_federated/fl_arch/ccsrc/server/iteration.cc:69] InitIteration] Add round pushWeight, check_timeout: 0, time window: 3000, check_count: 0, threshold: 1
[INFO] FEDERATED(18406,7ff83402f3c0,python):2023-06-21-11:52:38.001.329 [mindspore_federated/fl_arch/ccsrc/server/round.cc:55] Initialize] Round pushWeight start initialize.
[INFO] FEDERATED(18406,7ff83402f3c0,python):2023-06-21-11:52:38.001.333 [mindspore_federated/fl_arch/ccsrc/server/round.cc:49] RegisterMsgCallBack] Round pushWeight register message callback.
[INFO] FEDERATED(18406,7ff83402f3c0,python):2023-06-21-11:52:38.001.337 [mindspore_federated/fl_arch/ccsrc/common/communicator/tcp_communicator.cc:52] RegisterRoundMsgCallback] msg_type is: pushWeight
[INFO] FEDERATED(18406,7ff83402f3c0,python):2023-06-21-11:52:38.001.342 [mindspore_federated/fl_arch/ccsrc/server/round.cc:49] RegisterMsgCallBack] Round pushWeight register message callback.
[INFO] FEDERATED(18406,7ff83402f3c0,python):2023-06-21-11:52:38.001.347 [mindspore_federated/fl_arch/ccsrc/common/communicator/http_communicator.cc:23] RegisterRoundMsgCallback] msg_type is: pushWeight
[INFO] FEDERATED(18406,7ff83402f3c0,python):2023-06-21-11:52:38.001.720 [mindspore_federated/fl_arch/ccsrc/common/communicator/http_server.cc:111] RegisterRoute] request handler http url is: http://192.168.199.162:8019/pushWeight
[INFO] FEDERATED(18406,7ff83402f3c0,python):2023-06-21-11:52:38.001.737 [mindspore_federated/fl_arch/ccsrc/server/iteration.cc:69] InitIteration] Add round pushMetrics, check_timeout: 0, time window: 3000, check_count: 1, threshold: 1
[INFO] FEDERATED(18406,7ff83402f3c0,python):2023-06-21-11:52:38.001.743 [mindspore_federated/fl_arch/ccsrc/server/round.cc:55] Initialize] Round pushMetrics start initialize.
[INFO] FEDERATED(18406,7ff83402f3c0,python):2023-06-21-11:52:38.001.748 [mindspore_federated/fl_arch/ccsrc/common/distributed_cache/counter.cc:46] RegisterCounter] Register counter for pushMetrics, threshold: 1
[INFO] FEDERATED(18406,7ff83402f3c0,python):2023-06-21-11:52:38.001.752 [mindspore_federated/fl_arch/ccsrc/server/round.cc:49] RegisterMsgCallBack] Round pushMetrics register message callback.
[INFO] FEDERATED(18406,7ff83402f3c0,python):2023-06-21-11:52:38.001.757 [mindspore_federated/fl_arch/ccsrc/common/communicator/tcp_communicator.cc:52] RegisterRoundMsgCallback] msg_type is: pushMetrics
[INFO] FEDERATED(18406,7ff83402f3c0,python):2023-06-21-11:52:38.001.761 [mindspore_federated/fl_arch/ccsrc/server/round.cc:49] RegisterMsgCallBack] Round pushMetrics register message callback.
[INFO] FEDERATED(18406,7ff83402f3c0,python):2023-06-21-11:52:38.001.766 [mindspore_federated/fl_arch/ccsrc/common/communicator/http_communicator.cc:23] RegisterRoundMsgCallback] msg_type is: pushMetrics
[INFO] FEDERATED(18406,7ff83402f3c0,python):2023-06-21-11:52:38.002.099 [mindspore_federated/fl_arch/ccsrc/common/communicator/http_server.cc:111] RegisterRoute] request handler http url is: http://192.168.199.162:8019/pushMetrics
[INFO] FEDERATED(18406,7ff83402f3c0,python):2023-06-21-11:52:38.002.111 [mindspore_federated/fl_arch/ccsrc/common/distributed_cache/timer.cc:157] RegisterTimer] Register timer for globalTimer, time length in seconds: 120000
[WARNING] FEDERATED(18406,7ff83402f3c0,python):2023-06-21-11:52:38.002.123 [mindspore_federated/fl_arch/ccsrc/server/iteration.cc:91] InitIteration] instance name is empty
[INFO] FEDERATED(18406,7ff83402f3c0,python):2023-06-21-11:52:38.002.136 [mindspore_federated/fl_arch/ccsrc/server/iteration.cc:530] InitConfig] Create Directory :.. success.
[INFO] FEDERATED(18406,7ff83402f3c0,python):2023-06-21-11:52:38.002.142 [mindspore_federated/fl_arch/ccsrc/server/iteration.cc:328] InitEventTxtFile] Create Directory :event.txt success.
[INFO] FEDERATED(18406,7ff83402f3c0,python):2023-06-21-11:52:38.002.198 [mindspore_federated/fl_arch/ccsrc/server/server_node.cc:35] Start] [Server start]: The node role:SERVER the node id:192.168.199.162:40751::2023-06-21-11:52:37.933.804::69383 start communicator and http server!
[INFO] FEDERATED(18406,7ff83402f3c0,python):2023-06-21-11:52:38.002.311 [mindspore_federated/fl_arch/ccsrc/common/core/abstract_node.cc:277] StartHttpServer] Initialize http server IP:192.168.199.162, PORT:8019
[ERROR] FEDERATED(18406,7ff83402f3c0,python):2023-06-21-11:52:38.003.860 [mindspore_federated/fl_arch/ccsrc/common/communicator/http_server.cc:71] InitServer] Bind ip:192.168.199.162 port:8019failed!
[ERROR] FEDERATED(18406,7ff83402f3c0,python):2023-06-21-11:52:38.003.876 [mindspore_federated/fl_arch/ccsrc/common/communicator/http_server.cc:118] Start] Load http server failed, server address: 192.168.199.162, server port: 8019
[ERROR] FEDERATED(18406,7ff83402f3c0,python):2023-06-21-11:52:38.003.886 [mindspore_federated/fl_arch/ccsrc/common/core/abstract_node.cc:279] StartHttpServer] Http server starting failed.
[WARNING] FEDERATED(18406,7ff83402f3c0,python):2023-06-21-11:52:38.003.976 [mindspore_federated/fl_arch/ccsrc/server/server.cc:79] Run] Catch exception and begin exit, exception: mindspore_federated/fl_arch/ccsrc/common/core/abstract_node.cc:279 StartHttpServer] Http server starting failed.
[INFO] FEDERATED(18406,7ff83402f3c0,python):2023-06-21-11:52:38.004.108 [mindspore_federated/fl_arch/ccsrc/common/distributed_cache/server.cc:202] UnlockCache] Unlock server successfully
[INFO] FEDERATED(18406:140704001225664,MainProcess):2023-06-21-11:52:38.416.6 [mindspore_federated/startup/federated_local.py:196] before stopped callback
[INFO] FEDERATED(18406,7ff83402f3c0,python):2023-06-21-11:52:38.004.293 [mindspore_federated/fl_arch/ccsrc/server/server_node.cc:46] Stop] Begin stop server node!
[INFO] FEDERATED(18406,7ff83402f3c0,python):2023-06-21-11:52:38.004.304 [mindspore_federated/fl_arch/ccsrc/common/communicator/tcp_server.cc:204] Stop] Stop tcp server!
[INFO] FEDERATED(18406,7ff7fbab1700,python):2023-06-21-11:52:38.004.474 [mindspore_federated/fl_arch/ccsrc/common/communicator/tcp_server.cc:185] operator()] Event base dispatch and exit success!
[WARNING] FEDERATED(18406,7ff734778700,python):2023-06-21-11:52:38.004.497 [mindspore_federated/fl_arch/ccsrc/common/communicator/tcp_client.cc:226] EventCallbackInner] Client connected end of file! Peer Server ip: 192.168.199.162, port: 40751
[INFO] FEDERATED(18406,7ff734778700,python):2023-06-21-11:52:38.004.569 [mindspore_federated/fl_arch/ccsrc/common/communicator/tcp_client.cc:104] operator()] Event base dispatch failed with no events pending or active!
[INFO] FEDERATED(18406,7ff83402f3c0,python):2023-06-21-11:52:38.004.576 [mindspore_federated/fl_arch/ccsrc/common/communicator/tcp_server.cc:204] Stop] Stop tcp server!
[INFO] FEDERATED(18406,7ff83402f3c0,python):2023-06-21-11:52:38.004.653 [mindspore_federated/fl_arch/ccsrc/common/communicator/tcp_client.cc:146] Stop] Stop tcp client!
[INFO] FEDERATED(18406,7ff83402f3c0,python):2023-06-21-11:52:38.004.662 [mindspore_federated/fl_arch/ccsrc/common/communicator/tcp_client.cc:146] Stop] Stop tcp client!
[INFO] FEDERATED(18406,7ff83402f3c0,python):2023-06-21-11:52:38.004.670 [mindspore_federated/fl_arch/ccsrc/common/communicator/http_server.cc:139] Stop] Stop http server begin!
[INFO] FEDERATED(18406,7ff83402f3c0,python):2023-06-21-11:52:38.004.675 [mindspore_federated/fl_arch/ccsrc/common/communicator/http_server.cc:160] Stop] Stop http server end!
[INFO] FEDERATED(18406,7ff83402f3c0,python):2023-06-21-11:52:38.004.680 [mindspore_federated/fl_arch/ccsrc/server/server_node.cc:55] Stop] End stop server node!
############
FedAvg
Traceback (most recent call last):
  File "/home/qiyijie/git_projects/mindspore/federated/example/cross_device_albert2/logs/server_8019/./../../run_cloud.py", line 93, in <module>
    start_one_server()
  File "/home/qiyijie/git_projects/mindspore/federated/example/cross_device_albert2/logs/server_8019/./../../run_cloud.py", line 74, in start_one_server
    job.run(feature_map)
  File "/home/qiyijie/.conda/envs/mindspore/lib/python3.9/site-packages/mindspore_federated/startup/federated_local.py", line 184, in run
    Federated_.start_federated_server(feature_list_cxx, recovery_iteration, self.after_started_callback,
RuntimeError: mindspore_federated/fl_arch/ccsrc/common/core/abstract_node.cc:279 StartHttpServer] Http server starting failed.
[INFO] PIPELINE(18406,7ff83402f3c0,python):2023-06-21-11:52:38.005.133 [mindspore/ccsrc/pipeline/jit/init.cc:431] operator()] Start releasing dataset handles...
[INFO] PIPELINE(18406,7ff83402f3c0,python):2023-06-21-11:52:38.005.163 [mindspore/ccsrc/pipeline/jit/init.cc:434] operator()] End release dataset handles.
[INFO] PIPELINE(18406,7ff83402f3c0,python):2023-06-21-11:52:38.005.174 [mindspore/ccsrc/pipeline/jit/pipeline.cc:2010] ClearResAtexit] Pipeline clear all resource
[INFO] PIPELINE(18406,7ff83402f3c0,python):2023-06-21-11:52:38.005.255 [mindspore/ccsrc/pipeline/jit/pipeline.cc:260] RecordExitStatus] Status record: system exit.
[INFO] DEBUG(18406,7ff83402f3c0,python):2023-06-21-11:52:38.005.273 [mindspore/ccsrc/common/debug/env_config_parser.cc:153] ParseFromFile] The 'env_config_path' in 'mindspore.context.set_context(env_config_path={path})' is empty.
[INFO] ME(18406,7ff83402f3c0,python):2023-06-21-11:52:38.005.689 [mindspore/core/mindrt/src/actor/actormgr.cc:150] Finalize] mindrt Actors finish exiting.
[INFO] ME(18406,7ff83402f3c0,python):2023-06-21-11:52:38.005.703 [mindspore/core/mindrt/src/actor/actormgr.cc:153] Finalize] mindrt Threads finish exiting.
[INFO] ME(18406,7ff83402f3c0,python):2023-06-21-11:52:38.005.708 [mindspore/core/mindrt/src/actor/actormgr.cc:164] Finalize] mindrt IOMGRS finish exiting.
[INFO] PIPELINE(18406,7ff83402f3c0,python):2023-06-21-11:52:38.005.716 [mindspore/ccsrc/pipeline/jit/pipeline.cc:1892] ClearResPart1] Start clear kernel runtime...
[INFO] PIPELINE(18406,7ff83402f3c0,python):2023-06-21-11:52:38.005.726 [mindspore/ccsrc/pipeline/jit/pipeline.cc:1894] ClearResPart1] End clear kernel runtime.
[INFO] PIPELINE(18406,7ff83402f3c0,python):2023-06-21-11:52:38.005.733 [mindspore/ccsrc/pipeline/jit/pipeline.cc:1896] ClearResPart1] Start Finalize StreamSynchronizer...
[INFO] PIPELINE(18406,7ff83402f3c0,python):2023-06-21-11:52:38.005.742 [mindspore/ccsrc/pipeline/jit/pipeline.cc:1898] ClearResPart1] End Finalize StreamSynchronizer...
[INFO] PIPELINE(18406,7ff83402f3c0,python):2023-06-21-11:52:38.006.776 [mindspore/ccsrc/pipeline/jit/pipeline.cc:654] ClearRes] Clean executor resource!
[INFO] PIPELINE(18406,7ff83402f3c0,python):2023-06-21-11:52:38.006.793 [mindspore/ccsrc/pipeline/jit/pipeline.cc:1914] ClearResPart2] Start clear PyNativeExecutor...
[INFO] PIPELINE(18406,7ff83402f3c0,python):2023-06-21-11:52:38.006.828 [mindspore/ccsrc/pipeline/jit/pipeline.cc:1916] ClearResPart2] End clear PyNativeExecutor.
[INFO] PIPELINE(18406,7ff83402f3c0,python):2023-06-21-11:52:38.006.837 [mindspore/ccsrc/pipeline/jit/pipeline.cc:1928] ClearResPart2] Start clear ConfigManager...
[INFO] PIPELINE(18406,7ff83402f3c0,python):2023-06-21-11:52:38.006.845 [mindspore/ccsrc/pipeline/jit/pipeline.cc:1930] ClearResPart2] End clear ConfigManager.
[INFO] PIPELINE(18406,7ff83402f3c0,python):2023-06-21-11:52:38.006.850 [mindspore/ccsrc/pipeline/jit/pipeline.cc:1937] ClearResPart2] Start clear device context...
[INFO] PIPELINE(18406,7ff83402f3c0,python):2023-06-21-11:52:38.006.856 [mindspore/ccsrc/pipeline/jit/pipeline.cc:1939] ClearResPart2] End clear device context.
[INFO] PIPELINE(18406,7ff83402f3c0,python):2023-06-21-11:52:38.006.861 [mindspore/ccsrc/pipeline/jit/pipeline.cc:1941] ClearResPart2] Start clear AnalysisResultCacheMgr...
[INFO] PIPELINE(18406,7ff83402f3c0,python):2023-06-21-11:52:38.006.867 [mindspore/ccsrc/pipeline/jit/pipeline.cc:1943] ClearResPart2] End clear AnalysisResultCacheMgr.
[INFO] PIPELINE(18406,7ff83402f3c0,python):2023-06-21-11:52:38.006.872 [mindspore/ccsrc/pipeline/jit/pipeline.cc:1945] ClearResPart2] Start clear AnalysisContext...
[INFO] PIPELINE(18406,7ff83402f3c0,python):2023-06-21-11:52:38.006.878 [mindspore/ccsrc/pipeline/jit/pipeline.cc:1947] ClearResPart2] End clear AnalysisContext...
[INFO] PIPELINE(18406,7ff83402f3c0,python):2023-06-21-11:52:38.006.884 [mindspore/ccsrc/pipeline/jit/pipeline.cc:1949] ClearResPart2] Start clear AnalysisSchedule...
[INFO] PIPELINE(18406,7ff83402f3c0,python):2023-06-21-11:52:38.006.910 [mindspore/ccsrc/pipeline/jit/pipeline.cc:1951] ClearResPart2] End clear AnalysisSchedule...
[INFO] PIPELINE(18406,7ff83402f3c0,python):2023-06-21-11:52:38.006.922 [mindspore/ccsrc/pipeline/jit/pipeline.cc:1954] ClearResPart2] Start clear python_adapter...
[INFO] PIPELINE(18406,7ff83402f3c0,python):2023-06-21-11:52:38.006.928 [mindspore/ccsrc/pipeline/jit/pipeline.cc:1956] ClearResPart2] End clear python_adapter.
[INFO] DEBUG(18406,7ff83402f3c0,python):2023-06-21-11:52:38.006.941 [mindspore/ccsrc/debug/debugger/debugger.cc:95] Debugger] Debugger got device_target: GPU
[INFO] DEBUG(18406,7ff83402f3c0,python):2023-06-21-11:52:38.006.956 [mindspore/ccsrc/debug/debugger/debugger.cc:299] Reset] Release Debugger resource.
[INFO] PIPELINE(18406,7ff83402f3c0,python):2023-06-21-11:52:38.006.962 [mindspore/ccsrc/pipeline/jit/pipeline.cc:1966] ClearResPart3] Start clear ClearObjectCache...
[INFO] PIPELINE(18406,7ff83402f3c0,python):2023-06-21-11:52:38.006.968 [mindspore/ccsrc/pipeline/jit/pipeline.cc:1968] ClearResPart3] End clear ClearObjectCache...
[INFO] PIPELINE(18406,7ff83402f3c0,python):2023-06-21-11:52:38.006.973 [mindspore/ccsrc/pipeline/jit/pipeline.cc:1970] ClearResPart3] Start clear Parser...
[INFO] PIPELINE(18406,7ff83402f3c0,python):2023-06-21-11:52:38.007.051 [mindspore/ccsrc/pipeline/jit/pipeline.cc:1972] ClearResPart3] End clear Parser...
[INFO] PIPELINE(18406,7ff83402f3c0,python):2023-06-21-11:52:38.007.059 [mindspore/ccsrc/pipeline/jit/pipeline.cc:1974] ClearResPart3] Start ClearTraceStack...
[INFO] PIPELINE(18406,7ff83402f3c0,python):2023-06-21-11:52:38.007.067 [mindspore/ccsrc/pipeline/jit/pipeline.cc:1976] ClearResPart3] End ClearTraceStack...
[INFO] PIPELINE(18406,7ff83402f3c0,python):2023-06-21-11:52:38.007.074 [mindspore/ccsrc/pipeline/jit/pipeline.cc:1978] ClearResPart3] Start clear InterpretNodeRecorder...
[INFO] PIPELINE(18406,7ff83402f3c0,python):2023-06-21-11:52:38.007.080 [mindspore/ccsrc/pipeline/jit/pipeline.cc:1980] ClearResPart3] End clear InterpretNodeRecorder...
[INFO] PIPELINE(18406,7ff83402f3c0,python):2023-06-21-11:52:38.007.087 [mindspore/ccsrc/pipeline/jit/pipeline.cc:1982] ClearResPart3] Start clear parallel::entire_costgraph...
[INFO] PIPELINE(18406,7ff83402f3c0,python):2023-06-21-11:52:38.007.093 [mindspore/ccsrc/pipeline/jit/pipeline.cc:1984] ClearResPart3] End clear parallel::entire_costgraph...
[INFO] PIPELINE(18406,7ff83402f3c0,python):2023-06-21-11:52:38.007.101 [mindspore/ccsrc/pipeline/jit/pipeline.cc:1986] ClearResPart3] Start clear ProtobufLibrary...
[INFO] PIPELINE(18406,7ff83402f3c0,python):2023-06-21-11:52:38.007.206 [mindspore/ccsrc/pipeline/jit/pipeline.cc:1988] ClearResPart3] End clear ProtobufLibrary...
[INFO] PIPELINE(18406,7ff83402f3c0,python):2023-06-21-11:52:38.007.215 [mindspore/ccsrc/pipeline/jit/pipeline.cc:1992] ClearSingleton] Start clear singleton...
[INFO] PIPELINE(18406,7ff83402f3c0,python):2023-06-21-11:52:38.007.256 [mindspore/ccsrc/pipeline/jit/pipeline.cc:2006] ClearSingleton] End clear singleton.
[INFO] PIPELINE(18406,7ff83402f3c0,python):2023-06-21-11:52:38.007.264 [mindspore/ccsrc/pipeline/jit/pipeline.cc:2015] ClearResAtexit] Start unload dynamic lib...
[INFO] PIPELINE(18406,7ff83402f3c0,python):2023-06-21-11:52:38.007.275 [mindspore/ccsrc/pipeline/jit/pipeline.cc:2017] ClearResAtexit] End unload dynamic lib...
[INFO] FEDERATED(18406,7ff83402f3c0,python):2023-06-21-11:52:38.277.642 [mindspore_federated/fl_arch/ccsrc/common/communicator/tcp_client.cc:72] Stop] Stop tcp client event dispatch!
[INFO] FEDERATED(18406,7ff83402f3c0,python):2023-06-21-11:52:38.277.781 [mindspore_federated/fl_arch/ccsrc/common/communicator/http_server.cc:139] Stop] Stop http server begin!
