[INFO] ME(29545,7f41902d93c0,python):2023-08-31-18:06:59.017.301 [mindspore/ccsrc/runtime/hardware/device_context_manager.cc:47] LoadDynamicLib] Load dynamic library: libmindspore_ascend.so failed. libge_runner.so: cannot open shared object file: No such file or directory
[INFO] ME(29545,7f41902d93c0,python):2023-08-31-18:06:59.017.975 [mindspore/ccsrc/runtime/hardware/device_context_manager.cc:47] LoadDynamicLib] Load dynamic library: libmindspore_gpu.so.11.6 failed. libnvrtc.so.11.2: cannot open shared object file: No such file or directory
[INFO] ME(29545,7f41902d93c0,python):2023-08-31-18:06:59.053.756 [mindspore/ccsrc/runtime/hardware/device_context_manager.cc:195] LoadPlugin] Load libmindspore_gpu plugin file /home/qiyijie/.conda/envs/mindspore/lib/python3.9/site-packages/mindspore/lib/plugin/libmindspore_gpu.so.11.1 success, skip loading other version.
[INFO] PIPELINE(29545,7f41902d93c0,python):2023-08-31-18:06:59.066.974 [mindspore/ccsrc/pybind_api/ir/log_adapter_py.h:30] PyExceptionInitializer] Set exception handler
[INFO] CORE(29545,7f41902d93c0,python):2023-08-31-18:06:59.145.221 [mindspore/core/utils/ms_context.cc:316] SetDeviceTargetFromInner] ms set context device target:GPU
[INFO] PARALLEL(29545,7f41902d93c0,python):2023-08-31-18:06:59.145.292 [mindspore/ccsrc/frontend/parallel/costmodel_context.cc:30] GetInstance] Create costmodel_context
[INFO] ME(29545:139919568507840,MainProcess):2023-08-31-18:06:59.145.911 [mindspore/run_check/_check_version.py:537] Setting the env `PROTOCOL_BUFFERS_PYTHON_IMPLEMENTATION=python` to prevent memory overflow during save or load checkpoint file.
[INFO] PIPELINE(29545,7f41902d93c0,python):2023-08-31-18:06:59.838.909 [mindspore/ccsrc/pipeline/jit/pipeline.cc:255] RecordInitStatus] Status record: system init.
[INFO] FEDERATED(29545,7f41902d93c0,python):2023-08-31-18:06:59.895.876 [mindspore_federated/fl_arch/ccsrc/common/fl_context.cc:113] set_http_server_address] Http server address is:192.168.199.162:9021
[INFO] FEDERATED(29545,7f41902d93c0,python):2023-08-31-18:06:59.910.253 [mindspore_federated/fl_arch/ccsrc/common/fl_context.cc:53] set_server_mode] Server mode: FEDERATED_LEARNING is used for Server and Worker. Scheduler will ignore it.
[INFO] FEDERATED(29545,7f41902d93c0,python):2023-08-31-18:06:59.910.299 [mindspore_federated/fl_arch/ccsrc/common/core/yaml_config.cc:148] InitUnsupervisedConfig] cluster_client_num is 0, eval_type is NOT_EVAL
[INFO] FEDERATED(29545,7f41902d93c0,python):2023-08-31-18:06:59.910.328 [mindspore_federated/fl_arch/ccsrc/common/core/yaml_config.cc:195] InitCompressionConfig] upload_compress_type is NO_COMPRESS, upload_sparse_rate is 0.3, download_compress_type is NO_COMPRESS
[INFO] FEDERATED(29545:139919568507840,MainProcess):2023-08-31-18:06:59.911.038 [mindspore_federated/startup/federated_local.py:304] Recovery ckpt files is: [(92, '20230728173319', '/home/qiyijie/git_projects/mindspore/federated/example/cross_device_albert2/./fl_ckpt/Albert_recovery_iteration_92_20230728_173319.ckpt'), (91, '20230728172733', '/home/qiyijie/git_projects/mindspore/federated/example/cross_device_albert2/./fl_ckpt/Albert_recovery_iteration_91_20230728_172733.ckpt'), (90, '20230728172605', '/home/qiyijie/git_projects/mindspore/federated/example/cross_device_albert2/./fl_ckpt/Albert_recovery_iteration_90_20230728_172605.ckpt')].
[INFO] FEDERATED(29545:139919568507840,MainProcess):2023-08-31-18:06:59.911.181 [mindspore_federated/startup/federated_local.py:33] load checkpoint file: /home/qiyijie/git_projects/mindspore/federated/example/cross_device_albert2/./fl_ckpt/Albert_recovery_iteration_92_20230728_173319.ckpt
[INFO] ME(29545:139919568507840,MainProcess):2023-08-31-18:06:59.911.300 [mindspore/train/serialization.py:704] Execute the process of loading checkpoint files.
[INFO] ME(29545:139919568507840,MainProcess):2023-08-31-18:06:59.940.321 [mindspore/train/serialization.py:738] Loading checkpoint files process is finished.
[INFO] FEDERATED(29545:139919568507840,MainProcess):2023-08-31-18:06:59.940.581 [mindspore_federated/startup/federated_local.py:44] Weight name: albert.embedding_postprocessor.embedding_table, shape: [2, 128], dtype: float32
[INFO] FEDERATED(29545:139919568507840,MainProcess):2023-08-31-18:06:59.940.688 [mindspore_federated/startup/federated_local.py:44] Weight name: albert.embedding_postprocessor.full_position_embeddings, shape: [512, 128], dtype: float32
[INFO] FEDERATED(29545:139919568507840,MainProcess):2023-08-31-18:06:59.940.753 [mindspore_federated/startup/federated_local.py:44] Weight name: albert.embedding_postprocessor.layernorm.beta, shape: [128], dtype: float32
[INFO] FEDERATED(29545:139919568507840,MainProcess):2023-08-31-18:06:59.940.816 [mindspore_federated/startup/federated_local.py:44] Weight name: albert.embedding_postprocessor.layernorm.gamma, shape: [128], dtype: float32
[INFO] FEDERATED(29545:139919568507840,MainProcess):2023-08-31-18:06:59.940.876 [mindspore_federated/startup/federated_local.py:44] Weight name: albert.encoder.albert_layer_groups.0.albert_layers.0.attention.attention.key.bias, shape: [312], dtype: float32
[INFO] FEDERATED(29545:139919568507840,MainProcess):2023-08-31-18:06:59.940.938 [mindspore_federated/startup/federated_local.py:44] Weight name: albert.encoder.albert_layer_groups.0.albert_layers.0.attention.attention.key.weight, shape: [312, 312], dtype: float32
[INFO] FEDERATED(29545:139919568507840,MainProcess):2023-08-31-18:06:59.940.997 [mindspore_federated/startup/federated_local.py:44] Weight name: albert.encoder.albert_layer_groups.0.albert_layers.0.attention.attention.query.bias, shape: [312], dtype: float32
[INFO] FEDERATED(29545:139919568507840,MainProcess):2023-08-31-18:06:59.941.055 [mindspore_federated/startup/federated_local.py:44] Weight name: albert.encoder.albert_layer_groups.0.albert_layers.0.attention.attention.query.weight, shape: [312, 312], dtype: float32
[INFO] FEDERATED(29545:139919568507840,MainProcess):2023-08-31-18:06:59.941.113 [mindspore_federated/startup/federated_local.py:44] Weight name: albert.encoder.albert_layer_groups.0.albert_layers.0.attention.attention.value.bias, shape: [312], dtype: float32
[INFO] FEDERATED(29545:139919568507840,MainProcess):2023-08-31-18:06:59.941.174 [mindspore_federated/startup/federated_local.py:44] Weight name: albert.encoder.albert_layer_groups.0.albert_layers.0.attention.attention.value.weight, shape: [312, 312], dtype: float32
[INFO] FEDERATED(29545:139919568507840,MainProcess):2023-08-31-18:06:59.941.233 [mindspore_federated/startup/federated_local.py:44] Weight name: albert.encoder.albert_layer_groups.0.albert_layers.0.attention.output.dense.bias, shape: [312], dtype: float32
[INFO] FEDERATED(29545:139919568507840,MainProcess):2023-08-31-18:06:59.941.293 [mindspore_federated/startup/federated_local.py:44] Weight name: albert.encoder.albert_layer_groups.0.albert_layers.0.attention.output.dense.weight, shape: [312, 312], dtype: float32
[INFO] FEDERATED(29545:139919568507840,MainProcess):2023-08-31-18:06:59.941.352 [mindspore_federated/startup/federated_local.py:44] Weight name: albert.encoder.albert_layer_groups.0.albert_layers.0.attention.output.layernorm.beta, shape: [312], dtype: float32
[INFO] FEDERATED(29545:139919568507840,MainProcess):2023-08-31-18:06:59.941.410 [mindspore_federated/startup/federated_local.py:44] Weight name: albert.encoder.albert_layer_groups.0.albert_layers.0.attention.output.layernorm.gamma, shape: [312], dtype: float32
[INFO] FEDERATED(29545:139919568507840,MainProcess):2023-08-31-18:06:59.941.469 [mindspore_federated/startup/federated_local.py:44] Weight name: albert.encoder.albert_layer_groups.0.albert_layers.0.ffn.bias, shape: [1248], dtype: float32
[INFO] FEDERATED(29545:139919568507840,MainProcess):2023-08-31-18:06:59.941.539 [mindspore_federated/startup/federated_local.py:44] Weight name: albert.encoder.albert_layer_groups.0.albert_layers.0.ffn.weight, shape: [1248, 312], dtype: float32
[INFO] FEDERATED(29545:139919568507840,MainProcess):2023-08-31-18:06:59.941.597 [mindspore_federated/startup/federated_local.py:44] Weight name: albert.encoder.albert_layer_groups.0.albert_layers.0.ffn_output.bias, shape: [312], dtype: float32
[INFO] FEDERATED(29545:139919568507840,MainProcess):2023-08-31-18:06:59.941.659 [mindspore_federated/startup/federated_local.py:44] Weight name: albert.encoder.albert_layer_groups.0.albert_layers.0.ffn_output.weight, shape: [312, 1248], dtype: float32
[INFO] FEDERATED(29545:139919568507840,MainProcess):2023-08-31-18:06:59.941.717 [mindspore_federated/startup/federated_local.py:44] Weight name: albert.encoder.albert_layer_groups.0.albert_layers.0.full_layer_layer_norm.beta, shape: [312], dtype: float32
[INFO] FEDERATED(29545:139919568507840,MainProcess):2023-08-31-18:06:59.941.776 [mindspore_federated/startup/federated_local.py:44] Weight name: albert.encoder.albert_layer_groups.0.albert_layers.0.full_layer_layer_norm.gamma, shape: [312], dtype: float32
[INFO] FEDERATED(29545:139919568507840,MainProcess):2023-08-31-18:06:59.941.834 [mindspore_federated/startup/federated_local.py:44] Weight name: albert.encoder.embedding_hidden_mapping_in.bias, shape: [312], dtype: float32
[INFO] FEDERATED(29545:139919568507840,MainProcess):2023-08-31-18:06:59.941.894 [mindspore_federated/startup/federated_local.py:44] Weight name: albert.encoder.embedding_hidden_mapping_in.weight, shape: [312, 128], dtype: float32
[INFO] FEDERATED(29545:139919568507840,MainProcess):2023-08-31-18:06:59.941.952 [mindspore_federated/startup/federated_local.py:44] Weight name: albert.pooler.bias, shape: [312], dtype: float32
[INFO] FEDERATED(29545:139919568507840,MainProcess):2023-08-31-18:06:59.942.010 [mindspore_federated/startup/federated_local.py:44] Weight name: albert.pooler.weight, shape: [312, 312], dtype: float32
[INFO] FEDERATED(29545:139919568507840,MainProcess):2023-08-31-18:06:59.942.071 [mindspore_federated/startup/federated_local.py:44] Weight name: albert.word_embeddings.embedding_table, shape: [11682, 128], dtype: float32
[INFO] FEDERATED(29545:139919568507840,MainProcess):2023-08-31-18:06:59.942.130 [mindspore_federated/startup/federated_local.py:44] Weight name: classifier.bias, shape: [4], dtype: float32
[INFO] FEDERATED(29545:139919568507840,MainProcess):2023-08-31-18:06:59.942.188 [mindspore_federated/startup/federated_local.py:44] Weight name: classifier.weight, shape: [4, 312], dtype: float32
[INFO] FEDERATED(29545:139919568507840,MainProcess):2023-08-31-18:06:59.942.224 [mindspore_federated/startup/federated_local.py:252] Load recovery checkpoint file /home/qiyijie/git_projects/mindspore/federated/example/cross_device_albert2/./fl_ckpt/Albert_recovery_iteration_92_20230728_173319.ckpt successfully.
[INFO] FEDERATED(29545:139919568507840,MainProcess):2023-08-31-18:06:59.942.269 [mindspore_federated/startup/federated_local.py:317] Recovery iteration num is: 93.
[INFO] FEDERATED(29545,7f41902d93c0,python):2023-08-31-18:06:59.942.436 [mindspore_federated/fl_arch/ccsrc/common/fl_context.cc:76] set_ms_role] MS_ROLE of this node is MS_SERVER
[INFO] FEDERATED(29545,7f41902d93c0,python):2023-08-31-18:06:59.945.347 [mindspore_federated/fl_arch/ccsrc/common/communicator/tcp_server.cc:142] Init] The max connection is:10000
[INFO] FEDERATED(29545,7f41902d93c0,python):2023-08-31-18:06:59.948.260 [mindspore_federated/fl_arch/ccsrc/common/communicator/tcp_client.cc:51] CreateBufferEvent] SSL is disable.
[INFO] FEDERATED(29545,7f409ec43700,python):2023-08-31-18:06:59.956.503 [mindspore_federated/fl_arch/ccsrc/common/communicator/tcp_server.cc:264] ListenerCallbackInner] SSL is disable.
[INFO] FEDERATED(29545,7f40909d6700,python):2023-08-31-18:06:59.956.531 [mindspore_federated/fl_arch/ccsrc/common/communicator/tcp_client.cc:175] NotifyConnected] Client connected to the server! Peer Server ip: 192.168.199.162, port: 46177
[INFO] FEDERATED(29545,7f409ec43700,python):2023-08-31-18:06:59.956.576 [mindspore_federated/fl_arch/ccsrc/common/communicator/tcp_server.cc:300] ListenerCallbackInner] A client is connected, fd is 13
[INFO] FEDERATED(29545,7f40909d6700,python):2023-08-31-18:06:59.956.594 [mindspore_federated/fl_arch/ccsrc/common/communicator/tcp_client.cc:208] EventCallbackInner] Client connected! Peer Server ip: 192.168.199.162, port: 46177
[INFO] FEDERATED(29545,7f41902d93c0,python):2023-08-31-18:06:59.956.601 [mindspore_federated/fl_arch/ccsrc/common/core/abstract_node.cc:337] InitNodeInfo] The node role:SERVER is generate uuid is:192.168.199.162:46177::2023-08-31-18:06:59.956.588::69383, the ip:192.168.199.162, the port:46177
[INFO] FEDERATED(29545,7f41902d93c0,python):2023-08-31-18:06:59.956.633 [mindspore_federated/fl_arch/ccsrc/server/server_node.cc:31] InitializeBeforeCache] [Server start]: Server node create tcp server successful!
[INFO] FEDERATED(29545,7f41902d93c0,python):2023-08-31-18:06:59.956.652 [mindspore_federated/fl_arch/ccsrc/common/distributed_cache/redis/redis.cc:675] Init] Try connect to redis sever 127.0.0.1:23457, retry time in seconds 900
[INFO] FEDERATED(29545,7f41902d93c0,python):2023-08-31-18:06:59.970.922 [mindspore_federated/fl_arch/ccsrc/common/distributed_cache/redis/redis.cc:689] Init] Connect to redis sever 127.0.0.1:23457 successfully
[WARNING] FEDERATED(29545,7f41902d93c0,python):2023-08-31-18:06:59.971.269 [mindspore_federated/fl_arch/ccsrc/common/distributed_cache/instance_context.cc:430] SyncInner] Running status in distributed cache is empty
[INFO] FEDERATED(29545,7f41902d93c0,python):2023-08-31-18:06:59.971.637 [mindspore_federated/fl_arch/ccsrc/common/distributed_cache/hyper_params.cc:167] SyncLocal2Cache] Sync hyper params to cache success
[INFO] FEDERATED(29545,7f41902d93c0,python):2023-08-31-18:06:59.971.668 [mindspore_federated/fl_arch/ccsrc/common/distributed_cache/hyper_params.cc:89] SyncOnNewInstance] start_fl_job_threshold: 5
[INFO] FEDERATED(29545,7f41902d93c0,python):2023-08-31-18:06:59.971.687 [mindspore_federated/fl_arch/ccsrc/common/distributed_cache/hyper_params.cc:90] SyncOnNewInstance] start_fl_job_time_window in ms: 300000
[INFO] FEDERATED(29545,7f41902d93c0,python):2023-08-31-18:06:59.971.714 [mindspore_federated/fl_arch/ccsrc/common/distributed_cache/hyper_params.cc:91] SyncOnNewInstance] update_model_ratio: 1
[INFO] FEDERATED(29545,7f41902d93c0,python):2023-08-31-18:06:59.971.732 [mindspore_federated/fl_arch/ccsrc/common/distributed_cache/hyper_params.cc:92] SyncOnNewInstance] update_model_time_window in ms: 300000
[INFO] FEDERATED(29545,7f41902d93c0,python):2023-08-31-18:06:59.971.747 [mindspore_federated/fl_arch/ccsrc/common/distributed_cache/hyper_params.cc:93] SyncOnNewInstance] fl_iteration_num: 100
[INFO] FEDERATED(29545,7f41902d93c0,python):2023-08-31-18:06:59.971.764 [mindspore_federated/fl_arch/ccsrc/common/distributed_cache/hyper_params.cc:94] SyncOnNewInstance] client_epoch_num: 1
[INFO] FEDERATED(29545,7f41902d93c0,python):2023-08-31-18:06:59.971.780 [mindspore_federated/fl_arch/ccsrc/common/distributed_cache/hyper_params.cc:95] SyncOnNewInstance] client_batch_size: 16
[INFO] FEDERATED(29545,7f41902d93c0,python):2023-08-31-18:06:59.971.802 [mindspore_federated/fl_arch/ccsrc/common/distributed_cache/hyper_params.cc:96] SyncOnNewInstance] client_learning_rate: 1e-05
[INFO] FEDERATED(29545,7f41902d93c0,python):2023-08-31-18:06:59.971.820 [mindspore_federated/fl_arch/ccsrc/common/distributed_cache/hyper_params.cc:97] SyncOnNewInstance] global_iteration_time_window in ms: 600000
[INFO] FEDERATED(29545,7f41902d93c0,python):2023-08-31-18:06:59.971.845 [mindspore_federated/fl_arch/ccsrc/common/distributed_cache/server.cc:140] LockCache] Begin to lock server
[INFO] FEDERATED(29545,7f41902d93c0,python):2023-08-31-18:06:59.971.940 [mindspore_federated/fl_arch/ccsrc/common/distributed_cache/server.cc:165] LockCache] Lock server successfully
[INFO] FEDERATED(29545,7f41902d93c0,python):2023-08-31-18:06:59.971.962 [mindspore_federated/fl_arch/ccsrc/server/server_node.cc:149] ServerPingPong] Begin ping all other servers
[INFO] FEDERATED(29545,7f41902d93c0,python):2023-08-31-18:06:59.972.063 [mindspore_federated/fl_arch/ccsrc/server/server_node.cc:169] ServerPingPong] Success receive pong message from servers: []
[INFO] FEDERATED(29545,7f41902d93c0,python):2023-08-31-18:06:59.972.111 [mindspore_federated/fl_arch/ccsrc/common/fl_context.cc:105] GenerateResetterRound] Server context is 2. Resetter round is 1
[INFO] FEDERATED(29545,7f41902d93c0,python):2023-08-31-18:06:59.972.142 [mindspore_federated/fl_arch/ccsrc/common/core/abstract_node.cc:220] GetOrCreateTcpComm] Create Tcp communicator.
[INFO] FEDERATED(29545,7f41902d93c0,python):2023-08-31-18:06:59.976.958 [mindspore_federated/fl_arch/ccsrc/common/core/abstract_node.cc:208] GetOrCreateHttpComm] Create Http communicator.
[INFO] FEDERATED(29545,7f41902d93c0,python):2023-08-31-18:06:59.977.233 [mindspore_federated/fl_arch/ccsrc/common/distributed_cache/model_info.cc:57] SyncLocal2Cache] Sync model info to cache success
[INFO] FEDERATED(29545,7f41902d93c0,python):2023-08-31-18:06:59.977.290 [mindspore_federated/fl_arch/ccsrc/server/server_node.cc:267] GetModelWeight] Begin get model weight of iteration 92 from other servers
[INFO] FEDERATED(29545,7f41902d93c0,python):2023-08-31-18:06:59.977.373 [mindspore_federated/fl_arch/ccsrc/server/server_node.cc:321] GetModelWeight] Failed to get model weight of iteration 92 from other servers
[INFO] FEDERATED(29545,7f41902d93c0,python):2023-08-31-18:06:59.977.399 [mindspore_federated/fl_arch/ccsrc/server/model_store.cc:30] Initialize] Latest iteration num is 92
[INFO] FEDERATED(29545,7f41902d93c0,python):2023-08-31-18:06:59.978.250 [mindspore_federated/fl_arch/ccsrc/server/model_store.cc:84] InitModel] Aggregate Weight full name is albert.embedding_postprocessor.embedding_table, weight byte size is 1024
[INFO] FEDERATED(29545,7f41902d93c0,python):2023-08-31-18:06:59.978.318 [mindspore_federated/fl_arch/ccsrc/server/model_store.cc:84] InitModel] Aggregate Weight full name is albert.embedding_postprocessor.full_position_embeddings, weight byte size is 262144
[INFO] FEDERATED(29545,7f41902d93c0,python):2023-08-31-18:06:59.978.336 [mindspore_federated/fl_arch/ccsrc/server/model_store.cc:84] InitModel] Aggregate Weight full name is albert.embedding_postprocessor.layernorm.beta, weight byte size is 512
[INFO] FEDERATED(29545,7f41902d93c0,python):2023-08-31-18:06:59.978.352 [mindspore_federated/fl_arch/ccsrc/server/model_store.cc:84] InitModel] Aggregate Weight full name is albert.embedding_postprocessor.layernorm.gamma, weight byte size is 512
[INFO] FEDERATED(29545,7f41902d93c0,python):2023-08-31-18:06:59.978.371 [mindspore_federated/fl_arch/ccsrc/server/model_store.cc:84] InitModel] Aggregate Weight full name is albert.encoder.albert_layer_groups.0.albert_layers.0.attention.attention.key.bias, weight byte size is 1248
[INFO] FEDERATED(29545,7f41902d93c0,python):2023-08-31-18:06:59.978.465 [mindspore_federated/fl_arch/ccsrc/server/model_store.cc:84] InitModel] Aggregate Weight full name is albert.encoder.albert_layer_groups.0.albert_layers.0.attention.attention.key.weight, weight byte size is 389376
[INFO] FEDERATED(29545,7f41902d93c0,python):2023-08-31-18:06:59.978.484 [mindspore_federated/fl_arch/ccsrc/server/model_store.cc:84] InitModel] Aggregate Weight full name is albert.encoder.albert_layer_groups.0.albert_layers.0.attention.attention.query.bias, weight byte size is 1248
[INFO] FEDERATED(29545,7f41902d93c0,python):2023-08-31-18:06:59.978.575 [mindspore_federated/fl_arch/ccsrc/server/model_store.cc:84] InitModel] Aggregate Weight full name is albert.encoder.albert_layer_groups.0.albert_layers.0.attention.attention.query.weight, weight byte size is 389376
[INFO] FEDERATED(29545,7f41902d93c0,python):2023-08-31-18:06:59.978.595 [mindspore_federated/fl_arch/ccsrc/server/model_store.cc:84] InitModel] Aggregate Weight full name is albert.encoder.albert_layer_groups.0.albert_layers.0.attention.attention.value.bias, weight byte size is 1248
[INFO] FEDERATED(29545,7f41902d93c0,python):2023-08-31-18:06:59.978.680 [mindspore_federated/fl_arch/ccsrc/server/model_store.cc:84] InitModel] Aggregate Weight full name is albert.encoder.albert_layer_groups.0.albert_layers.0.attention.attention.value.weight, weight byte size is 389376
[INFO] FEDERATED(29545,7f41902d93c0,python):2023-08-31-18:06:59.978.699 [mindspore_federated/fl_arch/ccsrc/server/model_store.cc:84] InitModel] Aggregate Weight full name is albert.encoder.albert_layer_groups.0.albert_layers.0.attention.output.dense.bias, weight byte size is 1248
[INFO] FEDERATED(29545,7f41902d93c0,python):2023-08-31-18:06:59.978.797 [mindspore_federated/fl_arch/ccsrc/server/model_store.cc:84] InitModel] Aggregate Weight full name is albert.encoder.albert_layer_groups.0.albert_layers.0.attention.output.dense.weight, weight byte size is 389376
[INFO] FEDERATED(29545,7f41902d93c0,python):2023-08-31-18:06:59.978.817 [mindspore_federated/fl_arch/ccsrc/server/model_store.cc:84] InitModel] Aggregate Weight full name is albert.encoder.albert_layer_groups.0.albert_layers.0.attention.output.layernorm.beta, weight byte size is 1248
[INFO] FEDERATED(29545,7f41902d93c0,python):2023-08-31-18:06:59.978.836 [mindspore_federated/fl_arch/ccsrc/server/model_store.cc:84] InitModel] Aggregate Weight full name is albert.encoder.albert_layer_groups.0.albert_layers.0.attention.output.layernorm.gamma, weight byte size is 1248
[INFO] FEDERATED(29545,7f41902d93c0,python):2023-08-31-18:06:59.978.857 [mindspore_federated/fl_arch/ccsrc/server/model_store.cc:84] InitModel] Aggregate Weight full name is albert.encoder.albert_layer_groups.0.albert_layers.0.ffn.bias, weight byte size is 4992
[INFO] FEDERATED(29545,7f41902d93c0,python):2023-08-31-18:06:59.979.146 [mindspore_federated/fl_arch/ccsrc/server/model_store.cc:84] InitModel] Aggregate Weight full name is albert.encoder.albert_layer_groups.0.albert_layers.0.ffn.weight, weight byte size is 1557504
[INFO] FEDERATED(29545,7f41902d93c0,python):2023-08-31-18:06:59.979.171 [mindspore_federated/fl_arch/ccsrc/server/model_store.cc:84] InitModel] Aggregate Weight full name is albert.encoder.albert_layer_groups.0.albert_layers.0.ffn_output.bias, weight byte size is 1248
[INFO] FEDERATED(29545,7f41902d93c0,python):2023-08-31-18:06:59.979.462 [mindspore_federated/fl_arch/ccsrc/server/model_store.cc:84] InitModel] Aggregate Weight full name is albert.encoder.albert_layer_groups.0.albert_layers.0.ffn_output.weight, weight byte size is 1557504
[INFO] FEDERATED(29545,7f41902d93c0,python):2023-08-31-18:06:59.979.484 [mindspore_federated/fl_arch/ccsrc/server/model_store.cc:84] InitModel] Aggregate Weight full name is albert.encoder.albert_layer_groups.0.albert_layers.0.full_layer_layer_norm.beta, weight byte size is 1248
[INFO] FEDERATED(29545,7f41902d93c0,python):2023-08-31-18:06:59.979.503 [mindspore_federated/fl_arch/ccsrc/server/model_store.cc:84] InitModel] Aggregate Weight full name is albert.encoder.albert_layer_groups.0.albert_layers.0.full_layer_layer_norm.gamma, weight byte size is 1248
[INFO] FEDERATED(29545,7f41902d93c0,python):2023-08-31-18:06:59.979.522 [mindspore_federated/fl_arch/ccsrc/server/model_store.cc:84] InitModel] Aggregate Weight full name is albert.encoder.embedding_hidden_mapping_in.bias, weight byte size is 1248
[INFO] FEDERATED(29545,7f41902d93c0,python):2023-08-31-18:06:59.979.573 [mindspore_federated/fl_arch/ccsrc/server/model_store.cc:84] InitModel] Aggregate Weight full name is albert.encoder.embedding_hidden_mapping_in.weight, weight byte size is 159744
[INFO] FEDERATED(29545,7f41902d93c0,python):2023-08-31-18:06:59.979.592 [mindspore_federated/fl_arch/ccsrc/server/model_store.cc:84] InitModel] Aggregate Weight full name is albert.pooler.bias, weight byte size is 1248
[INFO] FEDERATED(29545,7f41902d93c0,python):2023-08-31-18:06:59.979.672 [mindspore_federated/fl_arch/ccsrc/server/model_store.cc:84] InitModel] Aggregate Weight full name is albert.pooler.weight, weight byte size is 389376
[INFO] FEDERATED(29545,7f41902d93c0,python):2023-08-31-18:06:59.980.575 [mindspore_federated/fl_arch/ccsrc/server/model_store.cc:84] InitModel] Aggregate Weight full name is albert.word_embeddings.embedding_table, weight byte size is 5981184
[INFO] FEDERATED(29545,7f41902d93c0,python):2023-08-31-18:06:59.980.608 [mindspore_federated/fl_arch/ccsrc/server/model_store.cc:84] InitModel] Aggregate Weight full name is classifier.bias, weight byte size is 16
[INFO] FEDERATED(29545,7f41902d93c0,python):2023-08-31-18:06:59.980.637 [mindspore_federated/fl_arch/ccsrc/server/model_store.cc:84] InitModel] Aggregate Weight full name is classifier.weight, weight byte size is 4992
[INFO] FEDERATED(29545,7f41902d93c0,python):2023-08-31-18:07:00.019.987 [mindspore_federated/fl_arch/ccsrc/server/model_store.cc:339] AssignNewCompressModelMemory] Register compressWeight for compressType: QUANT
[INFO] FEDERATED(29545,7f41902d93c0,python):2023-08-31-18:07:00.021.057 [mindspore_federated/fl_arch/ccsrc/server/model_store.cc:43] Initialize] Model store checkpoint dir is: /home/qiyijie/git_projects/mindspore/federated/example/cross_device_albert2/./fl_ckpt/
[INFO] FEDERATED(29545,7f41902d93c0,python):2023-08-31-18:07:00.021.941 [mindspore_federated/fl_arch/ccsrc/server/server.cc:611] SyncAndInitModel] Load model success: The initial local model is used as the model of iteration 92
[INFO] FEDERATED(29545,7f41902d93c0,python):2023-08-31-18:07:00.024.330 [mindspore_federated/fl_arch/ccsrc/server/server.cc:158] InitRoundConfigs] Initializing cipher:
[INFO] FEDERATED(29545,7f41902d93c0,python):2023-08-31-18:07:00.024.346 [mindspore_federated/fl_arch/ccsrc/server/server.cc:159] InitRoundConfigs]  exchange_keys_threshold: 5 get_keys_threshold: 5 share_secrets_threshold: 5
[INFO] FEDERATED(29545,7f41902d93c0,python):2023-08-31-18:07:00.024.351 [mindspore_federated/fl_arch/ccsrc/server/server.cc:162] InitRoundConfigs]  get_secrets_threshold: 5 get_client_list_threshold: 5 push_list_sign_threshold: 5 get_list_sign_threshold: 5 minimum_clients_for_reconstruct: 2 minimum_secret_shares_for_reconstruct: 1 cipher_time_window: 1
[INFO] FEDERATED(29545,7f41902d93c0,python):2023-08-31-18:07:00.024.360 [mindspore_federated/fl_arch/ccsrc/server/iteration.cc:64] InitIteration] Time window for one iteration is 600000
[INFO] FEDERATED(29545,7f41902d93c0,python):2023-08-31-18:07:00.024.365 [mindspore_federated/fl_arch/ccsrc/server/iteration.cc:69] InitIteration] Add round startFLJob, check_timeout: 1, time window: 300000, check_count: 1, threshold: 5
[INFO] FEDERATED(29545,7f41902d93c0,python):2023-08-31-18:07:00.024.369 [mindspore_federated/fl_arch/ccsrc/server/round.cc:55] Initialize] Round startFLJob start initialize.
[INFO] FEDERATED(29545,7f41902d93c0,python):2023-08-31-18:07:00.024.376 [mindspore_federated/fl_arch/ccsrc/common/distributed_cache/timer.cc:157] RegisterTimer] Register timer for startFLJob, time length in seconds: 300
[INFO] FEDERATED(29545,7f41902d93c0,python):2023-08-31-18:07:00.024.389 [mindspore_federated/fl_arch/ccsrc/common/distributed_cache/counter.cc:46] RegisterCounter] Register counter for startFLJob, threshold: 5
[INFO] FEDERATED(29545,7f41902d93c0,python):2023-08-31-18:07:00.024.393 [mindspore_federated/fl_arch/ccsrc/server/round.cc:49] RegisterMsgCallBack] Round startFLJob register message callback.
[INFO] FEDERATED(29545,7f41902d93c0,python):2023-08-31-18:07:00.024.397 [mindspore_federated/fl_arch/ccsrc/common/communicator/tcp_communicator.cc:52] RegisterRoundMsgCallback] msg_type is: startFLJob
[INFO] FEDERATED(29545,7f41902d93c0,python):2023-08-31-18:07:00.024.403 [mindspore_federated/fl_arch/ccsrc/server/round.cc:49] RegisterMsgCallBack] Round startFLJob register message callback.
[INFO] FEDERATED(29545,7f41902d93c0,python):2023-08-31-18:07:00.024.407 [mindspore_federated/fl_arch/ccsrc/common/communicator/http_communicator.cc:23] RegisterRoundMsgCallback] msg_type is: startFLJob
[INFO] FEDERATED(29545,7f41902d93c0,python):2023-08-31-18:07:00.024.801 [mindspore_federated/fl_arch/ccsrc/common/communicator/http_server.cc:111] RegisterRoute] request handler http url is: http://192.168.199.162:9021/startFLJob
[INFO] FEDERATED(29545,7f41902d93c0,python):2023-08-31-18:07:00.024.815 [mindspore_federated/fl_arch/ccsrc/server/iteration.cc:69] InitIteration] Add round updateModel, check_timeout: 1, time window: 300000, check_count: 1, threshold: 5
[INFO] FEDERATED(29545,7f41902d93c0,python):2023-08-31-18:07:00.024.819 [mindspore_federated/fl_arch/ccsrc/server/round.cc:55] Initialize] Round updateModel start initialize.
[INFO] FEDERATED(29545,7f41902d93c0,python):2023-08-31-18:07:00.024.823 [mindspore_federated/fl_arch/ccsrc/common/distributed_cache/timer.cc:157] RegisterTimer] Register timer for updateModel, time length in seconds: 300
[INFO] FEDERATED(29545,7f41902d93c0,python):2023-08-31-18:07:00.024.845 [mindspore_federated/fl_arch/ccsrc/common/distributed_cache/counter.cc:66] RegisterPerServerCounter] Register counter(total count of all valid servers) for updateModel, threshold: 5
[INFO] FEDERATED(29545,7f41902d93c0,python):2023-08-31-18:07:00.024.850 [mindspore_federated/fl_arch/ccsrc/server/round.cc:49] RegisterMsgCallBack] Round updateModel register message callback.
[INFO] FEDERATED(29545,7f41902d93c0,python):2023-08-31-18:07:00.024.853 [mindspore_federated/fl_arch/ccsrc/common/communicator/tcp_communicator.cc:52] RegisterRoundMsgCallback] msg_type is: updateModel
[INFO] FEDERATED(29545,7f41902d93c0,python):2023-08-31-18:07:00.024.858 [mindspore_federated/fl_arch/ccsrc/server/round.cc:49] RegisterMsgCallBack] Round updateModel register message callback.
[INFO] FEDERATED(29545,7f41902d93c0,python):2023-08-31-18:07:00.024.862 [mindspore_federated/fl_arch/ccsrc/common/communicator/http_communicator.cc:23] RegisterRoundMsgCallback] msg_type is: updateModel
[INFO] FEDERATED(29545,7f41902d93c0,python):2023-08-31-18:07:00.025.225 [mindspore_federated/fl_arch/ccsrc/common/communicator/http_server.cc:111] RegisterRoute] request handler http url is: http://192.168.199.162:9021/updateModel
[INFO] FEDERATED(29545,7f41902d93c0,python):2023-08-31-18:07:00.025.240 [mindspore_federated/fl_arch/ccsrc/common/distributed_cache/counter.cc:66] RegisterPerServerCounter] Register counter(total count of all valid servers) for count_for_aggregation, threshold: 5
[INFO] FEDERATED(29545,7f41902d93c0,python):2023-08-31-18:07:00.025.249 [mindspore_federated/fl_arch/ccsrc/server/iteration.cc:69] InitIteration] Add round getModel, check_timeout: 0, time window: 3000, check_count: 0, threshold: 0
[INFO] FEDERATED(29545,7f41902d93c0,python):2023-08-31-18:07:00.025.253 [mindspore_federated/fl_arch/ccsrc/server/round.cc:55] Initialize] Round getModel start initialize.
[INFO] FEDERATED(29545,7f41902d93c0,python):2023-08-31-18:07:00.025.257 [mindspore_federated/fl_arch/ccsrc/server/round.cc:49] RegisterMsgCallBack] Round getModel register message callback.
[INFO] FEDERATED(29545,7f41902d93c0,python):2023-08-31-18:07:00.025.261 [mindspore_federated/fl_arch/ccsrc/common/communicator/tcp_communicator.cc:52] RegisterRoundMsgCallback] msg_type is: getModel
[INFO] FEDERATED(29545,7f41902d93c0,python):2023-08-31-18:07:00.025.266 [mindspore_federated/fl_arch/ccsrc/server/round.cc:49] RegisterMsgCallBack] Round getModel register message callback.
[INFO] FEDERATED(29545,7f41902d93c0,python):2023-08-31-18:07:00.025.270 [mindspore_federated/fl_arch/ccsrc/common/communicator/http_communicator.cc:23] RegisterRoundMsgCallback] msg_type is: getModel
[INFO] FEDERATED(29545,7f41902d93c0,python):2023-08-31-18:07:00.025.621 [mindspore_federated/fl_arch/ccsrc/common/communicator/http_server.cc:111] RegisterRoute] request handler http url is: http://192.168.199.162:9021/getModel
[INFO] FEDERATED(29545,7f41902d93c0,python):2023-08-31-18:07:00.025.634 [mindspore_federated/fl_arch/ccsrc/server/iteration.cc:69] InitIteration] Add round pullWeight, check_timeout: 0, time window: 3000, check_count: 0, threshold: 0
[INFO] FEDERATED(29545,7f41902d93c0,python):2023-08-31-18:07:00.025.639 [mindspore_federated/fl_arch/ccsrc/server/round.cc:55] Initialize] Round pullWeight start initialize.
[INFO] FEDERATED(29545,7f41902d93c0,python):2023-08-31-18:07:00.025.643 [mindspore_federated/fl_arch/ccsrc/server/round.cc:49] RegisterMsgCallBack] Round pullWeight register message callback.
[INFO] FEDERATED(29545,7f41902d93c0,python):2023-08-31-18:07:00.025.647 [mindspore_federated/fl_arch/ccsrc/common/communicator/tcp_communicator.cc:52] RegisterRoundMsgCallback] msg_type is: pullWeight
[INFO] FEDERATED(29545,7f41902d93c0,python):2023-08-31-18:07:00.025.651 [mindspore_federated/fl_arch/ccsrc/server/round.cc:49] RegisterMsgCallBack] Round pullWeight register message callback.
[INFO] FEDERATED(29545,7f41902d93c0,python):2023-08-31-18:07:00.025.655 [mindspore_federated/fl_arch/ccsrc/common/communicator/http_communicator.cc:23] RegisterRoundMsgCallback] msg_type is: pullWeight
[INFO] FEDERATED(29545,7f41902d93c0,python):2023-08-31-18:07:00.026.007 [mindspore_federated/fl_arch/ccsrc/common/communicator/http_server.cc:111] RegisterRoute] request handler http url is: http://192.168.199.162:9021/pullWeight
[INFO] FEDERATED(29545,7f41902d93c0,python):2023-08-31-18:07:00.026.021 [mindspore_federated/fl_arch/ccsrc/server/iteration.cc:69] InitIteration] Add round pushWeight, check_timeout: 0, time window: 3000, check_count: 0, threshold: 1
[INFO] FEDERATED(29545,7f41902d93c0,python):2023-08-31-18:07:00.026.026 [mindspore_federated/fl_arch/ccsrc/server/round.cc:55] Initialize] Round pushWeight start initialize.
[INFO] FEDERATED(29545,7f41902d93c0,python):2023-08-31-18:07:00.026.030 [mindspore_federated/fl_arch/ccsrc/server/round.cc:49] RegisterMsgCallBack] Round pushWeight register message callback.
[INFO] FEDERATED(29545,7f41902d93c0,python):2023-08-31-18:07:00.026.034 [mindspore_federated/fl_arch/ccsrc/common/communicator/tcp_communicator.cc:52] RegisterRoundMsgCallback] msg_type is: pushWeight
[INFO] FEDERATED(29545,7f41902d93c0,python):2023-08-31-18:07:00.026.039 [mindspore_federated/fl_arch/ccsrc/server/round.cc:49] RegisterMsgCallBack] Round pushWeight register message callback.
[INFO] FEDERATED(29545,7f41902d93c0,python):2023-08-31-18:07:00.026.042 [mindspore_federated/fl_arch/ccsrc/common/communicator/http_communicator.cc:23] RegisterRoundMsgCallback] msg_type is: pushWeight
[INFO] FEDERATED(29545,7f41902d93c0,python):2023-08-31-18:07:00.026.370 [mindspore_federated/fl_arch/ccsrc/common/communicator/http_server.cc:111] RegisterRoute] request handler http url is: http://192.168.199.162:9021/pushWeight
[INFO] FEDERATED(29545,7f41902d93c0,python):2023-08-31-18:07:00.026.383 [mindspore_federated/fl_arch/ccsrc/server/iteration.cc:69] InitIteration] Add round pushMetrics, check_timeout: 0, time window: 3000, check_count: 1, threshold: 1
[INFO] FEDERATED(29545,7f41902d93c0,python):2023-08-31-18:07:00.026.387 [mindspore_federated/fl_arch/ccsrc/server/round.cc:55] Initialize] Round pushMetrics start initialize.
[INFO] FEDERATED(29545,7f41902d93c0,python):2023-08-31-18:07:00.026.392 [mindspore_federated/fl_arch/ccsrc/common/distributed_cache/counter.cc:46] RegisterCounter] Register counter for pushMetrics, threshold: 1
[INFO] FEDERATED(29545,7f41902d93c0,python):2023-08-31-18:07:00.026.396 [mindspore_federated/fl_arch/ccsrc/server/round.cc:49] RegisterMsgCallBack] Round pushMetrics register message callback.
[INFO] FEDERATED(29545,7f41902d93c0,python):2023-08-31-18:07:00.026.400 [mindspore_federated/fl_arch/ccsrc/common/communicator/tcp_communicator.cc:52] RegisterRoundMsgCallback] msg_type is: pushMetrics
[INFO] FEDERATED(29545,7f41902d93c0,python):2023-08-31-18:07:00.026.404 [mindspore_federated/fl_arch/ccsrc/server/round.cc:49] RegisterMsgCallBack] Round pushMetrics register message callback.
[INFO] FEDERATED(29545,7f41902d93c0,python):2023-08-31-18:07:00.026.408 [mindspore_federated/fl_arch/ccsrc/common/communicator/http_communicator.cc:23] RegisterRoundMsgCallback] msg_type is: pushMetrics
[INFO] FEDERATED(29545,7f41902d93c0,python):2023-08-31-18:07:00.026.689 [mindspore_federated/fl_arch/ccsrc/common/communicator/http_server.cc:111] RegisterRoute] request handler http url is: http://192.168.199.162:9021/pushMetrics
[INFO] FEDERATED(29545,7f41902d93c0,python):2023-08-31-18:07:00.026.699 [mindspore_federated/fl_arch/ccsrc/common/distributed_cache/timer.cc:157] RegisterTimer] Register timer for globalTimer, time length in seconds: 600
[WARNING] FEDERATED(29545,7f41902d93c0,python):2023-08-31-18:07:00.026.707 [mindspore_federated/fl_arch/ccsrc/server/iteration.cc:91] InitIteration] instance name is empty
[INFO] FEDERATED(29545,7f41902d93c0,python):2023-08-31-18:07:00.026.718 [mindspore_federated/fl_arch/ccsrc/server/iteration.cc:530] InitConfig] Create Directory :.. success.
[INFO] FEDERATED(29545,7f41902d93c0,python):2023-08-31-18:07:00.026.725 [mindspore_federated/fl_arch/ccsrc/server/iteration.cc:328] InitEventTxtFile] Create Directory :event.txt success.
[INFO] FEDERATED(29545,7f41902d93c0,python):2023-08-31-18:07:00.026.774 [mindspore_federated/fl_arch/ccsrc/server/server_node.cc:35] Start] [Server start]: The node role:SERVER the node id:192.168.199.162:46177::2023-08-31-18:06:59.956.588::69383 start communicator and http server!
[INFO] FEDERATED(29545,7f41902d93c0,python):2023-08-31-18:07:00.026.860 [mindspore_federated/fl_arch/ccsrc/common/core/abstract_node.cc:277] StartHttpServer] Initialize http server IP:192.168.199.162, PORT:9021
[INFO] FEDERATED(29545,7f41902d93c0,python):2023-08-31-18:07:00.028.233 [mindspore_federated/fl_arch/ccsrc/common/communicator/http_server.cc:77] InitServer] Bind ip:192.168.199.162 port:9021 successful!
[INFO] FEDERATED(29545,7f41902d93c0,python):2023-08-31-18:07:00.028.245 [mindspore_federated/fl_arch/ccsrc/common/communicator/http_server.cc:122] Start] Start http server!
[INFO] FEDERATED(29545,7f41902d93c0,python):2023-08-31-18:07:00.028.275 [mindspore_federated/fl_arch/ccsrc/common/communicator/http_request_handler.cc:87] Initialize] Ev http register handle of: [/pushMetrics, /getModel, /pushWeight, /updateModel, /pullWeight, /startFLJob] success.
[INFO] FEDERATED(29545,7f41902d93c0,python):2023-08-31-18:07:00.028.312 [mindspore_federated/fl_arch/ccsrc/common/communicator/http_request_handler.cc:87] Initialize] Ev http register handle of: [/pushMetrics, /getModel, /pushWeight, /updateModel, /pullWeight, /startFLJob] success.
[INFO] FEDERATED(29545,7f41902d93c0,python):2023-08-31-18:07:00.028.340 [mindspore_federated/fl_arch/ccsrc/common/communicator/http_request_handler.cc:87] Initialize] Ev http register handle of: [/pushMetrics, /getModel, /pushWeight, /updateModel, /pullWeight, /startFLJob] success.
[INFO] FEDERATED(29545,7f41902d93c0,python):2023-08-31-18:07:00.028.368 [mindspore_federated/fl_arch/ccsrc/common/communicator/http_request_handler.cc:87] Initialize] Ev http register handle of: [/pushMetrics, /getModel, /pushWeight, /updateModel, /pullWeight, /startFLJob] success.
[INFO] FEDERATED(29545,7f41902d93c0,python):2023-08-31-18:07:00.028.396 [mindspore_federated/fl_arch/ccsrc/common/communicator/http_request_handler.cc:87] Initialize] Ev http register handle of: [/pushMetrics, /getModel, /pushWeight, /updateModel, /pullWeight, /startFLJob] success.
[INFO] FEDERATED(29545,7f41902d93c0,python):2023-08-31-18:07:00.028.440 [mindspore_federated/fl_arch/ccsrc/common/communicator/http_request_handler.cc:87] Initialize] Ev http register handle of: [/pushMetrics, /getModel, /pushWeight, /updateModel, /pullWeight, /startFLJob] success.
[INFO] FEDERATED(29545,7f41902d93c0,python):2023-08-31-18:07:00.028.501 [mindspore_federated/fl_arch/ccsrc/common/communicator/http_request_handler.cc:87] Initialize] Ev http register handle of: [/pushMetrics, /getModel, /pushWeight, /updateModel, /pullWeight, /startFLJob] success.
[INFO] FEDERATED(29545,7f408a7fc700,python):2023-08-31-18:07:00.028.506 [mindspore_federated/fl_arch/ccsrc/common/communicator/http_request_handler.cc:92] Run] Start http server!
[INFO] FEDERATED(29545,7f41902d93c0,python):2023-08-31-18:07:00.028.616 [mindspore_federated/fl_arch/ccsrc/common/communicator/http_request_handler.cc:87] Initialize] Ev http register handle of: [/pushMetrics, /getModel, /pushWeight, /updateModel, /pullWeight, /startFLJob] success.
[INFO] FEDERATED(29545,7f407ffff700,python):2023-08-31-18:07:00.028.639 [mindspore_federated/fl_arch/ccsrc/common/communicator/http_request_handler.cc:92] Run] Start http server!
[INFO] FEDERATED(29545,7f41902d93c0,python):2023-08-31-18:07:00.028.668 [mindspore_federated/fl_arch/ccsrc/common/communicator/http_request_handler.cc:87] Initialize] Ev http register handle of: [/pushMetrics, /getModel, /pushWeight, /updateModel, /pullWeight, /startFLJob] success.
[INFO] FEDERATED(29545,7f4089ffb700,python):2023-08-31-18:07:00.028.686 [mindspore_federated/fl_arch/ccsrc/common/communicator/http_request_handler.cc:92] Run] Start http server!
[INFO] FEDERATED(29545,7f40897fa700,python):2023-08-31-18:07:00.028.687 [mindspore_federated/fl_arch/ccsrc/common/communicator/http_request_handler.cc:92] Run] Start http server!
[INFO] FEDERATED(29545,7f4088ff9700,python):2023-08-31-18:07:00.028.710 [mindspore_federated/fl_arch/ccsrc/common/communicator/http_request_handler.cc:92] Run] Start http server!
[INFO] FEDERATED(29545,7f41902d93c0,python):2023-08-31-18:07:00.028.708 [mindspore_federated/fl_arch/ccsrc/common/communicator/http_request_handler.cc:87] Initialize] Ev http register handle of: [/pushMetrics, /getModel, /pushWeight, /updateModel, /pullWeight, /startFLJob] success.
[INFO] FEDERATED(29545,7f40777fe700,python):2023-08-31-18:07:00.028.741 [mindspore_federated/fl_arch/ccsrc/common/communicator/http_request_handler.cc:92] Run] Start http server!
[INFO] FEDERATED(29545,7f41902d93c0,python):2023-08-31-18:07:00.028.848 [mindspore_federated/fl_arch/ccsrc/common/communicator/http_request_handler.cc:87] Initialize] Ev http register handle of: [/pushMetrics, /getModel, /pushWeight, /updateModel, /pullWeight, /startFLJob] success.
[INFO] FEDERATED(29545,7f407e7fc700,python):2023-08-31-18:07:00.028.868 [mindspore_federated/fl_arch/ccsrc/common/communicator/http_request_handler.cc:92] Run] Start http server!
[INFO] FEDERATED(29545,7f407f7fe700,python):2023-08-31-18:07:00.028.922 [mindspore_federated/fl_arch/ccsrc/common/communicator/http_request_handler.cc:92] Run] Start http server!
[INFO] FEDERATED(29545,7f407dffb700,python):2023-08-31-18:07:00.028.981 [mindspore_federated/fl_arch/ccsrc/common/communicator/http_request_handler.cc:92] Run] Start http server!
[INFO] FEDERATED(29545,7f407effd700,python):2023-08-31-18:07:00.028.966 [mindspore_federated/fl_arch/ccsrc/common/communicator/http_request_handler.cc:92] Run] Start http server!
[INFO] FEDERATED(29545,7f407d7fa700,python):2023-08-31-18:07:00.029.014 [mindspore_federated/fl_arch/ccsrc/common/communicator/http_request_handler.cc:92] Run] Start http server!
[INFO] FEDERATED(29545,7f41902d93c0,python):2023-08-31-18:07:00.052.163 [mindspore_federated/fl_arch/ccsrc/common/communicator/http_request_handler.cc:87] Initialize] Ev http register handle of: [/pushMetrics, /getModel, /pushWeight, /updateModel, /pullWeight, /startFLJob] success.
[INFO] FEDERATED(29545,7f41902d93c0,python):2023-08-31-18:07:00.052.243 [mindspore_federated/fl_arch/ccsrc/common/communicator/http_request_handler.cc:87] Initialize] Ev http register handle of: [/pushMetrics, /getModel, /pushWeight, /updateModel, /pullWeight, /startFLJob] success.
[INFO] FEDERATED(29545,7f41902d93c0,python):2023-08-31-18:07:00.052.289 [mindspore_federated/fl_arch/ccsrc/common/communicator/http_request_handler.cc:87] Initialize] Ev http register handle of: [/pushMetrics, /getModel, /pushWeight, /updateModel, /pullWeight, /startFLJob] success.
[INFO] FEDERATED(29545,7f41902d93c0,python):2023-08-31-18:07:00.052.355 [mindspore_federated/fl_arch/ccsrc/common/communicator/http_request_handler.cc:87] Initialize] Ev http register handle of: [/pushMetrics, /getModel, /pushWeight, /updateModel, /pullWeight, /startFLJob] success.
[INFO] FEDERATED(29545,7f4077fff700,python):2023-08-31-18:07:00.052.355 [mindspore_federated/fl_arch/ccsrc/common/communicator/http_request_handler.cc:92] Run] Start http server!
[INFO] FEDERATED(29545,7f407cff9700,python):2023-08-31-18:07:00.052.403 [mindspore_federated/fl_arch/ccsrc/common/communicator/http_request_handler.cc:92] Run] Start http server!
[INFO] FEDERATED(29545,7f4076ffd700,python):2023-08-31-18:07:00.052.433 [mindspore_federated/fl_arch/ccsrc/common/communicator/http_request_handler.cc:92] Run] Start http server!
[INFO] FEDERATED(29545,7f41902d93c0,python):2023-08-31-18:07:00.052.433 [mindspore_federated/fl_arch/ccsrc/common/communicator/http_request_handler.cc:87] Initialize] Ev http register handle of: [/pushMetrics, /getModel, /pushWeight, /updateModel, /pullWeight, /startFLJob] success.
[INFO] FEDERATED(29545,7f41902d93c0,python):2023-08-31-18:07:00.052.505 [mindspore_federated/fl_arch/ccsrc/common/core/abstract_node.cc:281] StartHttpServer] Http communicator started.
[INFO] FEDERATED(29545,7f41902d93c0,python):2023-08-31-18:07:00.052.522 [mindspore_federated/fl_arch/ccsrc/server/server_node.cc:39] Start] [Server start]: Successfully start server node!
[INFO] FEDERATED(29545,7f40767fc700,python):2023-08-31-18:07:00.052.622 [mindspore_federated/fl_arch/ccsrc/common/communicator/http_request_handler.cc:92] Run] Start http server!
[INFO] FEDERATED(29545,7f4075ffb700,python):2023-08-31-18:07:00.052.668 [mindspore_federated/fl_arch/ccsrc/common/communicator/http_request_handler.cc:92] Run] Start http server!
[INFO] FEDERATED(29545,7f41902d93c0,python):2023-08-31-18:07:00.052.761 [mindspore_federated/fl_arch/ccsrc/server/server.cc:403] RegisterServer] Success to register server 192.168.199.162:46177::2023-08-31-18:06:59.956.588::69383 to distributed cache
[INFO] FEDERATED(29545,7f41902d93c0,python):2023-08-31-18:07:00.052.832 [mindspore_federated/fl_arch/ccsrc/common/distributed_cache/server.cc:202] UnlockCache] Unlock server successfully
[INFO] FEDERATED(29545,7f41902d93c0,python):2023-08-31-18:07:00.052.845 [mindspore_federated/fl_arch/ccsrc/server/server.cc:75] Run] Server started successfully.
[INFO] FEDERATED(29545:139919568507840,MainProcess):2023-08-31-18:07:00.529.01 [mindspore_federated/startup/federated_local.py:188] after started callback
[INFO] FEDERATED(29545,7f41902d93c0,python):2023-08-31-18:07:00.053.034 [mindspore_federated/fl_arch/ccsrc/server/server.cc:175] RunMainProcess] Begin run main process, start iteration: 93, instance name: i_2023-08-31-18:06:59.970.960, instance state: Running
[INFO] FEDERATED(29545,7f41902d93c0,python):2023-08-31-18:07:00.053.047 [mindspore_federated/fl_arch/ccsrc/server/iteration.cc:539] StartThreadToRecordDataRate] Start to create a thread to record data rate
[INFO] FEDERATED(29545,7f41902d93c0,python):2023-08-31-18:07:00.053.088 [mindspore_federated/fl_arch/ccsrc/common/distributed_cache/iteration_task_thread.cc:25] Start] Start thread that handles counter and timer events
[INFO] FEDERATED(29545,7f40757fa700,python):2023-08-31-18:07:00.053.138 [mindspore_federated/fl_arch/ccsrc/server/iteration.cc:542] operator()] The data rate file path is ..
