[INFO] ME(190624,7f4ac76e4740,python):2023-03-16-15:03:38.094.130 [mindspore/ccsrc/runtime/hardware/device_context_manager.cc:47] LoadDynamicLib] Load dynamic library: libmindspore_ascend.so failed. libge_runner.so: cannot open shared object file: No such file or directory
[INFO] ME(190624,7f4ac76e4740,python):2023-03-16-15:03:38.133.007 [mindspore/ccsrc/runtime/hardware/device_context_manager.cc:195] LoadPlugin] Load libmindspore_gpu plugin file /home/walter/.local/lib/python3.8/site-packages/mindspore/lib/plugin/libmindspore_gpu.so.11.6 success, skip loading other version.
[INFO] PIPELINE(190624,7f4ac76e4740,python):2023-03-16-15:03:38.147.798 [mindspore/ccsrc/pybind_api/ir/log_adapter_py.h:30] PyExceptionInitializer] Set exception handler
[WARNING] ME(190624:139959150200640,MainProcess):2023-03-16-15:03:38.174.208 [mindspore/run_check/_check_version.py:102] MindSpore version 2.0.0a0 and cuda version 11.4.43 does not match, CUDA version [['10.1', '11.1', '11.6']] are supported by MindSpore officially. Please refer to the installation guide for version matching information: https://www.mindspore.cn/install.
[INFO] CORE(190624,7f4ac76e4740,python):2023-03-16-15:03:38.187.017 [mindspore/core/utils/ms_context.cc:316] SetDeviceTargetFromInner] ms set context device target:GPU
[INFO] PARALLEL(190624,7f4ac76e4740,python):2023-03-16-15:03:38.187.040 [mindspore/ccsrc/frontend/parallel/costmodel_context.cc:30] GetInstance] Create costmodel_context
[INFO] ME(190624:139959150200640,MainProcess):2023-03-16-15:03:38.187.122 [mindspore/run_check/_check_version.py:537] Setting the env `PROTOCOL_BUFFERS_PYTHON_IMPLEMENTATION=python` to prevent memory overflow during save or load checkpoint file.
[WARNING] ME(190624:139959150200640,MainProcess):2023-03-16-15:03:38.943.174 [mindspore/common/api.py:651] 'mindspore.ms_function' will be deprecated and removed in a future version. Please use 'mindspore.jit' instead.
[INFO] PIPELINE(190624,7f4ac76e4740,python):2023-03-16-15:03:38.960.795 [mindspore/ccsrc/pipeline/jit/pipeline.cc:255] RecordInitStatus] Status record: system init.
[INFO] FEDERATED(190624,7f4ac76e4740,python):2023-03-16-15:03:38.978.057 [mindspore_federated/fl_arch/ccsrc/common/fl_context.cc:113] set_http_server_address] Http server address is:10.240.17.9:8888
[INFO] FEDERATED(190624,7f4ac76e4740,python):2023-03-16-15:03:38.986.869 [mindspore_federated/fl_arch/ccsrc/common/fl_context.cc:53] set_server_mode] Server mode: FEDERATED_LEARNING is used for Server and Worker. Scheduler will ignore it.
[INFO] FEDERATED(190624,7f4ac76e4740,python):2023-03-16-15:03:38.986.896 [mindspore_federated/fl_arch/ccsrc/common/core/yaml_config.cc:148] InitUnsupervisedConfig] cluster_client_num is 0, eval_type is NOT_EVAL
[INFO] FEDERATED(190624,7f4ac76e4740,python):2023-03-16-15:03:38.986.915 [mindspore_federated/fl_arch/ccsrc/common/core/yaml_config.cc:189] InitCompressionConfig] upload_compress_type is NO_COMPRESS, upload_sparse_rate is 0.4, download_compress_type is NO_COMPRESS
[INFO] FEDERATED(190624:139959150200640,MainProcess):2023-03-16-15:03:38.987.195 [mindspore_federated/startup/federated_local.py:315] Recovery ckpt files is: [].
[INFO] FEDERATED(190624,7f4ac76e4740,python):2023-03-16-15:03:38.987.300 [mindspore_federated/fl_arch/ccsrc/common/fl_context.cc:76] set_ms_role] MS_ROLE of this node is MS_SERVER
[INFO] FEDERATED(190624,7f4ac76e4740,python):2023-03-16-15:03:38.988.917 [mindspore_federated/fl_arch/ccsrc/common/communicator/tcp_server.cc:142] Init] The max connection is:10000
[INFO] FEDERATED(190624,7f4ac76e4740,python):2023-03-16-15:03:38.990.540 [mindspore_federated/fl_arch/ccsrc/common/communicator/tcp_client.cc:51] CreateBufferEvent] SSL is disable.
[INFO] FEDERATED(190624,7f4a257c6700,python):2023-03-16-15:03:38.990.668 [mindspore_federated/fl_arch/ccsrc/common/communicator/tcp_server.cc:264] ListenerCallbackInner] SSL is disable.
[INFO] FEDERATED(190624,7f4a257c6700,python):2023-03-16-15:03:38.990.684 [mindspore_federated/fl_arch/ccsrc/common/communicator/tcp_server.cc:300] ListenerCallbackInner] A client is connected, fd is 13
[INFO] FEDERATED(190624,7f4a24fc5700,python):2023-03-16-15:03:38.990.741 [mindspore_federated/fl_arch/ccsrc/common/communicator/tcp_client.cc:175] NotifyConnected] Client connected to the server! Peer Server ip: 10.240.17.9, port: 40319
[INFO] FEDERATED(190624,7f4a24fc5700,python):2023-03-16-15:03:38.990.754 [mindspore_federated/fl_arch/ccsrc/common/communicator/tcp_client.cc:208] EventCallbackInner] Client connected! Peer Server ip: 10.240.17.9, port: 40319
[INFO] FEDERATED(190624,7f4ac76e4740,python):2023-03-16-15:03:38.990.789 [mindspore_federated/fl_arch/ccsrc/common/core/abstract_node.cc:337] InitNodeInfo] The node role:SERVER is generate uuid is:10.240.17.9:40319::2023-03-16-15:03:38.990.780::69383, the ip:10.240.17.9, the port:40319
[INFO] FEDERATED(190624,7f4ac76e4740,python):2023-03-16-15:03:38.990.797 [mindspore_federated/fl_arch/ccsrc/server/server_node.cc:31] InitializeBeforeCache] [Server start]: Server node create tcp server successful!
[INFO] FEDERATED(190624,7f4ac76e4740,python):2023-03-16-15:03:38.990.807 [mindspore_federated/fl_arch/ccsrc/common/distributed_cache/redis/redis.cc:675] Init] Try connect to redis sever 10.240.17.9:23456, retry time in seconds 900
[INFO] FEDERATED(190624,7f4ac76e4740,python):2023-03-16-15:03:38.997.335 [mindspore_federated/fl_arch/ccsrc/common/distributed_cache/redis/redis.cc:689] Init] Connect to redis sever 10.240.17.9:23456 successfully
[WARNING] FEDERATED(190624,7f4ac76e4740,python):2023-03-16-15:03:38.997.381 [mindspore_federated/fl_arch/ccsrc/common/distributed_cache/redis/redis.cc:565] SetExNx] Reply invalid: DENIED Redis is running in protected mode because protected mode is enabled, no bind address was specified, no authentication password is requested to clients. In this mode connections are only accepted from the loopback interface. If you want to connect from external computers to Redis you may adopt one of the following solutions: 1) Just disable protected mode sending the command 'CONFIG SET protected-mode no' from the loopback interface by connecting to Redis from the same host the server is running, however MAKE SURE Redis is not publicly accessible from internet if you do so. Use CONFIG REWRITE to make this change permanent. 2) Alternatively you can just disable the protected mode by editing the Redis configuration file, and setting the protected mode option to 'no', and then restarting the server. 3) If you started the server manually just for testing, restart it with the '--protected-mode no' option. 4) Setup a bind address or an authentication password. NOTE: You only need to do one of the above things in order for the server to start accepting connections from the outside.
[ERROR] FEDERATED(190624,7f4ac76e4740,python):2023-03-16-15:03:38.997.393 [mindspore_federated/fl_arch/ccsrc/server/server.cc:373] InitAndLoadDistributedCache] Sync instance info with distributed cache failed, distributed_cache_address: 10.240.17.9:23456
[WARNING] FEDERATED(190624,7f4ac76e4740,python):2023-03-16-15:03:38.997.451 [mindspore_federated/fl_arch/ccsrc/server/server.cc:79] Run] Catch exception and begin exit, exception: mindspore_federated/fl_arch/ccsrc/server/server.cc:373 InitAndLoadDistributedCache] Sync instance info with distributed cache failed, distributed_cache_address: 10.240.17.9:23456
[INFO] FEDERATED(190624:139959150200640,MainProcess):2023-03-16-15:03:38.997.467 [mindspore_federated/startup/federated_local.py:196] before stopped callback
[INFO] FEDERATED(190624,7f4ac76e4740,python):2023-03-16-15:03:38.997.511 [mindspore_federated/fl_arch/ccsrc/server/server_node.cc:46] Stop] Begin stop server node!
[INFO] FEDERATED(190624,7f4ac76e4740,python):2023-03-16-15:03:38.997.520 [mindspore_federated/fl_arch/ccsrc/common/communicator/tcp_server.cc:204] Stop] Stop tcp server!
[INFO] FEDERATED(190624,7f4a257c6700,python):2023-03-16-15:03:38.997.583 [mindspore_federated/fl_arch/ccsrc/common/communicator/tcp_server.cc:185] operator()] Event base dispatch and exit success!
[WARNING] FEDERATED(190624,7f4a24fc5700,python):2023-03-16-15:03:38.997.621 [mindspore_federated/fl_arch/ccsrc/common/communicator/tcp_client.cc:226] EventCallbackInner] Client connected end of file! Peer Server ip: 10.240.17.9, port: 40319
[INFO] FEDERATED(190624,7f4a24fc5700,python):2023-03-16-15:03:38.997.637 [mindspore_federated/fl_arch/ccsrc/common/communicator/tcp_client.cc:104] operator()] Event base dispatch failed with no events pending or active!
[INFO] FEDERATED(190624,7f4ac76e4740,python):2023-03-16-15:03:38.997.673 [mindspore_federated/fl_arch/ccsrc/common/communicator/tcp_server.cc:204] Stop] Stop tcp server!
[INFO] FEDERATED(190624,7f4ac76e4740,python):2023-03-16-15:03:38.997.680 [mindspore_federated/fl_arch/ccsrc/common/communicator/tcp_client.cc:146] Stop] Stop tcp client!
[INFO] FEDERATED(190624,7f4ac76e4740,python):2023-03-16-15:03:38.997.686 [mindspore_federated/fl_arch/ccsrc/common/communicator/tcp_client.cc:146] Stop] Stop tcp client!
[INFO] FEDERATED(190624,7f4ac76e4740,python):2023-03-16-15:03:38.997.691 [mindspore_federated/fl_arch/ccsrc/server/server_node.cc:55] Stop] End stop server node!
Traceback (most recent call last):
  File "./../../run_cloud.py", line 86, in <module>
    start_one_server()
  File "./../../run_cloud.py", line 69, in start_one_server
    job.run(feature_map)
  File "/home/walter/.local/lib/python3.8/site-packages/mindspore_federated/startup/federated_local.py", line 178, in run
    Federated_.start_federated_server(feature_list_cxx, recovery_iteration, self.after_started_callback,
RuntimeError: mindspore_federated/fl_arch/ccsrc/server/server.cc:373 InitAndLoadDistributedCache] Sync instance info with distributed cache failed, distributed_cache_address: 10.240.17.9:23456
[INFO] PIPELINE(190624,7f4ac76e4740,python):2023-03-16-15:03:39.016.499 [mindspore/ccsrc/pipeline/jit/init.cc:431] operator()] Start releasing dataset handles...
[INFO] PIPELINE(190624,7f4ac76e4740,python):2023-03-16-15:03:39.016.519 [mindspore/ccsrc/pipeline/jit/init.cc:434] operator()] End release dataset handles.
[INFO] PIPELINE(190624,7f4ac76e4740,python):2023-03-16-15:03:39.016.527 [mindspore/ccsrc/pipeline/jit/pipeline.cc:2010] ClearResAtexit] Pipeline clear all resource
[INFO] PIPELINE(190624,7f4ac76e4740,python):2023-03-16-15:03:39.016.642 [mindspore/ccsrc/pipeline/jit/pipeline.cc:260] RecordExitStatus] Status record: system exit.
[INFO] DEBUG(190624,7f4ac76e4740,python):2023-03-16-15:03:39.016.659 [mindspore/ccsrc/common/debug/env_config_parser.cc:153] ParseFromFile] The 'env_config_path' in 'mindspore.context.set_context(env_config_path={path})' is empty.
[INFO] ME(190624,7f4ac76e4740,python):2023-03-16-15:03:39.016.789 [mindspore/core/mindrt/src/actor/actormgr.cc:150] Finalize] mindrt Actors finish exiting.
[INFO] ME(190624,7f4ac76e4740,python):2023-03-16-15:03:39.016.800 [mindspore/core/mindrt/src/actor/actormgr.cc:153] Finalize] mindrt Threads finish exiting.
[INFO] ME(190624,7f4ac76e4740,python):2023-03-16-15:03:39.016.806 [mindspore/core/mindrt/src/actor/actormgr.cc:164] Finalize] mindrt IOMGRS finish exiting.
[INFO] PIPELINE(190624,7f4ac76e4740,python):2023-03-16-15:03:39.016.815 [mindspore/ccsrc/pipeline/jit/pipeline.cc:1892] ClearResPart1] Start clear kernel runtime...
[INFO] PIPELINE(190624,7f4ac76e4740,python):2023-03-16-15:03:39.016.824 [mindspore/ccsrc/pipeline/jit/pipeline.cc:1894] ClearResPart1] End clear kernel runtime.
[INFO] PIPELINE(190624,7f4ac76e4740,python):2023-03-16-15:03:39.016.829 [mindspore/ccsrc/pipeline/jit/pipeline.cc:1896] ClearResPart1] Start Finalize StreamSynchronizer...
[INFO] PIPELINE(190624,7f4ac76e4740,python):2023-03-16-15:03:39.016.837 [mindspore/ccsrc/pipeline/jit/pipeline.cc:1898] ClearResPart1] End Finalize StreamSynchronizer...
[INFO] PIPELINE(190624,7f4ac76e4740,python):2023-03-16-15:03:39.018.106 [mindspore/ccsrc/pipeline/jit/pipeline.cc:654] ClearRes] Clean executor resource!
[INFO] PIPELINE(190624,7f4ac76e4740,python):2023-03-16-15:03:39.018.115 [mindspore/ccsrc/pipeline/jit/pipeline.cc:1914] ClearResPart2] Start clear PyNativeExecutor...
[INFO] PIPELINE(190624,7f4ac76e4740,python):2023-03-16-15:03:39.018.132 [mindspore/ccsrc/pipeline/jit/pipeline.cc:1916] ClearResPart2] End clear PyNativeExecutor.
[INFO] PIPELINE(190624,7f4ac76e4740,python):2023-03-16-15:03:39.018.144 [mindspore/ccsrc/pipeline/jit/pipeline.cc:1928] ClearResPart2] Start clear ConfigManager...
[INFO] PIPELINE(190624,7f4ac76e4740,python):2023-03-16-15:03:39.018.150 [mindspore/ccsrc/pipeline/jit/pipeline.cc:1930] ClearResPart2] End clear ConfigManager.
[INFO] PIPELINE(190624,7f4ac76e4740,python):2023-03-16-15:03:39.018.155 [mindspore/ccsrc/pipeline/jit/pipeline.cc:1937] ClearResPart2] Start clear device context...
[INFO] PIPELINE(190624,7f4ac76e4740,python):2023-03-16-15:03:39.018.162 [mindspore/ccsrc/pipeline/jit/pipeline.cc:1939] ClearResPart2] End clear device context.
[INFO] PIPELINE(190624,7f4ac76e4740,python):2023-03-16-15:03:39.018.168 [mindspore/ccsrc/pipeline/jit/pipeline.cc:1941] ClearResPart2] Start clear AnalysisResultCacheMgr...
[INFO] PIPELINE(190624,7f4ac76e4740,python):2023-03-16-15:03:39.018.174 [mindspore/ccsrc/pipeline/jit/pipeline.cc:1943] ClearResPart2] End clear AnalysisResultCacheMgr.
[INFO] PIPELINE(190624,7f4ac76e4740,python):2023-03-16-15:03:39.018.179 [mindspore/ccsrc/pipeline/jit/pipeline.cc:1945] ClearResPart2] Start clear AnalysisContext...
[INFO] PIPELINE(190624,7f4ac76e4740,python):2023-03-16-15:03:39.018.185 [mindspore/ccsrc/pipeline/jit/pipeline.cc:1947] ClearResPart2] End clear AnalysisContext...
[INFO] PIPELINE(190624,7f4ac76e4740,python):2023-03-16-15:03:39.018.190 [mindspore/ccsrc/pipeline/jit/pipeline.cc:1949] ClearResPart2] Start clear AnalysisSchedule...
[INFO] PIPELINE(190624,7f4ac76e4740,python):2023-03-16-15:03:39.018.211 [mindspore/ccsrc/pipeline/jit/pipeline.cc:1951] ClearResPart2] End clear AnalysisSchedule...
[INFO] PIPELINE(190624,7f4ac76e4740,python):2023-03-16-15:03:39.018.217 [mindspore/ccsrc/pipeline/jit/pipeline.cc:1954] ClearResPart2] Start clear python_adapter...
[INFO] PIPELINE(190624,7f4ac76e4740,python):2023-03-16-15:03:39.018.223 [mindspore/ccsrc/pipeline/jit/pipeline.cc:1956] ClearResPart2] End clear python_adapter.
[INFO] DEBUG(190624,7f4ac76e4740,python):2023-03-16-15:03:39.018.231 [mindspore/ccsrc/debug/debugger/debugger.cc:95] Debugger] Debugger got device_target: GPU
[INFO] DEBUG(190624,7f4ac76e4740,python):2023-03-16-15:03:39.018.243 [mindspore/ccsrc/debug/debugger/debugger.cc:299] Reset] Release Debugger resource.
[INFO] PIPELINE(190624,7f4ac76e4740,python):2023-03-16-15:03:39.018.249 [mindspore/ccsrc/pipeline/jit/pipeline.cc:1966] ClearResPart3] Start clear ClearObjectCache...
[INFO] PIPELINE(190624,7f4ac76e4740,python):2023-03-16-15:03:39.018.254 [mindspore/ccsrc/pipeline/jit/pipeline.cc:1968] ClearResPart3] End clear ClearObjectCache...
[INFO] PIPELINE(190624,7f4ac76e4740,python):2023-03-16-15:03:39.018.260 [mindspore/ccsrc/pipeline/jit/pipeline.cc:1970] ClearResPart3] Start clear Parser...
[INFO] PIPELINE(190624,7f4ac76e4740,python):2023-03-16-15:03:39.018.265 [mindspore/ccsrc/pipeline/jit/pipeline.cc:1972] ClearResPart3] End clear Parser...
[INFO] PIPELINE(190624,7f4ac76e4740,python):2023-03-16-15:03:39.018.270 [mindspore/ccsrc/pipeline/jit/pipeline.cc:1974] ClearResPart3] Start ClearTraceStack...
[INFO] PIPELINE(190624,7f4ac76e4740,python):2023-03-16-15:03:39.018.281 [mindspore/ccsrc/pipeline/jit/pipeline.cc:1976] ClearResPart3] End ClearTraceStack...
[INFO] PIPELINE(190624,7f4ac76e4740,python):2023-03-16-15:03:39.018.287 [mindspore/ccsrc/pipeline/jit/pipeline.cc:1978] ClearResPart3] Start clear InterpretNodeRecorder...
[INFO] PIPELINE(190624,7f4ac76e4740,python):2023-03-16-15:03:39.018.292 [mindspore/ccsrc/pipeline/jit/pipeline.cc:1980] ClearResPart3] End clear InterpretNodeRecorder...
[INFO] PIPELINE(190624,7f4ac76e4740,python):2023-03-16-15:03:39.018.297 [mindspore/ccsrc/pipeline/jit/pipeline.cc:1982] ClearResPart3] Start clear parallel::entire_costgraph...
[INFO] PIPELINE(190624,7f4ac76e4740,python):2023-03-16-15:03:39.018.304 [mindspore/ccsrc/pipeline/jit/pipeline.cc:1984] ClearResPart3] End clear parallel::entire_costgraph...
[INFO] PIPELINE(190624,7f4ac76e4740,python):2023-03-16-15:03:39.018.309 [mindspore/ccsrc/pipeline/jit/pipeline.cc:1986] ClearResPart3] Start clear ProtobufLibrary...
[INFO] PIPELINE(190624,7f4ac76e4740,python):2023-03-16-15:03:39.018.382 [mindspore/ccsrc/pipeline/jit/pipeline.cc:1988] ClearResPart3] End clear ProtobufLibrary...
[INFO] PIPELINE(190624,7f4ac76e4740,python):2023-03-16-15:03:39.018.389 [mindspore/ccsrc/pipeline/jit/pipeline.cc:1992] ClearSingleton] Start clear singleton...
[INFO] PIPELINE(190624,7f4ac76e4740,python):2023-03-16-15:03:39.018.433 [mindspore/ccsrc/pipeline/jit/pipeline.cc:2006] ClearSingleton] End clear singleton.
[INFO] PIPELINE(190624,7f4ac76e4740,python):2023-03-16-15:03:39.018.439 [mindspore/ccsrc/pipeline/jit/pipeline.cc:2015] ClearResAtexit] Start unload dynamic lib...
[INFO] PIPELINE(190624,7f4ac76e4740,python):2023-03-16-15:03:39.018.450 [mindspore/ccsrc/pipeline/jit/pipeline.cc:2017] ClearResAtexit] End unload dynamic lib...
[INFO] FEDERATED(190624,7f4ac76e4740,python):2023-03-16-15:03:39.141.306 [mindspore_federated/fl_arch/ccsrc/common/communicator/tcp_client.cc:72] Stop] Stop tcp client event dispatch!
